#
# A fatal error has been detected by the Java Runtime Environment:
#
#  EXCEPTION_ACCESS_VIOLATION (0xc0000005) at pc=0x00007ffbcf1e8246, pid=20828, tid=9568
#
# JRE version: OpenJDK Runtime Environment Microsoft-25199 (11.0.12+7) (build 11.0.12+7)
# Java VM: OpenJDK 64-Bit Server VM Microsoft-25199 (11.0.12+7, mixed mode, tiered, compressed oops, g1 gc, windows-amd64)
# Problematic frame:
# C  [igxelpicd64.dll+0x18246]
#
# No core dump will be written. Minidumps are not enabled by default on client versions of Windows
#
# If you would like to submit a bug report, please visit:
#   https://github.com/microsoft/openjdk/issues
# The crash happened outside the Java Virtual Machine in native code.
# See problematic frame for where to report the bug.
#

---------------  S U M M A R Y ------------

Command Line: code.Code

Host: 11th Gen Intel(R) Core(TM) i7-1165G7 @ 2.80GHz, 8 cores, 7G,  Windows 10 , 64 bit Build 22621 (10.0.22621.3958)
Time: Wed Sep 18 13:34:45 2024 Central Daylight Time elapsed time: 4.804575 seconds (0d 0h 0m 4s)

---------------  T H R E A D  ---------------

Current thread (0x000001dffdc21000):  JavaThread "AWT-EventQueue-0" [_thread_in_native, id=9568, stack(0x0000001a34000000,0x0000001a34100000)]

Stack: [0x0000001a34000000,0x0000001a34100000],  sp=0x0000001a340b1620,  free space=709k
Native frames: (J=compiled Java code, j=interpreted, Vv=VM code, C=native code)
C  [igxelpicd64.dll+0x18246]

Java frames: (J=compiled Java code, j=interpreted, Vv=VM code)
j  jogamp.opengl.gl4.GL4bcImpl.dispatch_glDrawArrays1(IIIJ)V+0
j  jogamp.opengl.gl4.GL4bcImpl.glDrawArrays(III)V+45
j  code.Code.display(Lcom/jogamp/opengl/GLAutoDrawable;)V+476
j  jogamp.opengl.GLDrawableHelper.displayImpl(Lcom/jogamp/opengl/GLAutoDrawable;)V+62
j  jogamp.opengl.GLDrawableHelper.display(Lcom/jogamp/opengl/GLAutoDrawable;)V+2
j  com.jogamp.opengl.awt.GLCanvas$10.run()V+118
j  jogamp.opengl.GLDrawableHelper.invokeGLImpl(Lcom/jogamp/opengl/GLDrawable;Lcom/jogamp/opengl/GLContext;Ljava/lang/Runnable;Ljava/lang/Runnable;)V+205
j  jogamp.opengl.GLDrawableHelper.invokeGL(Lcom/jogamp/opengl/GLDrawable;Lcom/jogamp/opengl/GLContext;Ljava/lang/Runnable;Ljava/lang/Runnable;)V+75
j  com.jogamp.opengl.awt.GLCanvas$11.run()V+104
j  java.awt.event.InvocationEvent.dispatch()V+11 java.desktop@11.0.12
j  java.awt.EventQueue.dispatchEventImpl(Ljava/awt/AWTEvent;Ljava/lang/Object;)V+21 java.desktop@11.0.12
j  java.awt.EventQueue$4.run()Ljava/lang/Void;+32 java.desktop@11.0.12
j  java.awt.EventQueue$4.run()Ljava/lang/Object;+1 java.desktop@11.0.12
v  ~StubRoutines::call_stub
j  java.security.AccessController.doPrivileged(Ljava/security/PrivilegedAction;Ljava/security/AccessControlContext;)Ljava/lang/Object;+0 java.base@11.0.12
j  java.security.ProtectionDomain$JavaSecurityAccessImpl.doIntersectionPrivilege(Ljava/security/PrivilegedAction;Ljava/security/AccessControlContext;Ljava/security/AccessControlContext;)Ljava/lang/Object;+18 java.base@11.0.12
j  java.awt.EventQueue.dispatchEvent(Ljava/awt/AWTEvent;)V+46 java.desktop@11.0.12
j  java.awt.EventDispatchThread.pumpOneEventForFilters(I)V+78 java.desktop@11.0.12
j  java.awt.EventDispatchThread.pumpEventsForFilter(ILjava/awt/Conditional;Ljava/awt/EventFilter;)V+35 java.desktop@11.0.12
j  java.awt.EventDispatchThread.pumpEventsForHierarchy(ILjava/awt/Conditional;Ljava/awt/Component;)V+11 java.desktop@11.0.12
j  java.awt.EventDispatchThread.pumpEvents(ILjava/awt/Conditional;)V+4 java.desktop@11.0.12
j  java.awt.EventDispatchThread.pumpEvents(Ljava/awt/Conditional;)V+3 java.desktop@11.0.12
j  java.awt.EventDispatchThread.run()V+9 java.desktop@11.0.12
v  ~StubRoutines::call_stub

siginfo: EXCEPTION_ACCESS_VIOLATION (0xc0000005), reading address 0x000001df00000118


Register to memory mapping:

RIP=0x00007ffbcf1e8246 igxelpicd64.dll
RAX=0x0 is NULL
RBX=0x0 is NULL
RCX=0x0 is NULL
RDX=0x000001df00000110 is an unknown value
RSP=0x0000001a340b1620 is pointing into the stack for thread: 0x000001dffdc21000
RBP=0x0000001a340b1720 is pointing into the stack for thread: 0x000001dffdc21000
RSI=0x000001dffdf8dec0 points into unknown readable memory: 0x000001df8f000080 | 80 00 00 8f df 01 00 00
RDI=0x000001df8fd7b350 points into unknown readable memory: 0x00007ffbcfcb6e28 | 28 6e cb cf fb 7f 00 00
R8 =0x000001df00000000 is an unknown value
R9 =0x000001df924a0268 points into unknown readable memory: 0x020a600078080003 | 03 00 08 78 00 60 0a 02
R10=0x0 is NULL
R11=0x0 is NULL
R12=0x000001df8fd68e90 points into unknown readable memory: 0x0000000000000000 | 00 00 00 00 00 00 00 00
R13=0x000001df8f65cb40 points into unknown readable memory: 0x0000b13411000001 | 01 00 00 11 34 b1 00 00
R14=0x0 is NULL
R15=0x000001dffdfc35d0 points into unknown readable memory: 0x0000000000000000 | 00 00 00 00 00 00 00 00


Registers:
RAX=0x0000000000000000, RBX=0x0000000000000000, RCX=0x0000000000000000, RDX=0x000001df00000110
RSP=0x0000001a340b1620, RBP=0x0000001a340b1720, RSI=0x000001dffdf8dec0, RDI=0x000001df8fd7b350
R8 =0x000001df00000000, R9 =0x000001df924a0268, R10=0x0000000000000000, R11=0x0000000000000000
R12=0x000001df8fd68e90, R13=0x000001df8f65cb40, R14=0x0000000000000000, R15=0x000001dffdfc35d0
RIP=0x00007ffbcf1e8246, EFLAGS=0x0000000000010202

Top of Stack: (sp=0x0000001a340b1620)
0x0000001a340b1620:   000001dffdfc8290 000001df8f66e4e0
0x0000001a340b1630:   000001dffdf8dec0 000001df8f65d0b0
0x0000001a340b1640:   000001df8f65d0b0 000001dffdfce2b8
0x0000001a340b1650:   000001dffdfce2c4 000001dffdfce2d0
0x0000001a340b1660:   000001dffdfce2dc 000001dffdfce2e8
0x0000001a340b1670:   0000000000000001 0000000000000000
0x0000001a340b1680:   0000000000000000 0000000000000000
0x0000001a340b1690:   0000000000000000 0000000000000000
0x0000001a340b16a0:   0000000000000000 000001df8fd68e90
0x0000001a340b16b0:   000001dffdfb98d0 000001df8f671ae0
0x0000001a340b16c0:   0000000000000000 000001df00000000
0x0000001a340b16d0:   000001df8f671ae0 000001df8f6ddd68
0x0000001a340b16e0:   000001df924a0268 000001df925c01f0
0x0000001a340b16f0:   000001df8f6ddd78 000001df8f65cb40
0x0000001a340b1700:   0000000000000000 000001df8f609790
0x0000001a340b1710:   000001df8f65cb40 0000000000000000 

Instructions: (pc=0x00007ffbcf1e8246)
0x00007ffbcf1e8146:   49 03 d5 48 8b 5d 18 48 83 c3 04 4a 8d 1c d3 48
0x00007ffbcf1e8156:   81 fb 00 10 00 00 76 1b 48 85 d2 74 16 41 b8 08
0x00007ffbcf1e8166:   00 00 00 48 8b cb e8 cf e5 ff ff 4c 8b 55 70 44
0x00007ffbcf1e8176:   8b 5d a8 4c 8b 8d 10 0e 00 00 4d 85 c9 74 68 8b
0x00007ffbcf1e8186:   0b 8b d1 81 e2 ff 0f 00 00 48 c1 e9 10 81 e1 ff
0x00007ffbcf1e8196:   01 00 00 48 8b 05 68 34 ef 00 44 8b 04 c8 49 c1
0x00007ffbcf1e81a6:   e8 10 41 83 e0 3f 41 83 c0 03 41 83 e0 fc 8b 85
0x00007ffbcf1e81b6:   18 0e 00 00 48 8d 0c 40 41 89 14 89 45 89 44 89
0x00007ffbcf1e81c6:   04 8b 9d cc 00 00 00 41 89 5c 89 08 ff 85 18 0e
0x00007ffbcf1e81d6:   00 00 41 8d 04 10 3b 45 40 76 03 89 45 40 41 03
0x00007ffbcf1e81e6:   d8 89 9d cc 00 00 00 42 0f b6 84 97 59 05 00 00
0x00007ffbcf1e81f6:   a8 08 0f 85 f8 b7 93 00 49 0f be 84 3a 2e 05 00
0x00007ffbcf1e8206:   00 4c 8b 84 c5 e0 a5 04 00 4d 85 c0 0f 84 cb 4d
0x00007ffbcf1e8216:   00 00 8b 8e 80 17 04 00 41 8b db 83 f9 10 0f 83
0x00007ffbcf1e8226:   ce 3b 00 00 48 8d 14 cd 22 00 00 00 48 03 d1 4c
0x00007ffbcf1e8236:   8b 4d c0 4c 89 4d 08 49 8d 14 d0 48 85 d2 74 0d
0x00007ffbcf1e8246:   48 8b 52 08 48 85 d2 0f 85 ec a9 00 00 44 8b 5d
0x00007ffbcf1e8256:   60 41 ff c3 44 89 5d 60 ff c3 0f b6 87 ca 04 00
0x00007ffbcf1e8266:   00 44 3b d8 0f 82 1f fe ff ff 4c 8b 55 18 84 c0
0x00007ffbcf1e8276:   0f 84 d3 b7 93 00 44 8b 9d cc 00 00 00 4d 85 e4
0x00007ffbcf1e8286:   0f 84 34 4c 00 00 48 8b 05 4d 97 e0 00 83 b8 e0
0x00007ffbcf1e8296:   04 00 00 00 0f 84 20 4c 00 00 4c 8b 45 08 4d 85
0x00007ffbcf1e82a6:   c0 0f 84 13 4c 00 00 48 83 bd 10 0e 00 00 00 0f
0x00007ffbcf1e82b6:   84 05 4c 00 00 48 8b 86 48 53 03 00 48 89 45 70
0x00007ffbcf1e82c6:   8b 85 24 01 00 00 89 45 a8 83 bd c8 00 00 00 01
0x00007ffbcf1e82d6:   0f 85 e4 4b 00 00 83 bd 90 00 00 00 01 0f 82 d7
0x00007ffbcf1e82e6:   4b 00 00 41 80 bc 24 04 02 00 00 00 0f 84 c8 4b
0x00007ffbcf1e82f6:   00 00 41 80 7c 24 41 00 0f 85 bc 4b 00 00 49 8b
0x00007ffbcf1e8306:   84 24 38 02 00 00 48 8b 48 28 48 8b 51 20 8b 8e
0x00007ffbcf1e8316:   80 17 04 00 83 f9 10 0f 82 47 64 00 00 44 8d 49
0x00007ffbcf1e8326:   f0 41 8b c1 c1 e8 04 83 f8 03 0f 82 3b 7e 00 00
0x00007ffbcf1e8336:   48 8b 82 a8 05 00 00 48 85 c0 0f 84 40 7e 00 00 


Stack slot to memory mapping:
stack at sp + 0 slots: 0x000001dffdfc8290 points into unknown readable memory: 0x000001dffdfc8300 | 00 83 fc fd df 01 00 00
stack at sp + 1 slots: 0x000001df8f66e4e0 points into unknown readable memory: 0x000306a0780f0000 | 00 00 0f 78 a0 06 03 00
stack at sp + 2 slots: 0x000001dffdf8dec0 points into unknown readable memory: 0x000001df8f000080 | 80 00 00 8f df 01 00 00
stack at sp + 3 slots: 0x000001df8f65d0b0 points into unknown readable memory: 0x0000040278130002 | 02 00 13 78 02 04 00 00
stack at sp + 4 slots: 0x000001df8f65d0b0 points into unknown readable memory: 0x0000040278130002 | 02 00 13 78 02 04 00 00
stack at sp + 5 slots: 0x000001dffdfce2b8 points into unknown readable memory: 0x00000df800000001 | 01 00 00 00 f8 0d 00 00
stack at sp + 6 slots: 0x000001dffdfce2c4 points into unknown readable memory: 01 00 00 00
stack at sp + 7 slots: 0x000001dffdfce2d0 points into unknown readable memory: 0x0000000000000000 | 00 00 00 00 00 00 00 00


---------------  P R O C E S S  ---------------

Threads class SMR info:
_java_thread_list=0x000001df8f6a56b0, length=16, elements={
0x000001dffcb5f800, 0x000001dffcb62800, 0x000001dffd3f6000, 0x000001dffd3f9000,
0x000001dffd3fb000, 0x000001dffd3fc800, 0x000001dffd3a2000, 0x000001dffd3a6000,
0x000001dffd5a8000, 0x000001dffd9ce800, 0x000001dffd9c6000, 0x000001dffda46000,
0x000001dffdc21000, 0x000001dffdc1f800, 0x000001dffdc22000, 0x000001dffdc1e000
}

Java Threads: ( => current thread )
  0x000001dffcb5f800 JavaThread "Reference Handler" daemon [_thread_blocked, id=21224, stack(0x0000001a33300000,0x0000001a33400000)]
  0x000001dffcb62800 JavaThread "Finalizer" daemon [_thread_blocked, id=24488, stack(0x0000001a33400000,0x0000001a33500000)]
  0x000001dffd3f6000 JavaThread "Signal Dispatcher" daemon [_thread_blocked, id=20044, stack(0x0000001a33500000,0x0000001a33600000)]
  0x000001dffd3f9000 JavaThread "Attach Listener" daemon [_thread_blocked, id=14696, stack(0x0000001a33600000,0x0000001a33700000)]
  0x000001dffd3fb000 JavaThread "Service Thread" daemon [_thread_blocked, id=5644, stack(0x0000001a33700000,0x0000001a33800000)]
  0x000001dffd3fc800 JavaThread "C2 CompilerThread0" daemon [_thread_blocked, id=22116, stack(0x0000001a33800000,0x0000001a33900000)]
  0x000001dffd3a2000 JavaThread "C1 CompilerThread0" daemon [_thread_blocked, id=16136, stack(0x0000001a33900000,0x0000001a33a00000)]
  0x000001dffd3a6000 JavaThread "Sweeper thread" daemon [_thread_blocked, id=1452, stack(0x0000001a33a00000,0x0000001a33b00000)]
  0x000001dffd5a8000 JavaThread "Common-Cleaner" daemon [_thread_blocked, id=19860, stack(0x0000001a33c00000,0x0000001a33d00000)]
  0x000001dffd9ce800 JavaThread "Java2D Disposer" daemon [_thread_blocked, id=4420, stack(0x0000001a33d00000,0x0000001a33e00000)]
  0x000001dffd9c6000 JavaThread "AWT-Shutdown" [_thread_blocked, id=6944, stack(0x0000001a33e00000,0x0000001a33f00000)]
  0x000001dffda46000 JavaThread "AWT-Windows" daemon [_thread_in_native, id=15476, stack(0x0000001a33f00000,0x0000001a34000000)]
=>0x000001dffdc21000 JavaThread "AWT-EventQueue-0" [_thread_in_native, id=9568, stack(0x0000001a34000000,0x0000001a34100000)]
  0x000001dffdc1f800 JavaThread "main-SharedResourceRunner" daemon [_thread_blocked, id=10752, stack(0x0000001a34100000,0x0000001a34200000)]
  0x000001dffdc22000 JavaThread "main-AWTAnimator#00" [_thread_blocked, id=20600, stack(0x0000001a34b00000,0x0000001a34c00000)]
  0x000001dffdc1e000 JavaThread "DestroyJavaVM" [_thread_blocked, id=9800, stack(0x0000001a32c00000,0x0000001a32d00000)]

Other Threads:
  0x000001dffcb57800 VMThread "VM Thread" [stack: 0x0000001a33200000,0x0000001a33300000] [id=14012]
  0x000001dffd59d800 WatcherThread [stack: 0x0000001a33b00000,0x0000001a33c00000] [id=16364]
  0x000001dfeccd5800 GCTaskThread "GC Thread#0" [stack: 0x0000001a32d00000,0x0000001a32e00000] [id=17116]
  0x000001df8f799800 GCTaskThread "GC Thread#1" [stack: 0x0000001a34500000,0x0000001a34600000] [id=3352]
  0x000001df8f79a800 GCTaskThread "GC Thread#2" [stack: 0x0000001a34600000,0x0000001a34700000] [id=10156]
  0x000001df8f79b000 GCTaskThread "GC Thread#3" [stack: 0x0000001a34700000,0x0000001a34800000] [id=1916]
  0x000001df8f79b800 GCTaskThread "GC Thread#4" [stack: 0x0000001a34800000,0x0000001a34900000] [id=18488]
  0x000001df8f79d000 GCTaskThread "GC Thread#5" [stack: 0x0000001a34900000,0x0000001a34a00000] [id=24292]
  0x000001dffdbc3800 GCTaskThread "GC Thread#6" [stack: 0x0000001a34a00000,0x0000001a34b00000] [id=11732]
  0x000001df8fcea800 GCTaskThread "GC Thread#7" [stack: 0x0000001a34d00000,0x0000001a34e00000] [id=2068]
  0x000001dfecd05000 ConcurrentGCThread "G1 Main Marker" [stack: 0x0000001a32e00000,0x0000001a32f00000] [id=23148]
  0x000001dfecd09800 ConcurrentGCThread "G1 Conc#0" [stack: 0x0000001a32f00000,0x0000001a33000000] [id=2700]
  0x000001df8f7a0000 ConcurrentGCThread "G1 Conc#1" [stack: 0x0000001a34e00000,0x0000001a34f00000] [id=22896]
  0x000001dffc9c3800 ConcurrentGCThread "G1 Refine#0" [stack: 0x0000001a33000000,0x0000001a33100000] [id=16160]
  0x000001dffc9c4800 ConcurrentGCThread "G1 Young RemSet Sampling" [stack: 0x0000001a33100000,0x0000001a33200000] [id=24484]

Threads with active compile tasks:

VM state:not at safepoint (normal execution)

VM Mutex/Monitor currently owned by a thread: None

Heap address: 0x0000000083e00000, size: 1986 MB, Compressed Oops mode: 32-bit
Narrow klass base: 0x0000000000000000, Narrow klass shift: 3
Compressed class space size: 1073741824 Address: 0x0000000100000000

Heap:
 garbage-first heap   total 129024K, used 11579K [0x0000000083e00000, 0x0000000100000000)
  region size 1024K, 10 young (10240K), 5 survivors (5120K)
 Metaspace       used 22850K, capacity 23308K, committed 23472K, reserved 1071104K
  class space    used 1990K, capacity 2220K, committed 2304K, reserved 1048576K
Heap Regions: E=young(eden), S=young(survivor), O=old, HS=humongous(starts), HC=humongous(continues), CS=collection set, F=free, A=archive, TAMS=top-at-mark-start (previous, next)
|   0|0x0000000083e00000, 0x0000000083f00000, 0x0000000083f00000|100%|HS|  |TAMS 0x0000000083f00000, 0x0000000083e00000| Complete 
|   1|0x0000000083f00000, 0x0000000084000000, 0x0000000084000000|100%|HC|  |TAMS 0x0000000084000000, 0x0000000083f00000| Complete 
|   2|0x0000000084000000, 0x0000000084100000, 0x0000000084100000|100%|HC|  |TAMS 0x0000000084100000, 0x0000000084000000| Complete 
|   3|0x0000000084100000, 0x0000000084100000, 0x0000000084200000|  0%| F|  |TAMS 0x0000000084100000, 0x0000000084100000| Untracked 
|   4|0x0000000084200000, 0x0000000084200000, 0x0000000084300000|  0%| F|  |TAMS 0x0000000084200000, 0x0000000084200000| Untracked 
|   5|0x0000000084300000, 0x0000000084300000, 0x0000000084400000|  0%| F|  |TAMS 0x0000000084300000, 0x0000000084300000| Untracked 
|   6|0x0000000084400000, 0x0000000084400000, 0x0000000084500000|  0%| F|  |TAMS 0x0000000084400000, 0x0000000084400000| Untracked 
|   7|0x0000000084500000, 0x0000000084500000, 0x0000000084600000|  0%| F|  |TAMS 0x0000000084500000, 0x0000000084500000| Untracked 
|   8|0x0000000084600000, 0x0000000084600000, 0x0000000084700000|  0%| F|  |TAMS 0x0000000084600000, 0x0000000084600000| Untracked 
|   9|0x0000000084700000, 0x0000000084700000, 0x0000000084800000|  0%| F|  |TAMS 0x0000000084700000, 0x0000000084700000| Untracked 
|  10|0x0000000084800000, 0x0000000084800000, 0x0000000084900000|  0%| F|  |TAMS 0x0000000084800000, 0x0000000084800000| Untracked 
|  11|0x0000000084900000, 0x0000000084900000, 0x0000000084a00000|  0%| F|  |TAMS 0x0000000084900000, 0x0000000084900000| Untracked 
|  12|0x0000000084a00000, 0x0000000084a00000, 0x0000000084b00000|  0%| F|  |TAMS 0x0000000084a00000, 0x0000000084a00000| Untracked 
|  13|0x0000000084b00000, 0x0000000084b00000, 0x0000000084c00000|  0%| F|  |TAMS 0x0000000084b00000, 0x0000000084b00000| Untracked 
|  14|0x0000000084c00000, 0x0000000084c00000, 0x0000000084d00000|  0%| F|  |TAMS 0x0000000084c00000, 0x0000000084c00000| Untracked 
|  15|0x0000000084d00000, 0x0000000084d00000, 0x0000000084e00000|  0%| F|  |TAMS 0x0000000084d00000, 0x0000000084d00000| Untracked 
|  16|0x0000000084e00000, 0x0000000084e00000, 0x0000000084f00000|  0%| F|  |TAMS 0x0000000084e00000, 0x0000000084e00000| Untracked 
|  17|0x0000000084f00000, 0x0000000084f00000, 0x0000000085000000|  0%| F|  |TAMS 0x0000000084f00000, 0x0000000084f00000| Untracked 
|  18|0x0000000085000000, 0x0000000085000000, 0x0000000085100000|  0%| F|  |TAMS 0x0000000085000000, 0x0000000085000000| Untracked 
|  19|0x0000000085100000, 0x0000000085100000, 0x0000000085200000|  0%| F|  |TAMS 0x0000000085100000, 0x0000000085100000| Untracked 
|  20|0x0000000085200000, 0x0000000085200000, 0x0000000085300000|  0%| F|  |TAMS 0x0000000085200000, 0x0000000085200000| Untracked 
|  21|0x0000000085300000, 0x0000000085300000, 0x0000000085400000|  0%| F|  |TAMS 0x0000000085300000, 0x0000000085300000| Untracked 
|  22|0x0000000085400000, 0x0000000085400000, 0x0000000085500000|  0%| F|  |TAMS 0x0000000085400000, 0x0000000085400000| Untracked 
|  23|0x0000000085500000, 0x0000000085500000, 0x0000000085600000|  0%| F|  |TAMS 0x0000000085500000, 0x0000000085500000| Untracked 
|  24|0x0000000085600000, 0x0000000085600000, 0x0000000085700000|  0%| F|  |TAMS 0x0000000085600000, 0x0000000085600000| Untracked 
|  25|0x0000000085700000, 0x0000000085700000, 0x0000000085800000|  0%| F|  |TAMS 0x0000000085700000, 0x0000000085700000| Untracked 
|  26|0x0000000085800000, 0x0000000085800000, 0x0000000085900000|  0%| F|  |TAMS 0x0000000085800000, 0x0000000085800000| Untracked 
|  27|0x0000000085900000, 0x0000000085900000, 0x0000000085a00000|  0%| F|  |TAMS 0x0000000085900000, 0x0000000085900000| Untracked 
|  28|0x0000000085a00000, 0x0000000085a00000, 0x0000000085b00000|  0%| F|  |TAMS 0x0000000085a00000, 0x0000000085a00000| Untracked 
|  29|0x0000000085b00000, 0x0000000085b00000, 0x0000000085c00000|  0%| F|  |TAMS 0x0000000085b00000, 0x0000000085b00000| Untracked 
|  30|0x0000000085c00000, 0x0000000085c00000, 0x0000000085d00000|  0%| F|  |TAMS 0x0000000085c00000, 0x0000000085c00000| Untracked 
|  31|0x0000000085d00000, 0x0000000085d00000, 0x0000000085e00000|  0%| F|  |TAMS 0x0000000085d00000, 0x0000000085d00000| Untracked 
|  32|0x0000000085e00000, 0x0000000085e00000, 0x0000000085f00000|  0%| F|  |TAMS 0x0000000085e00000, 0x0000000085e00000| Untracked 
|  33|0x0000000085f00000, 0x0000000085f00000, 0x0000000086000000|  0%| F|  |TAMS 0x0000000085f00000, 0x0000000085f00000| Untracked 
|  34|0x0000000086000000, 0x0000000086000000, 0x0000000086100000|  0%| F|  |TAMS 0x0000000086000000, 0x0000000086000000| Untracked 
|  35|0x0000000086100000, 0x0000000086100000, 0x0000000086200000|  0%| F|  |TAMS 0x0000000086100000, 0x0000000086100000| Untracked 
|  36|0x0000000086200000, 0x0000000086200000, 0x0000000086300000|  0%| F|  |TAMS 0x0000000086200000, 0x0000000086200000| Untracked 
|  37|0x0000000086300000, 0x0000000086300000, 0x0000000086400000|  0%| F|  |TAMS 0x0000000086300000, 0x0000000086300000| Untracked 
|  38|0x0000000086400000, 0x0000000086400000, 0x0000000086500000|  0%| F|  |TAMS 0x0000000086400000, 0x0000000086400000| Untracked 
|  39|0x0000000086500000, 0x0000000086500000, 0x0000000086600000|  0%| F|  |TAMS 0x0000000086500000, 0x0000000086500000| Untracked 
|  40|0x0000000086600000, 0x0000000086600000, 0x0000000086700000|  0%| F|  |TAMS 0x0000000086600000, 0x0000000086600000| Untracked 
|  41|0x0000000086700000, 0x0000000086700000, 0x0000000086800000|  0%| F|  |TAMS 0x0000000086700000, 0x0000000086700000| Untracked 
|  42|0x0000000086800000, 0x0000000086800000, 0x0000000086900000|  0%| F|  |TAMS 0x0000000086800000, 0x0000000086800000| Untracked 
|  43|0x0000000086900000, 0x0000000086900000, 0x0000000086a00000|  0%| F|  |TAMS 0x0000000086900000, 0x0000000086900000| Untracked 
|  44|0x0000000086a00000, 0x0000000086a00000, 0x0000000086b00000|  0%| F|  |TAMS 0x0000000086a00000, 0x0000000086a00000| Untracked 
|  45|0x0000000086b00000, 0x0000000086b00000, 0x0000000086c00000|  0%| F|  |TAMS 0x0000000086b00000, 0x0000000086b00000| Untracked 
|  46|0x0000000086c00000, 0x0000000086c00000, 0x0000000086d00000|  0%| F|  |TAMS 0x0000000086c00000, 0x0000000086c00000| Untracked 
|  47|0x0000000086d00000, 0x0000000086d00000, 0x0000000086e00000|  0%| F|  |TAMS 0x0000000086d00000, 0x0000000086d00000| Untracked 
|  48|0x0000000086e00000, 0x0000000086e00000, 0x0000000086f00000|  0%| F|  |TAMS 0x0000000086e00000, 0x0000000086e00000| Untracked 
|  49|0x0000000086f00000, 0x0000000086f00000, 0x0000000087000000|  0%| F|  |TAMS 0x0000000086f00000, 0x0000000086f00000| Untracked 
|  50|0x0000000087000000, 0x0000000087000000, 0x0000000087100000|  0%| F|  |TAMS 0x0000000087000000, 0x0000000087000000| Untracked 
|  51|0x0000000087100000, 0x0000000087100000, 0x0000000087200000|  0%| F|  |TAMS 0x0000000087100000, 0x0000000087100000| Untracked 
|  52|0x0000000087200000, 0x0000000087200000, 0x0000000087300000|  0%| F|  |TAMS 0x0000000087200000, 0x0000000087200000| Untracked 
|  53|0x0000000087300000, 0x0000000087300000, 0x0000000087400000|  0%| F|  |TAMS 0x0000000087300000, 0x0000000087300000| Untracked 
|  54|0x0000000087400000, 0x0000000087400000, 0x0000000087500000|  0%| F|  |TAMS 0x0000000087400000, 0x0000000087400000| Untracked 
|  55|0x0000000087500000, 0x0000000087500000, 0x0000000087600000|  0%| F|  |TAMS 0x0000000087500000, 0x0000000087500000| Untracked 
|  56|0x0000000087600000, 0x0000000087600000, 0x0000000087700000|  0%| F|  |TAMS 0x0000000087600000, 0x0000000087600000| Untracked 
|  57|0x0000000087700000, 0x0000000087700000, 0x0000000087800000|  0%| F|  |TAMS 0x0000000087700000, 0x0000000087700000| Untracked 
|  58|0x0000000087800000, 0x0000000087800000, 0x0000000087900000|  0%| F|  |TAMS 0x0000000087800000, 0x0000000087800000| Untracked 
|  59|0x0000000087900000, 0x0000000087900000, 0x0000000087a00000|  0%| F|  |TAMS 0x0000000087900000, 0x0000000087900000| Untracked 
|  60|0x0000000087a00000, 0x0000000087a00000, 0x0000000087b00000|  0%| F|  |TAMS 0x0000000087a00000, 0x0000000087a00000| Untracked 
|  61|0x0000000087b00000, 0x0000000087b00000, 0x0000000087c00000|  0%| F|  |TAMS 0x0000000087b00000, 0x0000000087b00000| Untracked 
|  62|0x0000000087c00000, 0x0000000087c00000, 0x0000000087d00000|  0%| F|  |TAMS 0x0000000087c00000, 0x0000000087c00000| Untracked 
|  63|0x0000000087d00000, 0x0000000087d00000, 0x0000000087e00000|  0%| F|  |TAMS 0x0000000087d00000, 0x0000000087d00000| Untracked 
|  64|0x0000000087e00000, 0x0000000087e00000, 0x0000000087f00000|  0%| F|  |TAMS 0x0000000087e00000, 0x0000000087e00000| Untracked 
|  65|0x0000000087f00000, 0x0000000087f00000, 0x0000000088000000|  0%| F|  |TAMS 0x0000000087f00000, 0x0000000087f00000| Untracked 
|  66|0x0000000088000000, 0x0000000088000000, 0x0000000088100000|  0%| F|  |TAMS 0x0000000088000000, 0x0000000088000000| Untracked 
|  67|0x0000000088100000, 0x0000000088100000, 0x0000000088200000|  0%| F|  |TAMS 0x0000000088100000, 0x0000000088100000| Untracked 
|  68|0x0000000088200000, 0x0000000088200000, 0x0000000088300000|  0%| F|  |TAMS 0x0000000088200000, 0x0000000088200000| Untracked 
|  69|0x0000000088300000, 0x0000000088300000, 0x0000000088400000|  0%| F|  |TAMS 0x0000000088300000, 0x0000000088300000| Untracked 
|  70|0x0000000088400000, 0x0000000088400000, 0x0000000088500000|  0%| F|  |TAMS 0x0000000088400000, 0x0000000088400000| Untracked 
|  71|0x0000000088500000, 0x0000000088500000, 0x0000000088600000|  0%| F|  |TAMS 0x0000000088500000, 0x0000000088500000| Untracked 
|  72|0x0000000088600000, 0x0000000088600000, 0x0000000088700000|  0%| F|  |TAMS 0x0000000088600000, 0x0000000088600000| Untracked 
|  73|0x0000000088700000, 0x0000000088700000, 0x0000000088800000|  0%| F|  |TAMS 0x0000000088700000, 0x0000000088700000| Untracked 
|  74|0x0000000088800000, 0x0000000088800000, 0x0000000088900000|  0%| F|  |TAMS 0x0000000088800000, 0x0000000088800000| Untracked 
|  75|0x0000000088900000, 0x0000000088900000, 0x0000000088a00000|  0%| F|  |TAMS 0x0000000088900000, 0x0000000088900000| Untracked 
|  76|0x0000000088a00000, 0x0000000088a00000, 0x0000000088b00000|  0%| F|  |TAMS 0x0000000088a00000, 0x0000000088a00000| Untracked 
|  77|0x0000000088b00000, 0x0000000088b00000, 0x0000000088c00000|  0%| F|  |TAMS 0x0000000088b00000, 0x0000000088b00000| Untracked 
|  78|0x0000000088c00000, 0x0000000088c00000, 0x0000000088d00000|  0%| F|  |TAMS 0x0000000088c00000, 0x0000000088c00000| Untracked 
|  79|0x0000000088d00000, 0x0000000088d00000, 0x0000000088e00000|  0%| F|  |TAMS 0x0000000088d00000, 0x0000000088d00000| Untracked 
|  80|0x0000000088e00000, 0x0000000088e00000, 0x0000000088f00000|  0%| F|  |TAMS 0x0000000088e00000, 0x0000000088e00000| Untracked 
|  81|0x0000000088f00000, 0x0000000088f00000, 0x0000000089000000|  0%| F|  |TAMS 0x0000000088f00000, 0x0000000088f00000| Untracked 
|  82|0x0000000089000000, 0x0000000089000000, 0x0000000089100000|  0%| F|  |TAMS 0x0000000089000000, 0x0000000089000000| Untracked 
|  83|0x0000000089100000, 0x0000000089100000, 0x0000000089200000|  0%| F|  |TAMS 0x0000000089100000, 0x0000000089100000| Untracked 
|  84|0x0000000089200000, 0x0000000089200000, 0x0000000089300000|  0%| F|  |TAMS 0x0000000089200000, 0x0000000089200000| Untracked 
|  85|0x0000000089300000, 0x0000000089300000, 0x0000000089400000|  0%| F|  |TAMS 0x0000000089300000, 0x0000000089300000| Untracked 
|  86|0x0000000089400000, 0x0000000089400000, 0x0000000089500000|  0%| F|  |TAMS 0x0000000089400000, 0x0000000089400000| Untracked 
|  87|0x0000000089500000, 0x0000000089500000, 0x0000000089600000|  0%| F|  |TAMS 0x0000000089500000, 0x0000000089500000| Untracked 
|  88|0x0000000089600000, 0x0000000089600000, 0x0000000089700000|  0%| F|  |TAMS 0x0000000089600000, 0x0000000089600000| Untracked 
|  89|0x0000000089700000, 0x0000000089700000, 0x0000000089800000|  0%| F|  |TAMS 0x0000000089700000, 0x0000000089700000| Untracked 
|  90|0x0000000089800000, 0x0000000089800000, 0x0000000089900000|  0%| F|  |TAMS 0x0000000089800000, 0x0000000089800000| Untracked 
|  91|0x0000000089900000, 0x0000000089900000, 0x0000000089a00000|  0%| F|  |TAMS 0x0000000089900000, 0x0000000089900000| Untracked 
|  92|0x0000000089a00000, 0x0000000089a00000, 0x0000000089b00000|  0%| F|  |TAMS 0x0000000089a00000, 0x0000000089a00000| Untracked 
|  93|0x0000000089b00000, 0x0000000089b00000, 0x0000000089c00000|  0%| F|  |TAMS 0x0000000089b00000, 0x0000000089b00000| Untracked 
|  94|0x0000000089c00000, 0x0000000089c00000, 0x0000000089d00000|  0%| F|  |TAMS 0x0000000089c00000, 0x0000000089c00000| Untracked 
|  95|0x0000000089d00000, 0x0000000089d00000, 0x0000000089e00000|  0%| F|  |TAMS 0x0000000089d00000, 0x0000000089d00000| Untracked 
|  96|0x0000000089e00000, 0x0000000089e00000, 0x0000000089f00000|  0%| F|  |TAMS 0x0000000089e00000, 0x0000000089e00000| Untracked 
|  97|0x0000000089f00000, 0x0000000089f00000, 0x000000008a000000|  0%| F|  |TAMS 0x0000000089f00000, 0x0000000089f00000| Untracked 
|  98|0x000000008a000000, 0x000000008a000000, 0x000000008a100000|  0%| F|  |TAMS 0x000000008a000000, 0x000000008a000000| Untracked 
|  99|0x000000008a100000, 0x000000008a100000, 0x000000008a200000|  0%| F|  |TAMS 0x000000008a100000, 0x000000008a100000| Untracked 
| 100|0x000000008a200000, 0x000000008a200000, 0x000000008a300000|  0%| F|  |TAMS 0x000000008a200000, 0x000000008a200000| Untracked 
| 101|0x000000008a300000, 0x000000008a300000, 0x000000008a400000|  0%| F|  |TAMS 0x000000008a300000, 0x000000008a300000| Untracked 
| 102|0x000000008a400000, 0x000000008a400000, 0x000000008a500000|  0%| F|  |TAMS 0x000000008a400000, 0x000000008a400000| Untracked 
| 103|0x000000008a500000, 0x000000008a500000, 0x000000008a600000|  0%| F|  |TAMS 0x000000008a500000, 0x000000008a500000| Untracked 
| 104|0x000000008a600000, 0x000000008a600000, 0x000000008a700000|  0%| F|  |TAMS 0x000000008a600000, 0x000000008a600000| Untracked 
| 105|0x000000008a700000, 0x000000008a700000, 0x000000008a800000|  0%| F|  |TAMS 0x000000008a700000, 0x000000008a700000| Untracked 
| 106|0x000000008a800000, 0x000000008a800000, 0x000000008a900000|  0%| F|  |TAMS 0x000000008a800000, 0x000000008a800000| Untracked 
| 107|0x000000008a900000, 0x000000008a900000, 0x000000008aa00000|  0%| F|  |TAMS 0x000000008a900000, 0x000000008a900000| Untracked 
| 108|0x000000008aa00000, 0x000000008aa00000, 0x000000008ab00000|  0%| F|  |TAMS 0x000000008aa00000, 0x000000008aa00000| Untracked 
| 109|0x000000008ab00000, 0x000000008ab4eca0, 0x000000008ac00000| 30%| S|CS|TAMS 0x000000008ab00000, 0x000000008ab00000| Complete 
| 110|0x000000008ac00000, 0x000000008ad00000, 0x000000008ad00000|100%| S|CS|TAMS 0x000000008ac00000, 0x000000008ac00000| Complete 
| 111|0x000000008ad00000, 0x000000008ae00000, 0x000000008ae00000|100%| S|CS|TAMS 0x000000008ad00000, 0x000000008ad00000| Complete 
| 112|0x000000008ae00000, 0x000000008af00000, 0x000000008af00000|100%| S|CS|TAMS 0x000000008ae00000, 0x000000008ae00000| Complete 
| 113|0x000000008af00000, 0x000000008b000000, 0x000000008b000000|100%| S|CS|TAMS 0x000000008af00000, 0x000000008af00000| Complete 
| 114|0x000000008b000000, 0x000000008b000000, 0x000000008b100000|  0%| F|  |TAMS 0x000000008b000000, 0x000000008b000000| Untracked 
| 115|0x000000008b100000, 0x000000008b100000, 0x000000008b200000|  0%| F|  |TAMS 0x000000008b100000, 0x000000008b100000| Untracked 
| 116|0x000000008b200000, 0x000000008b200000, 0x000000008b300000|  0%| F|  |TAMS 0x000000008b200000, 0x000000008b200000| Untracked 
| 117|0x000000008b300000, 0x000000008b300000, 0x000000008b400000|  0%| F|  |TAMS 0x000000008b300000, 0x000000008b300000| Untracked 
| 118|0x000000008b400000, 0x000000008b400000, 0x000000008b500000|  0%| F|  |TAMS 0x000000008b400000, 0x000000008b400000| Untracked 
| 119|0x000000008b500000, 0x000000008b500000, 0x000000008b600000|  0%| F|  |TAMS 0x000000008b500000, 0x000000008b500000| Untracked 
| 120|0x000000008b600000, 0x000000008b600000, 0x000000008b700000|  0%| F|  |TAMS 0x000000008b600000, 0x000000008b600000| Untracked 
| 121|0x000000008b700000, 0x000000008b780800, 0x000000008b800000| 50%| E|  |TAMS 0x000000008b700000, 0x000000008b700000| Complete 
| 122|0x000000008b800000, 0x000000008b900000, 0x000000008b900000|100%| E|CS|TAMS 0x000000008b800000, 0x000000008b800000| Complete 
| 123|0x000000008b900000, 0x000000008ba00000, 0x000000008ba00000|100%| E|CS|TAMS 0x000000008b900000, 0x000000008b900000| Complete 
| 124|0x000000008ba00000, 0x000000008bb00000, 0x000000008bb00000|100%| E|CS|TAMS 0x000000008ba00000, 0x000000008ba00000| Complete 
| 125|0x000000008bb00000, 0x000000008bc00000, 0x000000008bc00000|100%| E|CS|TAMS 0x000000008bb00000, 0x000000008bb00000| Complete 

Card table byte_map: [0x000001dff5af0000,0x000001dff5ee0000] _byte_map_base: 0x000001dff56d1000

Marking Bits (Prev, Next): (CMBitMap*) 0x000001dfeccfc8d0, (CMBitMap*) 0x000001dfeccfc898
 Prev Bits: [0x000001dff81e0000, 0x000001dffa0e8000)
 Next Bits: [0x000001dff62d0000, 0x000001dff81d8000)

Polling page: 0x000001dfec490000

Metaspace:

Usage:
  Non-class:     20.59 MB capacity,    20.37 MB ( 99%) used,   176.25 KB ( <1%) free+waste,    51.94 KB ( <1%) overhead. 
      Class:      2.17 MB capacity,     1.94 MB ( 90%) used,   204.33 KB (  9%) free+waste,    25.38 KB (  1%) overhead. 
       Both:     22.76 MB capacity,    22.31 MB ( 98%) used,   380.58 KB (  2%) free+waste,    77.31 KB ( <1%) overhead. 

Virtual space:
  Non-class space:       22.00 MB reserved,      20.67 MB ( 94%) committed 
      Class space:        1.00 GB reserved,       2.25 MB ( <1%) committed 
             Both:        1.02 GB reserved,      22.92 MB (  2%) committed 

Chunk freelists:
   Non-Class:  80.00 KB
       Class:  20.00 KB
        Both:  100.00 KB

MaxMetaspaceSize: 17179869184.00 GB
CompressedClassSpaceSize: 1.00 GB
Initial GC threshold: 20.80 MB
Current GC threshold: 35.08 MB
CDS: off

CodeHeap 'non-profiled nmethods': size=120000Kb used=536Kb max_used=536Kb free=119463Kb
 bounds [0x000001df87ad0000, 0x000001df87d40000, 0x000001df8f000000]
CodeHeap 'profiled nmethods': size=120000Kb used=2861Kb max_used=2861Kb free=117138Kb
 bounds [0x000001df805a0000, 0x000001df80870000, 0x000001df87ad0000]
CodeHeap 'non-nmethods': size=5760Kb used=1596Kb max_used=1608Kb free=4163Kb
 bounds [0x000001df80000000, 0x000001df80270000, 0x000001df805a0000]
 total_blobs=2494 nmethods=1520 adapters=887
 compilation: enabled
              stopped_count=0, restarted_count=0
 full_count=0

Compilation events (20 events):
Event: 4.785 Thread 0x000001dffd3a2000 1505       3       jogamp.opengl.gl4.GL4bcImpl::glBindBuffer (54 bytes)
Event: 4.785 Thread 0x000001dffd3a2000 nmethod 1505 0x000001df80861410 code [0x000001df808616c0, 0x000001df80862288]
Event: 4.785 Thread 0x000001dffd3a2000 1507       3       jogamp.opengl.GLBufferStateTracker::getBoundBufferObject (221 bytes)
Event: 4.786 Thread 0x000001dffd3a2000 nmethod 1507 0x000001df80862710 code [0x000001df80862940, 0x000001df80862e98]
Event: 4.786 Thread 0x000001dffd3a2000 1508       3       com.jogamp.common.util.IntIntHashMap::get (52 bytes)
Event: 4.786 Thread 0x000001dffd3a2000 nmethod 1508 0x000001df80863110 code [0x000001df808632e0, 0x000001df80863518]
Event: 4.786 Thread 0x000001dffd3a2000 1509       3       jogamp.opengl.gl4.GL4bcImpl::glVertexAttribPointer (61 bytes)
Event: 4.786 Thread 0x000001dffd3a2000 nmethod 1509 0x000001df80863690 code [0x000001df80863940, 0x000001df80864548]
Event: 4.786 Thread 0x000001dffd3a2000 1510       3       jogamp.opengl.gl4.GL4bcImpl::checkArrayVBOBound (36 bytes)
Event: 4.786 Thread 0x000001dffd3a2000 nmethod 1510 0x000001df80864990 code [0x000001df80864b60, 0x000001df80864d48]
Event: 4.786 Thread 0x000001dffd3a2000 1511       3       jogamp.opengl.gl4.GL4bcImpl::checkBufferObject (187 bytes)
Event: 4.787 Thread 0x000001dffd3a2000 nmethod 1511 0x000001df80864e10 code [0x000001df808651a0, 0x000001df80866658]
Event: 4.787 Thread 0x000001dffd3a2000 1513       3       jogamp.opengl.gl4.GL4bcImpl::glEnableVertexAttribArray (44 bytes)
Event: 4.787 Thread 0x000001dffd3a2000 nmethod 1513 0x000001df80866d10 code [0x000001df80866fa0, 0x000001df80867b18]
Event: 4.787 Thread 0x000001dffd3a2000 1515       3       jogamp.opengl.gl4.GL4bcImpl::glEnable (44 bytes)
Event: 4.788 Thread 0x000001dffd3a2000 nmethod 1515 0x000001df80867f10 code [0x000001df808681a0, 0x000001df80868cf8]
Event: 4.788 Thread 0x000001dffd3a2000 1517       3       jogamp.opengl.gl4.GL4bcImpl::glDepthFunc (44 bytes)
Event: 4.788 Thread 0x000001dffd3a2000 nmethod 1517 0x000001df80869110 code [0x000001df808693a0, 0x000001df80869ef8]
Event: 4.788 Thread 0x000001dffd3a2000 1519       3       jogamp.opengl.gl4.GL4bcImpl::glDrawArrays (49 bytes)
Event: 4.788 Thread 0x000001dffd3a2000 nmethod 1519 0x000001df8086a310 code [0x000001df8086a5a0, 0x000001df8086b0f8]

GC Heap History (4 events):
Event: 1.164 GC heap before
{Heap before GC invocations=0 (full 0):
 garbage-first heap   total 129024K, used 24576K [0x0000000083e00000, 0x0000000100000000)
  region size 1024K, 24 young (24576K), 0 survivors (0K)
 Metaspace       used 18197K, capacity 18615K, committed 19072K, reserved 1067008K
  class space    used 1607K, capacity 1805K, committed 1920K, reserved 1048576K
}
Event: 1.198 GC heap after
{Heap after GC invocations=1 (full 0):
 garbage-first heap   total 129024K, used 2908K [0x0000000083e00000, 0x0000000100000000)
  region size 1024K, 3 young (3072K), 3 survivors (3072K)
 Metaspace       used 18197K, capacity 18615K, committed 19072K, reserved 1067008K
  class space    used 1607K, capacity 1805K, committed 1920K, reserved 1048576K
}
Event: 1.547 GC heap before
{Heap before GC invocations=1 (full 0):
 garbage-first heap   total 129024K, used 17244K [0x0000000083e00000, 0x0000000100000000)
  region size 1024K, 15 young (15360K), 3 survivors (3072K)
 Metaspace       used 20726K, capacity 21109K, committed 21296K, reserved 1069056K
  class space    used 1886K, capacity 2085K, committed 2176K, reserved 1048576K
}
Event: 1.551 GC heap after
{Heap after GC invocations=2 (full 0):
 garbage-first heap   total 129024K, used 7483K [0x0000000083e00000, 0x0000000100000000)
  region size 1024K, 5 young (5120K), 5 survivors (5120K)
 Metaspace       used 20726K, capacity 21109K, committed 21296K, reserved 1069056K
  class space    used 1886K, capacity 2085K, committed 2176K, reserved 1048576K
}

Deoptimization events (20 events):
Event: 1.560 Thread 0x000001dffdc21000 DEOPT PACKING pc=0x000001df87b1fe28 sp=0x0000001a340fcbc0
Event: 1.560 Thread 0x000001dffdc21000 DEOPT UNPACKING pc=0x000001df800085af sp=0x0000001a340fcb30 mode 2
Event: 1.560 Thread 0x000001dffdc21000 Uncommon trap: trap_request=0xffffff4d fr.pc=0x000001df87aff078 relative=0x0000000000000058
Event: 1.560 Thread 0x000001dffdc21000 Uncommon trap: reason=unstable_if action=reinterpret pc=0x000001df87aff078 method=java.lang.AbstractStringBuilder.isLatin1()Z @ 10 c2
Event: 1.560 Thread 0x000001dffdc21000 DEOPT PACKING pc=0x000001df87aff078 sp=0x0000001a340fcad0
Event: 1.560 Thread 0x000001dffdc21000 DEOPT UNPACKING pc=0x000001df800085af sp=0x0000001a340fca60 mode 2
Event: 1.560 Thread 0x000001dffdc21000 Uncommon trap: trap_request=0xffffff4d fr.pc=0x000001df87b0daec relative=0x00000000000000cc
Event: 1.560 Thread 0x000001dffdc21000 Uncommon trap: reason=unstable_if action=reinterpret pc=0x000001df87b0daec method=java.lang.String.getBytes([BIB)V @ 5 c2
Event: 1.560 Thread 0x000001dffdc21000 DEOPT PACKING pc=0x000001df87b0daec sp=0x0000001a340fcae0
Event: 1.560 Thread 0x000001dffdc21000 DEOPT UNPACKING pc=0x000001df800085af sp=0x0000001a340fcaa8 mode 2
Event: 1.560 Thread 0x000001dffdc21000 Uncommon trap: trap_request=0xffffff4d fr.pc=0x000001df87b24bc0 relative=0x0000000000000380
Event: 1.560 Thread 0x000001dffdc21000 Uncommon trap: reason=unstable_if action=reinterpret pc=0x000001df87b24bc0 method=java.lang.AbstractStringBuilder.isLatin1()Z @ 10 c2
Event: 1.560 Thread 0x000001dffdc21000 DEOPT PACKING pc=0x000001df87b24bc0 sp=0x0000001a340fcc40
Event: 1.560 Thread 0x000001dffdc21000 DEOPT UNPACKING pc=0x000001df800085af sp=0x0000001a340fcbc0 mode 2
Event: 1.564 Thread 0x000001dffdc21000 DEOPT PACKING pc=0x000001df807c939b sp=0x0000001a340fcb80
Event: 1.564 Thread 0x000001dffdc21000 DEOPT UNPACKING pc=0x000001df80049d0e sp=0x0000001a340fbff0 mode 0
Event: 2.269 Thread 0x000001dffdc21000 Uncommon trap: trap_request=0xffffff64 fr.pc=0x000001df87b483f8 relative=0x0000000000000058
Event: 2.269 Thread 0x000001dffdc21000 Uncommon trap: reason=speculate_null_check action=make_not_entrant pc=0x000001df87b483f8 method=sun.misc.Unsafe.putLong(Ljava/lang/Object;JJ)V @ 7 c2
Event: 2.269 Thread 0x000001dffdc21000 DEOPT PACKING pc=0x000001df87b483f8 sp=0x0000001a340fcef0
Event: 2.269 Thread 0x000001dffdc21000 DEOPT UNPACKING pc=0x000001df800085af sp=0x0000001a340fce68 mode 2

Classes redefined (0 events):
No events

Internal exceptions (20 events):
Event: 0.250 Thread 0x000001dfeccbc800 Exception <a 'java/lang/NoSuchMethodError'{0x000000008b6c3ff0}: 'java.lang.Object java.lang.invoke.DirectMethodHandle$Holder.invokeStatic(java.lang.Object, int, java.lang.Object, java.lang.Object, java.lang.Object)'> (0x000000008b6c3ff0) thrown at [./src/hotspot/share/interpreter/linkResolver.cpp, line 773]
Event: 0.250 Thread 0x000001dfeccbc800 Exception <a 'java/lang/NoSuchMethodError'{0x000000008b6c7b38}: 'java.lang.Object java.lang.invoke.DirectMethodHandle$Holder.invokeSpecial(java.lang.Object, java.lang.Object, int, java.lang.Object, java.lang.Object, java.lang.Object)'> (0x000000008b6c7b38) thrown at [./src/hotspot/share/interpreter/linkResolver.cpp, line 773]
Event: 0.252 Thread 0x000001dfeccbc800 Exception <a 'java/lang/NoSuchMethodError'{0x000000008b6df418}: 'java.lang.Object java.lang.invoke.DirectMethodHandle$Holder.invokeStatic(java.lang.Object, int, java.lang.Object)'> (0x000000008b6df418) thrown at [./src/hotspot/share/interpreter/linkResolver.cpp, line 773]
Event: 0.265 Thread 0x000001dfeccbc800 Exception <a 'java/lang/ClassNotFoundException'{0x000000008b58a0d8}: com/sun/swing/internal/plaf/metal/resources/spi/metalProvider> (0x000000008b58a0d8) thrown at [./src/hotspot/share/classfile/systemDictionary.cpp, line 231]
Event: 0.266 Thread 0x000001dfeccbc800 Exception <a 'java/lang/ClassNotFoundException'{0x000000008b58e368}: com/sun/swing/internal/plaf/basic/resources/spi/basicProvider> (0x000000008b58e368) thrown at [./src/hotspot/share/classfile/systemDictionary.cpp, line 231]
Event: 0.283 Thread 0x000001dfeccbc800 Exception <a 'java/lang/NoSuchMethodError'{0x000000008b412cb0}: 'int java.lang.invoke.DirectMethodHandle$Holder.invokeSpecialIFC(java.lang.Object, java.lang.Object, int)'> (0x000000008b412cb0) thrown at [./src/hotspot/share/interpreter/linkResolver.cpp, line 773]
Event: 0.353 Thread 0x000001dfeccbc800 Exception <a 'java/lang/NoSuchMethodError'{0x000000008b2f9d28}: 'java.lang.Object java.lang.invoke.DirectMethodHandle$Holder.invokeStatic(java.lang.Object, int, int, int, int)'> (0x000000008b2f9d28) thrown at [./src/hotspot/share/interpreter/linkResolver.cpp, line 773]
Event: 0.354 Thread 0x000001dfeccbc800 Exception <a 'java/lang/NoSuchMethodError'{0x000000008b2fd118}: 'java.lang.Object java.lang.invoke.DirectMethodHandle$Holder.invokeStaticInit(java.lang.Object, int, int, int, int)'> (0x000000008b2fd118) thrown at [./src/hotspot/share/interpreter/linkResolver.cpp, line 773]
Event: 0.639 Thread 0x000001dfeccbc800 Exception <a 'java/lang/NoSuchMethodError'{0x000000008b1b5138}: 'java.lang.Object java.lang.invoke.DirectMethodHandle$Holder.invokeStatic(java.lang.Object, java.lang.Object, int, int, int, int)'> (0x000000008b1b5138) thrown at [./src/hotspot/share/interpreter/linkResolver.cpp, line 773]
Event: 0.642 Thread 0x000001dfeccbc800 Exception <a 'java/lang/NoSuchMethodError'{0x000000008b1b84d0}: 'java.lang.Object java.lang.invoke.DirectMethodHandle$Holder.invokeStaticInit(java.lang.Object, java.lang.Object, int, int, int, int)'> (0x000000008b1b84d0) thrown at [./src/hotspot/share/interpreter/linkResolver.cpp, line 773]
Event: 0.682 Thread 0x000001dfeccbc800 Exception <a 'java/lang/NoSuchMethodError'{0x000000008b1c3d80}: 'void java.lang.invoke.DirectMethodHandle$Holder.invokeStatic(java.lang.Object, long)'> (0x000000008b1c3d80) thrown at [./src/hotspot/share/interpreter/linkResolver.cpp, line 773]
Event: 0.683 Thread 0x000001dfeccbc800 Exception <a 'java/lang/NoSuchMethodError'{0x000000008b1c8f98}: 'java.lang.Object java.lang.invoke.DirectMethodHandle$Holder.invokeStatic(java.lang.Object, long)'> (0x000000008b1c8f98) thrown at [./src/hotspot/share/interpreter/linkResolver.cpp, line 773]
Event: 0.684 Thread 0x000001dfeccbc800 Exception <a 'java/lang/NoSuchMethodError'{0x000000008b1d70b8}: 'java.lang.Object java.lang.invoke.DirectMethodHandle$Holder.invokeStaticInit(java.lang.Object, java.lang.Object, long, java.lang.Object)'> (0x000000008b1d70b8) thrown at [./src/hotspot/share/interpreter/linkResolver.cpp, line 773]
Event: 0.684 Thread 0x000001dfeccbc800 Exception <a 'java/lang/NoSuchMethodError'{0x000000008b1dcf68}: 'java.lang.Object java.lang.invoke.DirectMethodHandle$Holder.invokeStatic(java.lang.Object, java.lang.Object, long)'> (0x000000008b1dcf68) thrown at [./src/hotspot/share/interpreter/linkResolver.cpp, line 773]
Event: 0.684 Thread 0x000001dfeccbc800 Exception <a 'java/lang/NoSuchMethodError'{0x000000008b1e3238}: 'java.lang.Object java.lang.invoke.Invokers$Holder.linkToTargetMethod(java.lang.Object, long, java.lang.Object)'> (0x000000008b1e3238) thrown at [./src/hotspot/share/interpreter/linkResolver.cpp, line 773]
Event: 1.378 Thread 0x000001dfeccbc800 Exception <a 'java/lang/NoSuchMethodError'{0x000000008b325630}: 'void java.lang.invoke.DirectMethodHandle$Holder.invokeStaticInit(java.lang.Object)'> (0x000000008b325630) thrown at [./src/hotspot/share/interpreter/linkResolver.cpp, line 773]
Event: 1.408 Thread 0x000001dfeccbc800 Exception <a 'java/lang/NoSuchMethodError'{0x000000008b2ec828}: 'java.lang.Object java.lang.invoke.DirectMethodHandle$Holder.invokeStatic(java.lang.Object, java.lang.Object, java.lang.Object, java.lang.Object, java.lang.Object, java.lang.Object, java.lang.Object, java.lang.Object, java.lang.Object, java.lang.Object, java.lang.Object, int)'> (0x000000008b2ec828) thrown at [./src/hotspot/share/interpreter/linkResolver.cpp, line 773]
Event: 1.409 Thread 0x000001dfeccbc800 Exception <a 'java/lang/NoSuchMethodError'{0x000000008b10aec8}: 'java.lang.Object java.lang.invoke.DirectMethodHandle$Holder.invokeStatic(java.lang.Object, java.lang.Object, java.lang.Object, java.lang.Object, java.lang.Object, java.lang.Object, java.lang.Object, java.lang.Object, java.lang.Object, java.lang.Object, java.lang.Object, int, int)'> (0x000000008b10aec8) thrown at [./src/hotspot/share/interpreter/linkResolver.cpp, line 773]
Event: 1.410 Thread 0x000001dfeccbc800 Exception <a 'java/lang/NoSuchMethodError'{0x000000008b129e60}: 'java.lang.Object java.lang.invoke.DirectMethodHandle$Holder.invokeStatic(java.lang.Object, java.lang.Object, java.lang.Object, java.lang.Object, java.lang.Object, java.lang.Object, java.lang.Object, java.lang.Object, java.lang.Object, java.lang.Object, java.lang.Object, int, int, java.lang.Object)'> (0x000000008b129e60) thrown at [./src/hotspot/share/interpreter/linkResolver.cpp, line 773]
Event: 1.411 Thread 0x000001dfeccbc800 Exception <a 'java/lang/NoSuchMethodError'{0x000000008b135eb8}: 'java.lang.Object java.lang.invoke.Invokers$Holder.linkToTargetMethod(java.lang.Object, int, java.lang.Object)'> (0x000000008b135eb8) thrown at [./src/hotspot/share/interpreter/linkResolver.cpp, line 773]

Events (20 events):
Event: 1.822 loading class jdk/internal/reflect/ClassFileAssembler
Event: 1.822 loading class jdk/internal/reflect/ClassFileAssembler done
Event: 1.822 loading class jdk/internal/reflect/UTF8
Event: 1.822 loading class jdk/internal/reflect/UTF8 done
Event: 1.822 loading class jdk/internal/reflect/Label
Event: 1.822 loading class jdk/internal/reflect/Label done
Event: 1.822 loading class jdk/internal/reflect/Label$PatchInfo
Event: 1.822 loading class jdk/internal/reflect/Label$PatchInfo done
Event: 1.822 loading class jdk/internal/reflect/MethodAccessorGenerator$1
Event: 1.822 loading class jdk/internal/reflect/MethodAccessorGenerator$1 done
Event: 1.822 loading class jdk/internal/reflect/ClassDefiner
Event: 1.822 loading class jdk/internal/reflect/ClassDefiner done
Event: 1.822 loading class jdk/internal/reflect/ClassDefiner$1
Event: 1.822 loading class jdk/internal/reflect/ClassDefiner$1 done
Event: 1.886 Executing VM operation: BulkRevokeBias
Event: 1.886 Executing VM operation: BulkRevokeBias done
Event: 2.104 Loaded shared library C:\Program Files\Microsoft\jdk-11.0.12.7-hotspot\bin\java.dll
Event: 2.218 Executing VM operation: BulkRevokeBias
Event: 2.218 Executing VM operation: BulkRevokeBias done
Event: 4.687 Loaded shared library C:\Users\Owner\AppData\Local\Temp\jogamp_0000\file_cache\jln3338889132571921100\jln1206002789775390153\natives\windows-amd64\jogl_desktop.dll


Dynamic libraries:
0x00007ff7497a0000 - 0x00007ff7497ad000 	C:\Program Files\Microsoft\jdk-11.0.12.7-hotspot\bin\java.EXE
0x00007ffc3d7f0000 - 0x00007ffc3da07000 	C:\WINDOWS\SYSTEM32\ntdll.dll
0x00007ffc3d4b0000 - 0x00007ffc3d574000 	C:\WINDOWS\System32\KERNEL32.DLL
0x00007ffc3aca0000 - 0x00007ffc3b04d000 	C:\WINDOWS\System32\KERNELBASE.dll
0x00007ffc3b210000 - 0x00007ffc3b321000 	C:\WINDOWS\System32\ucrtbase.dll
0x00007ffc30540000 - 0x00007ffc30555000 	C:\Program Files\Microsoft\jdk-11.0.12.7-hotspot\bin\VCRUNTIME140.dll
0x00007ffc2fbe0000 - 0x00007ffc2fbf7000 	C:\Program Files\Microsoft\jdk-11.0.12.7-hotspot\bin\jli.dll
0x00007ffc3cb70000 - 0x00007ffc3cd1e000 	C:\WINDOWS\System32\USER32.dll
0x00007ffc3b1e0000 - 0x00007ffc3b206000 	C:\WINDOWS\System32\win32u.dll
0x00007ffc1cd20000 - 0x00007ffc1cfb3000 	C:\WINDOWS\WinSxS\amd64_microsoft.windows.common-controls_6595b64144ccf1df_6.0.22621.3672_none_2713b9d173822955\COMCTL32.dll
0x00007ffc3cfb0000 - 0x00007ffc3d057000 	C:\WINDOWS\System32\msvcrt.dll
0x00007ffc3d580000 - 0x00007ffc3d5a9000 	C:\WINDOWS\System32\GDI32.dll
0x00007ffc3ab80000 - 0x00007ffc3ac99000 	C:\WINDOWS\System32\gdi32full.dll
0x00007ffc3b050000 - 0x00007ffc3b0ea000 	C:\WINDOWS\System32\msvcp_win.dll
0x00007ffc3cd30000 - 0x00007ffc3cd61000 	C:\WINDOWS\System32\IMM32.DLL
0x00007ffc2dca0000 - 0x00007ffc2dd3b000 	C:\Program Files\Microsoft\jdk-11.0.12.7-hotspot\bin\msvcp140.dll
0x00007ffbd52e0000 - 0x00007ffbd5e41000 	C:\Program Files\Microsoft\jdk-11.0.12.7-hotspot\bin\server\jvm.dll
0x00007ffc3d5b0000 - 0x00007ffc3d662000 	C:\WINDOWS\System32\ADVAPI32.dll
0x00007ffc3d3e0000 - 0x00007ffc3d489000 	C:\WINDOWS\System32\sechost.dll
0x00007ffc3b0f0000 - 0x00007ffc3b118000 	C:\WINDOWS\System32\bcrypt.dll
0x00007ffc3ce90000 - 0x00007ffc3cfa4000 	C:\WINDOWS\System32\RPCRT4.dll
0x00007ffc3d670000 - 0x00007ffc3d678000 	C:\WINDOWS\System32\PSAPI.DLL
0x00007ffc266e0000 - 0x00007ffc266ea000 	C:\WINDOWS\SYSTEM32\VERSION.dll
0x00007ffc377a0000 - 0x00007ffc377a9000 	C:\WINDOWS\SYSTEM32\WSOCK32.dll
0x00007ffc34a10000 - 0x00007ffc34a44000 	C:\WINDOWS\SYSTEM32\WINMM.dll
0x00007ffc3c360000 - 0x00007ffc3c3d1000 	C:\WINDOWS\System32\WS2_32.dll
0x00007ffc39b00000 - 0x00007ffc39b18000 	C:\WINDOWS\SYSTEM32\kernel.appcore.dll
0x00007ffc34f60000 - 0x00007ffc34f70000 	C:\Program Files\Microsoft\jdk-11.0.12.7-hotspot\bin\verify.dll
0x00007ffc38270000 - 0x00007ffc384a2000 	C:\WINDOWS\SYSTEM32\DBGHELP.DLL
0x00007ffc3b680000 - 0x00007ffc3ba0e000 	C:\WINDOWS\System32\combase.dll
0x00007ffc3ba10000 - 0x00007ffc3bae7000 	C:\WINDOWS\System32\OLEAUT32.dll
0x00007ffc15b70000 - 0x00007ffc15ba2000 	C:\WINDOWS\SYSTEM32\dbgcore.DLL
0x00007ffc3b330000 - 0x00007ffc3b3ab000 	C:\WINDOWS\System32\bcryptPrimitives.dll
0x00007ffc2f7d0000 - 0x00007ffc2f7f8000 	C:\Program Files\Microsoft\jdk-11.0.12.7-hotspot\bin\java.dll
0x00007ffc34b20000 - 0x00007ffc34b2a000 	C:\Program Files\Microsoft\jdk-11.0.12.7-hotspot\bin\jimage.dll
0x00007ffc2f7b0000 - 0x00007ffc2f7c7000 	C:\Program Files\Microsoft\jdk-11.0.12.7-hotspot\bin\zip.dll
0x00007ffc3baf0000 - 0x00007ffc3c357000 	C:\WINDOWS\System32\SHELL32.dll
0x00007ffc38a90000 - 0x00007ffc3938f000 	C:\WINDOWS\SYSTEM32\windows.storage.dll
0x00007ffc38950000 - 0x00007ffc38a8f000 	C:\WINDOWS\SYSTEM32\wintypes.dll
0x00007ffc3b580000 - 0x00007ffc3b679000 	C:\WINDOWS\System32\SHCORE.dll
0x00007ffc3cb10000 - 0x00007ffc3cb6e000 	C:\WINDOWS\System32\shlwapi.dll
0x00007ffc3aa40000 - 0x00007ffc3aa67000 	C:\WINDOWS\SYSTEM32\profapi.dll
0x00007ffc2ece0000 - 0x00007ffc2ecf9000 	C:\Program Files\Microsoft\jdk-11.0.12.7-hotspot\bin\net.dll
0x00007ffc36330000 - 0x00007ffc36466000 	C:\WINDOWS\SYSTEM32\WINHTTP.dll
0x00007ffc39fd0000 - 0x00007ffc3a039000 	C:\WINDOWS\system32\mswsock.dll
0x00007ffc2e100000 - 0x00007ffc2e112000 	C:\Program Files\Microsoft\jdk-11.0.12.7-hotspot\bin\nio.dll
0x00007ffc0a830000 - 0x00007ffc0a9c9000 	C:\Program Files\Microsoft\jdk-11.0.12.7-hotspot\bin\awt.dll
0x00007ffc31ae0000 - 0x00007ffc31b77000 	C:\WINDOWS\SYSTEM32\apphelp.dll
0x00007ffc37e00000 - 0x00007ffc37e2b000 	C:\WINDOWS\system32\DWMAPI.DLL
0x00007ffc37b70000 - 0x00007ffc37c21000 	C:\WINDOWS\system32\uxtheme.dll
0x00007ffc15fe0000 - 0x00007ffc160e0000 	C:\WINDOWS\system32\opengl32.dll
0x00007ffc1eb40000 - 0x00007ffc1eb6d000 	C:\WINDOWS\SYSTEM32\GLU32.dll
0x00007ffc37c90000 - 0x00007ffc37cc7000 	C:\WINDOWS\SYSTEM32\dxcore.dll
0x00007ffc3d220000 - 0x00007ffc3d37e000 	C:\WINDOWS\System32\MSCTF.dll
0x00007ffc3c950000 - 0x00007ffc3caf5000 	C:\WINDOWS\System32\ole32.dll
0x00007ffc3a220000 - 0x00007ffc3a23b000 	C:\WINDOWS\SYSTEM32\CRYPTSP.dll
0x00007ffc39ac0000 - 0x00007ffc39af5000 	C:\WINDOWS\system32\rsaenh.dll
0x00007ffc3a0c0000 - 0x00007ffc3a0e8000 	C:\WINDOWS\SYSTEM32\USERENV.dll
0x00007ffc3a240000 - 0x00007ffc3a24c000 	C:\WINDOWS\SYSTEM32\CRYPTBASE.dll
0x00007ffc395f0000 - 0x00007ffc3961d000 	C:\WINDOWS\SYSTEM32\IPHLPAPI.DLL
0x00007ffc3cd20000 - 0x00007ffc3cd29000 	C:\WINDOWS\System32\NSI.dll
0x00007ffc36100000 - 0x00007ffc36119000 	C:\WINDOWS\SYSTEM32\dhcpcsvc6.DLL
0x00007ffc35f50000 - 0x00007ffc35f6f000 	C:\WINDOWS\SYSTEM32\dhcpcsvc.DLL
0x00007ffc39620000 - 0x00007ffc39718000 	C:\WINDOWS\SYSTEM32\DNSAPI.dll
0x00007ffc20130000 - 0x00007ffc20143000 	C:\Users\Owner\AppData\Local\Temp\jogamp_0000\file_cache\jln3338889132571921100\jln1206002789775390153\natives\windows-amd64\gluegen_rt.dll
0x00007ffc310f0000 - 0x00007ffc310f7000 	C:\Program Files\Microsoft\jdk-11.0.12.7-hotspot\bin\jawt.dll
0x00007ffc37800000 - 0x00007ffc3780d000 	C:\Users\Owner\AppData\Local\Temp\jogamp_0000\file_cache\jln3338889132571921100\jln1206002789775390153\natives\windows-amd64\nativewindow_awt.dll
0x00007ffc20110000 - 0x00007ffc20125000 	C:\Users\Owner\AppData\Local\Temp\jogamp_0000\file_cache\jln3338889132571921100\jln1206002789775390153\natives\windows-amd64\nativewindow_win32.dll
0x00007ffc1c7f0000 - 0x00007ffc1c873000 	C:\Users\Owner\AppData\Local\Temp\jogamp_0000\file_cache\jln3338889132571921100\jln1206002789775390153\natives\windows-amd64\jogl_desktop.dll
0x00007ffc1c790000 - 0x00007ffc1c7e2000 	C:\Users\Owner\AppData\Local\Temp\jogamp_0000\file_cache\jln3338889132571921100\jln1206002789775390153\natives\windows-amd64\jogl_mobile.dll
0x00007ffc2f310000 - 0x00007ffc2f359000 	C:\WINDOWS\SYSTEM32\directxdatabasehelper.dll
0x00007ffc3d700000 - 0x00007ffc3d7b0000 	C:\WINDOWS\System32\clbcatq.dll
0x00007ffc35260000 - 0x00007ffc353a2000 	C:\Windows\System32\AppXDeploymentClient.dll
0x00007ffbcf1d0000 - 0x00007ffbd01b3000 	C:\Windows\System32\DriverStore\FileRepository\iigd_dch.inf_amd64_e7a66f741a7f70e8\igxelpicd64.dll
0x00007ffc37cd0000 - 0x00007ffc37dc7000 	C:\WINDOWS\system32\dxgi.dll
0x00007ffbdb410000 - 0x00007ffbdb81d000 	C:\Windows\System32\DriverStore\FileRepository\iigd_dch.inf_amd64_e7a66f741a7f70e8\igdml64.dll
0x00007ffc2bc70000 - 0x00007ffc2c035000 	C:\Windows\System32\DriverStore\FileRepository\iigd_dch.inf_amd64_e7a66f741a7f70e8\igdgmm64.dll
0x00007ffc287a0000 - 0x00007ffc2bc63000 	C:\Windows\System32\DriverStore\FileRepository\iigd_dch.inf_amd64_e7a66f741a7f70e8\igc64.dll
0x00007ffc3a3c0000 - 0x00007ffc3a40d000 	C:\WINDOWS\SYSTEM32\powrprof.dll
0x00007ffc3a3a0000 - 0x00007ffc3a3b3000 	C:\WINDOWS\SYSTEM32\UMPDC.dll
0x00007ffc1ff90000 - 0x00007ffc20016000 	C:\Program Files\Microsoft\jdk-11.0.12.7-hotspot\bin\freetype.dll
0x00007ffc207d0000 - 0x00007ffc207e2000 	C:\Program Files\Microsoft\jdk-11.0.12.7-hotspot\bin\fontmanager.dll
0x00007ffc1dfd0000 - 0x00007ffc1e08c000 	C:\Program Files\Microsoft\jdk-11.0.12.7-hotspot\bin\harfbuzz.dll
0x00007ffc2da30000 - 0x00007ffc2db73000 	C:\WINDOWS\SYSTEM32\textinputframework.dll
0x00007ffc1c230000 - 0x00007ffc1c299000 	C:\WINDOWS\system32\Oleacc.dll
0x00007ffc1d060000 - 0x00007ffc1d0ab000 	C:\WINDOWS\system32\ApplicationTargetedFeatureDatabase.dll
0x00007ffc342d0000 - 0x00007ffc3455a000 	C:\Windows\System32\twinapi.appcore.dll
0x00007ffc316d0000 - 0x00007ffc31803000 	C:\WINDOWS\SYSTEM32\CoreMessaging.dll
0x00007ffc2efa0000 - 0x00007ffc2f30d000 	C:\WINDOWS\SYSTEM32\CoreUIComponents.dll

dbghelp: loaded successfully - version: 4.0.5 - missing functions: none
symbol engine: initialized successfully - sym options: 0x614 - pdb path: .;C:\Program Files\Microsoft\jdk-11.0.12.7-hotspot\bin;C:\WINDOWS\SYSTEM32;C:\WINDOWS\WinSxS\amd64_microsoft.windows.common-controls_6595b64144ccf1df_6.0.22621.3672_none_2713b9d173822955;C:\Program Files\Microsoft\jdk-11.0.12.7-hotspot\bin\server;C:\Users\Owner\AppData\Local\Temp\jogamp_0000\file_cache\jln3338889132571921100\jln1206002789775390153\natives\windows-amd64;C:\Windows\System32\DriverStore\FileRepository\iigd_dch.inf_amd64_e7a66f741a7f70e8

VM Arguments:
java_command: code.Code
java_class_path (initial): ;.;C:\JOGL\jogamp-all-platforms\jar\jogl-all.jar;C:\JOML\JOML-1.10.8;C:\JOGL\jogamp-all-platforms\jar\gluegen-rt.jar;C:\JOML\joml-1.10.0.jar;;C:\Program Files (x86)\jGRASP\extensions\classes
Launcher Type: SUN_STANDARD

[Global flags]
     intx CICompilerCount                          = 4                                         {product} {ergonomic}
     uint ConcGCThreads                            = 2                                         {product} {ergonomic}
     uint G1ConcRefinementThreads                  = 8                                         {product} {ergonomic}
   size_t G1HeapRegionSize                         = 1048576                                   {product} {ergonomic}
    uintx GCDrainStackTargetSize                   = 64                                        {product} {ergonomic}
   size_t InitialHeapSize                          = 132120576                                 {product} {ergonomic}
   size_t MarkStackSize                            = 4194304                                   {product} {ergonomic}
   size_t MaxHeapSize                              = 2082471936                                {product} {ergonomic}
   size_t MaxNewSize                               = 1248854016                                {product} {ergonomic}
   size_t MinHeapDeltaBytes                        = 1048576                                   {product} {ergonomic}
    uintx NonNMethodCodeHeapSize                   = 5836300                                {pd product} {ergonomic}
    uintx NonProfiledCodeHeapSize                  = 122910970                              {pd product} {ergonomic}
    uintx ProfiledCodeHeapSize                     = 122910970                              {pd product} {ergonomic}
    uintx ReservedCodeCacheSize                    = 251658240                              {pd product} {ergonomic}
     bool SegmentedCodeCache                       = true                                      {product} {ergonomic}
     bool UseCompressedClassPointers               = true                                 {lp64_product} {ergonomic}
     bool UseCompressedOops                        = true                                 {lp64_product} {ergonomic}
     bool UseG1GC                                  = true                                      {product} {ergonomic}
     bool UseLargePagesIndividualAllocation        = false                                  {pd product} {ergonomic}

Logging:
Log output configuration:
 #0: stdout all=warning uptime,level,tags
 #1: stderr all=off uptime,level,tags

Environment Variables:
CLASSPATH=;.;C:\JOGL\jogamp-all-platforms\jar\jogl-all.jar;C:\JOML\JOML-1.10.8;C:\JOGL\jogamp-all-platforms\jar\gluegen-rt.jar;C:\JOML\joml-1.10.0.jar;;C:\Program Files (x86)\jGRASP\extensions\classes
PATH=;C:\Program Files\Microsoft\jdk-11.0.12.7-hotspot\bin;C:\Program Files\Microsoft\jdk-11.0.12.7-hotspot\bin;C:\Windows\system32;C:\Windows;C:\Windows\System32\Wbem;C:\Windows\System32\WindowsPowerShell\v1.0\;C:\Windows\System32\OpenSSH\;C:\Program Files\Microsoft SQL Server\150\Tools\Binn\;C:\Program Files\Microsoft SQL Server\Client SDK\ODBC\170\Tools\Binn\;C:\Program Files\Polyspace\R2021a\runtime\win64;C:\Program Files\Polyspace\R2021a\bin;C:\Program Files\Polyspace\R2021a\polyspace\bin;C:\WINDOWS\system32;C:\WINDOWS;C:\WINDOWS\System32\Wbem;C:\WINDOWS\System32\WindowsPowerShell\v1.0\;C:\WINDOWS\System32\OpenSSH\;C:\Program Files\dotnet\;C:\Program Files\PuTTY\;C:\Users\Owner\AppData\Local\Programs\Python\Python312\Scripts\;C:\Users\Owner\AppData\Local\Programs\Python\Python312\;C:\Users\Owner\AppData\Local\Programs\Python\Launcher\;C:\Users\Owner\AppData\Local\Microsoft\WindowsApps;C:\Users\Owner\.dotnet\tools;C:\Users\Owner\AppData\Local\Programs\Microsoft VS Code\bin
USERNAME=Owner
OS=Windows_NT
PROCESSOR_IDENTIFIER=Intel64 Family 6 Model 140 Stepping 1, GenuineIntel



---------------  S Y S T E M  ---------------

OS: Windows 10 , 64 bit Build 22621 (10.0.22621.3958)
OS uptime: 2 days 0:38 hours

CPU:total 8 (initial active 8) (4 cores per cpu, 2 threads per core) family 6 model 140 stepping 1 microcode 0x9a, cmov, cx8, fxsr, mmx, sse, sse2, sse3, ssse3, sse4.1, sse4.2, popcnt, avx, avx2, aes, clmul, erms, 3dnowpref, lzcnt, ht, tsc, tscinvbit, bmi1, bmi2, adx, evex, sha, fma

Memory: 4k page, system-wide physical 7937M (2392M free)
TotalPageFile size 11777M (AvailPageFile size 4339M)
current process WorkingSet (physical memory assigned to process): 236M, peak: 236M
current process commit charge ("private bytes"): 324M, peak: 331M

vm_info: OpenJDK 64-Bit Server VM (11.0.12+7) for windows-amd64 JRE (11.0.12+7), built on Jul 21 2021 15:41:43 by "" with unknown MS VC++:1916

END.
