#
# A fatal error has been detected by the Java Runtime Environment:
#
#  EXCEPTION_ACCESS_VIOLATION (0xc0000005) at pc=0x00007ffbcf1f2f8d, pid=2096, tid=18448
#
# JRE version: OpenJDK Runtime Environment Microsoft-25199 (11.0.12+7) (build 11.0.12+7)
# Java VM: OpenJDK 64-Bit Server VM Microsoft-25199 (11.0.12+7, mixed mode, tiered, compressed oops, g1 gc, windows-amd64)
# Problematic frame:
# C  [igxelpicd64.dll+0x22f8d]
#
# No core dump will be written. Minidumps are not enabled by default on client versions of Windows
#
# If you would like to submit a bug report, please visit:
#   https://github.com/microsoft/openjdk/issues
# The crash happened outside the Java Virtual Machine in native code.
# See problematic frame for where to report the bug.
#

---------------  S U M M A R Y ------------

Command Line: code.Code

Host: 11th Gen Intel(R) Core(TM) i7-1165G7 @ 2.80GHz, 8 cores, 7G,  Windows 10 , 64 bit Build 22621 (10.0.22621.3958)
Time: Wed Sep 18 13:42:47 2024 Central Daylight Time elapsed time: 1.791356 seconds (0d 0h 0m 1s)

---------------  T H R E A D  ---------------

Current thread (0x00000185e6835000):  JavaThread "AWT-EventQueue-0" [_thread_in_native, id=18448, stack(0x00000014f5e00000,0x00000014f5f00000)]

Stack: [0x00000014f5e00000,0x00000014f5f00000],  sp=0x00000014f5eb1470,  free space=709k
Native frames: (J=compiled Java code, j=interpreted, Vv=VM code, C=native code)
C  [igxelpicd64.dll+0x22f8d]

Java frames: (J=compiled Java code, j=interpreted, Vv=VM code)
j  jogamp.opengl.gl4.GL4bcImpl.dispatch_glDrawArrays1(IIIJ)V+0
j  jogamp.opengl.gl4.GL4bcImpl.glDrawArrays(III)V+45
j  code.Code.display(Lcom/jogamp/opengl/GLAutoDrawable;)V+488
j  jogamp.opengl.GLDrawableHelper.displayImpl(Lcom/jogamp/opengl/GLAutoDrawable;)V+62
j  jogamp.opengl.GLDrawableHelper.display(Lcom/jogamp/opengl/GLAutoDrawable;)V+2
j  com.jogamp.opengl.awt.GLCanvas$10.run()V+118
j  jogamp.opengl.GLDrawableHelper.invokeGLImpl(Lcom/jogamp/opengl/GLDrawable;Lcom/jogamp/opengl/GLContext;Ljava/lang/Runnable;Ljava/lang/Runnable;)V+205
j  jogamp.opengl.GLDrawableHelper.invokeGL(Lcom/jogamp/opengl/GLDrawable;Lcom/jogamp/opengl/GLContext;Ljava/lang/Runnable;Ljava/lang/Runnable;)V+75
j  com.jogamp.opengl.awt.GLCanvas$11.run()V+104
j  java.awt.event.InvocationEvent.dispatch()V+11 java.desktop@11.0.12
j  java.awt.EventQueue.dispatchEventImpl(Ljava/awt/AWTEvent;Ljava/lang/Object;)V+21 java.desktop@11.0.12
j  java.awt.EventQueue$4.run()Ljava/lang/Void;+32 java.desktop@11.0.12
j  java.awt.EventQueue$4.run()Ljava/lang/Object;+1 java.desktop@11.0.12
v  ~StubRoutines::call_stub
j  java.security.AccessController.doPrivileged(Ljava/security/PrivilegedAction;Ljava/security/AccessControlContext;)Ljava/lang/Object;+0 java.base@11.0.12
j  java.security.ProtectionDomain$JavaSecurityAccessImpl.doIntersectionPrivilege(Ljava/security/PrivilegedAction;Ljava/security/AccessControlContext;Ljava/security/AccessControlContext;)Ljava/lang/Object;+18 java.base@11.0.12
j  java.awt.EventQueue.dispatchEvent(Ljava/awt/AWTEvent;)V+46 java.desktop@11.0.12
j  java.awt.EventDispatchThread.pumpOneEventForFilters(I)V+78 java.desktop@11.0.12
j  java.awt.EventDispatchThread.pumpEventsForFilter(ILjava/awt/Conditional;Ljava/awt/EventFilter;)V+35 java.desktop@11.0.12
j  java.awt.EventDispatchThread.pumpEventsForHierarchy(ILjava/awt/Conditional;Ljava/awt/Component;)V+11 java.desktop@11.0.12
j  java.awt.EventDispatchThread.pumpEvents(ILjava/awt/Conditional;)V+4 java.desktop@11.0.12
j  java.awt.EventDispatchThread.pumpEvents(Ljava/awt/Conditional;)V+3 java.desktop@11.0.12
j  java.awt.EventDispatchThread.run()V+9 java.desktop@11.0.12
v  ~StubRoutines::call_stub

siginfo: EXCEPTION_ACCESS_VIOLATION (0xc0000005), reading address 0x0000000000000028


Register to memory mapping:

RIP=0x00007ffbcf1f2f8d igxelpicd64.dll
RAX=0x00000185e9294ce8 points into unknown readable memory: 0x0000000000000000 | 00 00 00 00 00 00 00 00
RBX=0x0 is NULL
RCX=0x0 is NULL
RDX=0x0 is NULL
RSP=0x00000014f5eb1470 is pointing into the stack for thread: 0x00000185e6835000
RBP=0x00000014f5eb1570 is pointing into the stack for thread: 0x00000185e6835000
RSI=0x00000185e8b3e040 points into unknown readable memory: 0x00000185e6c11040 | 40 10 c1 e6 85 01 00 00
RDI=0x0 is NULL
R8 =0x00000185ec2c0200 points into unknown readable memory: 0x0000000000000024 | 24 00 00 00 00 00 00 00
R9 =0x0 is NULL
R10=0x00000185e8c88b10 points into unknown readable memory: 0x0000b13411000001 | 01 00 00 11 34 b1 00 00
R11=0x0000000000000024 is an unknown value
R12=0x00000185e9298170 points into unknown readable memory: 0x0000000000000000 | 00 00 00 00 00 00 00 00
R13=0x0 is NULL
R14=0x0 is NULL
R15=0x00000185e8b73750 points into unknown readable memory: 0x0000000000000000 | 00 00 00 00 00 00 00 00


Registers:
RAX=0x00000185e9294ce8, RBX=0x0000000000000000, RCX=0x0000000000000000, RDX=0x0000000000000000
RSP=0x00000014f5eb1470, RBP=0x00000014f5eb1570, RSI=0x00000185e8b3e040, RDI=0x0000000000000000
R8 =0x00000185ec2c0200, R9 =0x0000000000000000, R10=0x00000185e8c88b10, R11=0x0000000000000024
R12=0x00000185e9298170, R13=0x0000000000000000, R14=0x0000000000000000, R15=0x00000185e8b73750
RIP=0x00007ffbcf1f2f8d, EFLAGS=0x0000000000010206

Top of Stack: (sp=0x00000014f5eb1470)
0x00000014f5eb1470:   00000185e8b78410 00000185e8c9a4b0
0x00000014f5eb1480:   00000185e8b3e040 00000185e8c89080
0x00000014f5eb1490:   00000185e8c89080 00000185e8b7e438
0x00000014f5eb14a0:   00000185e8b7e444 00000185e8b7e450
0x00000014f5eb14b0:   00000185e8b7e45c 00000185e8b7e468
0x00000014f5eb14c0:   0000000000000001 0000000000000000
0x00000014f5eb14d0:   0000000000000000 0000000000000000
0x00000014f5eb14e0:   0000000000000000 0000000000000000
0x00000014f5eb14f0:   0000000000000001 0000000000000000
0x00000014f5eb1500:   0000000000000000 0000000000000000
0x00000014f5eb1510:   0000000000000000 0000000000000001
0x00000014f5eb1520:   00000185ec2c0214 00000185e90d23f8
0x00000014f5eb1530:   00000185e92825e0 0000000000000000
0x00000014f5eb1540:   00000185e90d2408 00000014f5efbd50
0x00000014f5eb1550:   0000000000000000 00000185e9197140
0x00000014f5eb1560:   00000185e8c88b10 00000185e9294ab0 

Instructions: (pc=0x00007ffbcf1f2f8d)
0x00007ffbcf1f2e8d:   93 00 43 0f be 9c 2c 86 00 00 00 8b 86 e8 af 02
0x00007ffbcf1f2e9d:   00 0f a3 d8 0f 83 b1 3a 93 00 c6 45 a0 00 c6 45
0x00007ffbcf1f2ead:   81 00 40 84 ff 0f 85 03 3b 93 00 4b 0f be 84 2c
0x00007ffbcf1f2ebd:   86 00 00 00 3c ff 0f 84 13 3b 93 00 48 8d 95 e0
0x00007ffbcf1f2ecd:   a7 04 00 48 8d 14 c2 48 89 55 d8 44 8b 6d 88 4a
0x00007ffbcf1f2edd:   8d 04 6d 00 00 00 00 49 03 c5 48 89 45 18 49 c1
0x00007ffbcf1f2eed:   e5 04 4c 89 ad 10 01 00 00 41 8d 51 01 89 55 40
0x00007ffbcf1f2efd:   44 8b 9e b8 b0 02 00 44 89 9d 90 00 00 00 8b cb
0x00007ffbcf1f2f0d:   b8 01 00 00 00 d3 e0 89 45 50 44 89 75 38 c6 45
0x00007ffbcf1f2f1d:   80 01 45 84 c0 0f 85 3d 3e 93 00 85 86 f0 af 02
0x00007ffbcf1f2f2d:   00 0f 84 e9 3d 93 00 8b d3 48 89 55 c8 4c 8b a6
0x00007ffbcf1f2f3d:   e0 90 01 00 4c 8d 2c d2 43 8b 44 ec 48 89 45 38
0x00007ffbcf1f2f4d:   43 8b 44 ec 40 48 8d 0c 80 48 89 4d 30 49 8b 84
0x00007ffbcf1f2f5d:   cc f0 08 00 00 48 89 45 f8 80 be 50 bd 02 00 01
0x00007ffbcf1f2f6d:   0f 84 72 3a 93 00 83 78 08 00 0f 84 7c 05 00 00
0x00007ffbcf1f2f7d:   48 05 38 02 00 00 48 89 85 98 00 00 00 48 8b 18
0x00007ffbcf1f2f8d:   48 8b 43 28 48 8b 55 18 48 8d 8d e8 a8 04 00 48
0x00007ffbcf1f2f9d:   8d 0c d1 48 89 8d 80 00 00 00 48 8b 48 20 ba 02
0x00007ffbcf1f2fad:   00 00 00 48 8b 49 08 e8 d7 a2 00 00 48 8b 8d 80
0x00007ffbcf1f2fbd:   00 00 00 89 01 8b 43 08 48 8b 4d 30 41 03 84 cc
0x00007ffbcf1f2fcd:   e0 08 00 00 4c 8b 5d 18 42 89 84 dd ec a8 04 00
0x00007ffbcf1f2fdd:   48 8b 43 28 48 8b 50 20 4a 89 94 dd e0 a8 04 00
0x00007ffbcf1f2fed:   48 8b 45 d8 48 85 c0 74 03 48 89 10 48 8b 45 f8
0x00007ffbcf1f2ffd:   44 8b 90 1c 02 00 00 41 8b 9c cc e8 08 00 00 89
0x00007ffbcf1f300d:   5d 14 41 8b 84 cc ec 08 00 00 89 85 d8 00 00 00
0x00007ffbcf1f301d:   44 89 95 90 00 00 00 43 0f b7 44 ec 60 89 85 dc
0x00007ffbcf1f302d:   00 00 00 47 8b 44 ec 30 45 8b ce 83 bd d8 00 00
0x00007ffbcf1f303d:   00 00 41 0f 95 c1 43 8b 54 ec 68 85 d2 0f 85 48
0x00007ffbcf1f304d:   3c 93 00 4c 8b 65 08 4c 8b ad 10 01 00 00 0f b7
0x00007ffbcf1f305d:   d0 80 7d 81 00 0f 85 78 43 93 00 0f b7 c8 81 e1
0x00007ffbcf1f306d:   ff 01 00 00 8b 45 88 c1 e0 0a 0b c8 0f ba e9 09
0x00007ffbcf1f307d:   c1 e1 10 8b 45 38 25 ff 0f 00 00 0b c8 89 8d b0 


Stack slot to memory mapping:
stack at sp + 0 slots: 0x00000185e8b78410 points into unknown readable memory: 0x00000185e8b78420 | 20 84 b7 e8 85 01 00 00
stack at sp + 1 slots: 0x00000185e8c9a4b0 points into unknown readable memory: 0x00000aa0780f0000 | 00 00 0f 78 a0 0a 00 00
stack at sp + 2 slots: 0x00000185e8b3e040 points into unknown readable memory: 0x00000185e6c11040 | 40 10 c1 e6 85 01 00 00
stack at sp + 3 slots: 0x00000185e8c89080 points into unknown readable memory: 0x0000040278130002 | 02 00 13 78 02 04 00 00
stack at sp + 4 slots: 0x00000185e8c89080 points into unknown readable memory: 0x0000040278130002 | 02 00 13 78 02 04 00 00
stack at sp + 5 slots: 0x00000185e8b7e438 points into unknown readable memory: 0x00000df800000001 | 01 00 00 00 f8 0d 00 00
stack at sp + 6 slots: 0x00000185e8b7e444 points into unknown readable memory: 01 00 00 00
stack at sp + 7 slots: 0x00000185e8b7e450 points into unknown readable memory: 0x0000000000000000 | 00 00 00 00 00 00 00 00


---------------  P R O C E S S  ---------------

Threads class SMR info:
_java_thread_list=0x00000185e8911b50, length=16, elements={
0x00000185e59db000, 0x00000185e59de800, 0x00000185e59f5800, 0x00000185e59f6800,
0x00000185e59fa800, 0x00000185e59fc000, 0x00000185e59fd000, 0x00000185e59fe800,
0x00000185e64d9000, 0x00000185e6839000, 0x00000185e6807000, 0x00000185e684e800,
0x00000185e6835000, 0x00000185e6836000, 0x00000185e6836800, 0x00000185e6834000
}

Java Threads: ( => current thread )
  0x00000185e59db000 JavaThread "Reference Handler" daemon [_thread_blocked, id=20008, stack(0x00000014f5100000,0x00000014f5200000)]
  0x00000185e59de800 JavaThread "Finalizer" daemon [_thread_blocked, id=14476, stack(0x00000014f5200000,0x00000014f5300000)]
  0x00000185e59f5800 JavaThread "Signal Dispatcher" daemon [_thread_blocked, id=18392, stack(0x00000014f5300000,0x00000014f5400000)]
  0x00000185e59f6800 JavaThread "Attach Listener" daemon [_thread_blocked, id=15580, stack(0x00000014f5400000,0x00000014f5500000)]
  0x00000185e59fa800 JavaThread "Service Thread" daemon [_thread_blocked, id=15388, stack(0x00000014f5500000,0x00000014f5600000)]
  0x00000185e59fc000 JavaThread "C2 CompilerThread0" daemon [_thread_blocked, id=4976, stack(0x00000014f5600000,0x00000014f5700000)]
  0x00000185e59fd000 JavaThread "C1 CompilerThread0" daemon [_thread_blocked, id=7316, stack(0x00000014f5700000,0x00000014f5800000)]
  0x00000185e59fe800 JavaThread "Sweeper thread" daemon [_thread_blocked, id=1968, stack(0x00000014f5800000,0x00000014f5900000)]
  0x00000185e64d9000 JavaThread "Common-Cleaner" daemon [_thread_blocked, id=2920, stack(0x00000014f5a00000,0x00000014f5b00000)]
  0x00000185e6839000 JavaThread "Java2D Disposer" daemon [_thread_blocked, id=10996, stack(0x00000014f5b00000,0x00000014f5c00000)]
  0x00000185e6807000 JavaThread "AWT-Shutdown" [_thread_blocked, id=26436, stack(0x00000014f5c00000,0x00000014f5d00000)]
  0x00000185e684e800 JavaThread "AWT-Windows" daemon [_thread_in_native, id=10236, stack(0x00000014f5d00000,0x00000014f5e00000)]
=>0x00000185e6835000 JavaThread "AWT-EventQueue-0" [_thread_in_native, id=18448, stack(0x00000014f5e00000,0x00000014f5f00000)]
  0x00000185e6836000 JavaThread "main-SharedResourceRunner" daemon [_thread_blocked, id=24732, stack(0x00000014f5f00000,0x00000014f6000000)]
  0x00000185e6836800 JavaThread "main-AWTAnimator#00" [_thread_blocked, id=9444, stack(0x00000014f6800000,0x00000014f6900000)]
  0x00000185e6834000 JavaThread "DestroyJavaVM" [_thread_blocked, id=16976, stack(0x00000014f4a00000,0x00000014f4b00000)]

Other Threads:
  0x00000185e59b7000 VMThread "VM Thread" [stack: 0x00000014f5000000,0x00000014f5100000] [id=25792]
  0x00000185e64d3000 WatcherThread [stack: 0x00000014f5900000,0x00000014f5a00000] [id=5400]
  0x00000185c6b55800 GCTaskThread "GC Thread#0" [stack: 0x00000014f4b00000,0x00000014f4c00000] [id=6172]
  0x00000185e8dd2000 GCTaskThread "GC Thread#1" [stack: 0x00000014f6300000,0x00000014f6400000] [id=11804]
  0x00000185e8dd3000 GCTaskThread "GC Thread#2" [stack: 0x00000014f6400000,0x00000014f6500000] [id=16336]
  0x00000185e8dd3800 GCTaskThread "GC Thread#3" [stack: 0x00000014f6500000,0x00000014f6600000] [id=6936]
  0x00000185e8dd4800 GCTaskThread "GC Thread#4" [stack: 0x00000014f6600000,0x00000014f6700000] [id=16696]
  0x00000185e8dd9000 GCTaskThread "GC Thread#5" [stack: 0x00000014f6700000,0x00000014f6800000] [id=22688]
  0x00000185e8bd3000 GCTaskThread "GC Thread#6" [stack: 0x00000014f6a00000,0x00000014f6b00000] [id=12788]
  0x00000185e8daa000 GCTaskThread "GC Thread#7" [stack: 0x00000014f6b00000,0x00000014f6c00000] [id=14092]
  0x00000185c6b86000 ConcurrentGCThread "G1 Main Marker" [stack: 0x00000014f4c00000,0x00000014f4d00000] [id=12124]
  0x00000185c6b87800 ConcurrentGCThread "G1 Conc#0" [stack: 0x00000014f4d00000,0x00000014f4e00000] [id=4908]
  0x00000185e9244000 ConcurrentGCThread "G1 Conc#1" [stack: 0x00000014f6c00000,0x00000014f6d00000] [id=20736]
  0x00000185c6c0c800 ConcurrentGCThread "G1 Refine#0" [stack: 0x00000014f4e00000,0x00000014f4f00000] [id=19880]
  0x00000185c6c0d800 ConcurrentGCThread "G1 Young RemSet Sampling" [stack: 0x00000014f4f00000,0x00000014f5000000] [id=22888]

Threads with active compile tasks:

VM state:not at safepoint (normal execution)

VM Mutex/Monitor currently owned by a thread: None

Heap address: 0x0000000083e00000, size: 1986 MB, Compressed Oops mode: 32-bit
Narrow klass base: 0x0000000000000000, Narrow klass shift: 3
Compressed class space size: 1073741824 Address: 0x0000000100000000

Heap:
 garbage-first heap   total 129024K, used 10807K [0x0000000083e00000, 0x0000000100000000)
  region size 1024K, 9 young (9216K), 5 survivors (5120K)
 Metaspace       used 22580K, capacity 23016K, committed 23216K, reserved 1071104K
  class space    used 1980K, capacity 2187K, committed 2304K, reserved 1048576K
Heap Regions: E=young(eden), S=young(survivor), O=old, HS=humongous(starts), HC=humongous(continues), CS=collection set, F=free, A=archive, TAMS=top-at-mark-start (previous, next)
|   0|0x0000000083e00000, 0x0000000083f00000, 0x0000000083f00000|100%|HS|  |TAMS 0x0000000083f00000, 0x0000000083e00000| Complete 
|   1|0x0000000083f00000, 0x0000000084000000, 0x0000000084000000|100%|HC|  |TAMS 0x0000000084000000, 0x0000000083f00000| Complete 
|   2|0x0000000084000000, 0x0000000084100000, 0x0000000084100000|100%|HC|  |TAMS 0x0000000084100000, 0x0000000084000000| Complete 
|   3|0x0000000084100000, 0x0000000084100000, 0x0000000084200000|  0%| F|  |TAMS 0x0000000084100000, 0x0000000084100000| Untracked 
|   4|0x0000000084200000, 0x0000000084200000, 0x0000000084300000|  0%| F|  |TAMS 0x0000000084200000, 0x0000000084200000| Untracked 
|   5|0x0000000084300000, 0x0000000084300000, 0x0000000084400000|  0%| F|  |TAMS 0x0000000084300000, 0x0000000084300000| Untracked 
|   6|0x0000000084400000, 0x0000000084400000, 0x0000000084500000|  0%| F|  |TAMS 0x0000000084400000, 0x0000000084400000| Untracked 
|   7|0x0000000084500000, 0x0000000084500000, 0x0000000084600000|  0%| F|  |TAMS 0x0000000084500000, 0x0000000084500000| Untracked 
|   8|0x0000000084600000, 0x0000000084600000, 0x0000000084700000|  0%| F|  |TAMS 0x0000000084600000, 0x0000000084600000| Untracked 
|   9|0x0000000084700000, 0x0000000084700000, 0x0000000084800000|  0%| F|  |TAMS 0x0000000084700000, 0x0000000084700000| Untracked 
|  10|0x0000000084800000, 0x0000000084800000, 0x0000000084900000|  0%| F|  |TAMS 0x0000000084800000, 0x0000000084800000| Untracked 
|  11|0x0000000084900000, 0x0000000084900000, 0x0000000084a00000|  0%| F|  |TAMS 0x0000000084900000, 0x0000000084900000| Untracked 
|  12|0x0000000084a00000, 0x0000000084a00000, 0x0000000084b00000|  0%| F|  |TAMS 0x0000000084a00000, 0x0000000084a00000| Untracked 
|  13|0x0000000084b00000, 0x0000000084b00000, 0x0000000084c00000|  0%| F|  |TAMS 0x0000000084b00000, 0x0000000084b00000| Untracked 
|  14|0x0000000084c00000, 0x0000000084c00000, 0x0000000084d00000|  0%| F|  |TAMS 0x0000000084c00000, 0x0000000084c00000| Untracked 
|  15|0x0000000084d00000, 0x0000000084d00000, 0x0000000084e00000|  0%| F|  |TAMS 0x0000000084d00000, 0x0000000084d00000| Untracked 
|  16|0x0000000084e00000, 0x0000000084e00000, 0x0000000084f00000|  0%| F|  |TAMS 0x0000000084e00000, 0x0000000084e00000| Untracked 
|  17|0x0000000084f00000, 0x0000000084f00000, 0x0000000085000000|  0%| F|  |TAMS 0x0000000084f00000, 0x0000000084f00000| Untracked 
|  18|0x0000000085000000, 0x0000000085000000, 0x0000000085100000|  0%| F|  |TAMS 0x0000000085000000, 0x0000000085000000| Untracked 
|  19|0x0000000085100000, 0x0000000085100000, 0x0000000085200000|  0%| F|  |TAMS 0x0000000085100000, 0x0000000085100000| Untracked 
|  20|0x0000000085200000, 0x0000000085200000, 0x0000000085300000|  0%| F|  |TAMS 0x0000000085200000, 0x0000000085200000| Untracked 
|  21|0x0000000085300000, 0x0000000085300000, 0x0000000085400000|  0%| F|  |TAMS 0x0000000085300000, 0x0000000085300000| Untracked 
|  22|0x0000000085400000, 0x0000000085400000, 0x0000000085500000|  0%| F|  |TAMS 0x0000000085400000, 0x0000000085400000| Untracked 
|  23|0x0000000085500000, 0x0000000085500000, 0x0000000085600000|  0%| F|  |TAMS 0x0000000085500000, 0x0000000085500000| Untracked 
|  24|0x0000000085600000, 0x0000000085600000, 0x0000000085700000|  0%| F|  |TAMS 0x0000000085600000, 0x0000000085600000| Untracked 
|  25|0x0000000085700000, 0x0000000085700000, 0x0000000085800000|  0%| F|  |TAMS 0x0000000085700000, 0x0000000085700000| Untracked 
|  26|0x0000000085800000, 0x0000000085800000, 0x0000000085900000|  0%| F|  |TAMS 0x0000000085800000, 0x0000000085800000| Untracked 
|  27|0x0000000085900000, 0x0000000085900000, 0x0000000085a00000|  0%| F|  |TAMS 0x0000000085900000, 0x0000000085900000| Untracked 
|  28|0x0000000085a00000, 0x0000000085a00000, 0x0000000085b00000|  0%| F|  |TAMS 0x0000000085a00000, 0x0000000085a00000| Untracked 
|  29|0x0000000085b00000, 0x0000000085b00000, 0x0000000085c00000|  0%| F|  |TAMS 0x0000000085b00000, 0x0000000085b00000| Untracked 
|  30|0x0000000085c00000, 0x0000000085c00000, 0x0000000085d00000|  0%| F|  |TAMS 0x0000000085c00000, 0x0000000085c00000| Untracked 
|  31|0x0000000085d00000, 0x0000000085d00000, 0x0000000085e00000|  0%| F|  |TAMS 0x0000000085d00000, 0x0000000085d00000| Untracked 
|  32|0x0000000085e00000, 0x0000000085e00000, 0x0000000085f00000|  0%| F|  |TAMS 0x0000000085e00000, 0x0000000085e00000| Untracked 
|  33|0x0000000085f00000, 0x0000000085f00000, 0x0000000086000000|  0%| F|  |TAMS 0x0000000085f00000, 0x0000000085f00000| Untracked 
|  34|0x0000000086000000, 0x0000000086000000, 0x0000000086100000|  0%| F|  |TAMS 0x0000000086000000, 0x0000000086000000| Untracked 
|  35|0x0000000086100000, 0x0000000086100000, 0x0000000086200000|  0%| F|  |TAMS 0x0000000086100000, 0x0000000086100000| Untracked 
|  36|0x0000000086200000, 0x0000000086200000, 0x0000000086300000|  0%| F|  |TAMS 0x0000000086200000, 0x0000000086200000| Untracked 
|  37|0x0000000086300000, 0x0000000086300000, 0x0000000086400000|  0%| F|  |TAMS 0x0000000086300000, 0x0000000086300000| Untracked 
|  38|0x0000000086400000, 0x0000000086400000, 0x0000000086500000|  0%| F|  |TAMS 0x0000000086400000, 0x0000000086400000| Untracked 
|  39|0x0000000086500000, 0x0000000086500000, 0x0000000086600000|  0%| F|  |TAMS 0x0000000086500000, 0x0000000086500000| Untracked 
|  40|0x0000000086600000, 0x0000000086600000, 0x0000000086700000|  0%| F|  |TAMS 0x0000000086600000, 0x0000000086600000| Untracked 
|  41|0x0000000086700000, 0x0000000086700000, 0x0000000086800000|  0%| F|  |TAMS 0x0000000086700000, 0x0000000086700000| Untracked 
|  42|0x0000000086800000, 0x0000000086800000, 0x0000000086900000|  0%| F|  |TAMS 0x0000000086800000, 0x0000000086800000| Untracked 
|  43|0x0000000086900000, 0x0000000086900000, 0x0000000086a00000|  0%| F|  |TAMS 0x0000000086900000, 0x0000000086900000| Untracked 
|  44|0x0000000086a00000, 0x0000000086a00000, 0x0000000086b00000|  0%| F|  |TAMS 0x0000000086a00000, 0x0000000086a00000| Untracked 
|  45|0x0000000086b00000, 0x0000000086b00000, 0x0000000086c00000|  0%| F|  |TAMS 0x0000000086b00000, 0x0000000086b00000| Untracked 
|  46|0x0000000086c00000, 0x0000000086c00000, 0x0000000086d00000|  0%| F|  |TAMS 0x0000000086c00000, 0x0000000086c00000| Untracked 
|  47|0x0000000086d00000, 0x0000000086d00000, 0x0000000086e00000|  0%| F|  |TAMS 0x0000000086d00000, 0x0000000086d00000| Untracked 
|  48|0x0000000086e00000, 0x0000000086e00000, 0x0000000086f00000|  0%| F|  |TAMS 0x0000000086e00000, 0x0000000086e00000| Untracked 
|  49|0x0000000086f00000, 0x0000000086f00000, 0x0000000087000000|  0%| F|  |TAMS 0x0000000086f00000, 0x0000000086f00000| Untracked 
|  50|0x0000000087000000, 0x0000000087000000, 0x0000000087100000|  0%| F|  |TAMS 0x0000000087000000, 0x0000000087000000| Untracked 
|  51|0x0000000087100000, 0x0000000087100000, 0x0000000087200000|  0%| F|  |TAMS 0x0000000087100000, 0x0000000087100000| Untracked 
|  52|0x0000000087200000, 0x0000000087200000, 0x0000000087300000|  0%| F|  |TAMS 0x0000000087200000, 0x0000000087200000| Untracked 
|  53|0x0000000087300000, 0x0000000087300000, 0x0000000087400000|  0%| F|  |TAMS 0x0000000087300000, 0x0000000087300000| Untracked 
|  54|0x0000000087400000, 0x0000000087400000, 0x0000000087500000|  0%| F|  |TAMS 0x0000000087400000, 0x0000000087400000| Untracked 
|  55|0x0000000087500000, 0x0000000087500000, 0x0000000087600000|  0%| F|  |TAMS 0x0000000087500000, 0x0000000087500000| Untracked 
|  56|0x0000000087600000, 0x0000000087600000, 0x0000000087700000|  0%| F|  |TAMS 0x0000000087600000, 0x0000000087600000| Untracked 
|  57|0x0000000087700000, 0x0000000087700000, 0x0000000087800000|  0%| F|  |TAMS 0x0000000087700000, 0x0000000087700000| Untracked 
|  58|0x0000000087800000, 0x0000000087800000, 0x0000000087900000|  0%| F|  |TAMS 0x0000000087800000, 0x0000000087800000| Untracked 
|  59|0x0000000087900000, 0x0000000087900000, 0x0000000087a00000|  0%| F|  |TAMS 0x0000000087900000, 0x0000000087900000| Untracked 
|  60|0x0000000087a00000, 0x0000000087a00000, 0x0000000087b00000|  0%| F|  |TAMS 0x0000000087a00000, 0x0000000087a00000| Untracked 
|  61|0x0000000087b00000, 0x0000000087b00000, 0x0000000087c00000|  0%| F|  |TAMS 0x0000000087b00000, 0x0000000087b00000| Untracked 
|  62|0x0000000087c00000, 0x0000000087c00000, 0x0000000087d00000|  0%| F|  |TAMS 0x0000000087c00000, 0x0000000087c00000| Untracked 
|  63|0x0000000087d00000, 0x0000000087d00000, 0x0000000087e00000|  0%| F|  |TAMS 0x0000000087d00000, 0x0000000087d00000| Untracked 
|  64|0x0000000087e00000, 0x0000000087e00000, 0x0000000087f00000|  0%| F|  |TAMS 0x0000000087e00000, 0x0000000087e00000| Untracked 
|  65|0x0000000087f00000, 0x0000000087f00000, 0x0000000088000000|  0%| F|  |TAMS 0x0000000087f00000, 0x0000000087f00000| Untracked 
|  66|0x0000000088000000, 0x0000000088000000, 0x0000000088100000|  0%| F|  |TAMS 0x0000000088000000, 0x0000000088000000| Untracked 
|  67|0x0000000088100000, 0x0000000088100000, 0x0000000088200000|  0%| F|  |TAMS 0x0000000088100000, 0x0000000088100000| Untracked 
|  68|0x0000000088200000, 0x0000000088200000, 0x0000000088300000|  0%| F|  |TAMS 0x0000000088200000, 0x0000000088200000| Untracked 
|  69|0x0000000088300000, 0x0000000088300000, 0x0000000088400000|  0%| F|  |TAMS 0x0000000088300000, 0x0000000088300000| Untracked 
|  70|0x0000000088400000, 0x0000000088400000, 0x0000000088500000|  0%| F|  |TAMS 0x0000000088400000, 0x0000000088400000| Untracked 
|  71|0x0000000088500000, 0x0000000088500000, 0x0000000088600000|  0%| F|  |TAMS 0x0000000088500000, 0x0000000088500000| Untracked 
|  72|0x0000000088600000, 0x0000000088600000, 0x0000000088700000|  0%| F|  |TAMS 0x0000000088600000, 0x0000000088600000| Untracked 
|  73|0x0000000088700000, 0x0000000088700000, 0x0000000088800000|  0%| F|  |TAMS 0x0000000088700000, 0x0000000088700000| Untracked 
|  74|0x0000000088800000, 0x0000000088800000, 0x0000000088900000|  0%| F|  |TAMS 0x0000000088800000, 0x0000000088800000| Untracked 
|  75|0x0000000088900000, 0x0000000088900000, 0x0000000088a00000|  0%| F|  |TAMS 0x0000000088900000, 0x0000000088900000| Untracked 
|  76|0x0000000088a00000, 0x0000000088a00000, 0x0000000088b00000|  0%| F|  |TAMS 0x0000000088a00000, 0x0000000088a00000| Untracked 
|  77|0x0000000088b00000, 0x0000000088b00000, 0x0000000088c00000|  0%| F|  |TAMS 0x0000000088b00000, 0x0000000088b00000| Untracked 
|  78|0x0000000088c00000, 0x0000000088c00000, 0x0000000088d00000|  0%| F|  |TAMS 0x0000000088c00000, 0x0000000088c00000| Untracked 
|  79|0x0000000088d00000, 0x0000000088d00000, 0x0000000088e00000|  0%| F|  |TAMS 0x0000000088d00000, 0x0000000088d00000| Untracked 
|  80|0x0000000088e00000, 0x0000000088e00000, 0x0000000088f00000|  0%| F|  |TAMS 0x0000000088e00000, 0x0000000088e00000| Untracked 
|  81|0x0000000088f00000, 0x0000000088f00000, 0x0000000089000000|  0%| F|  |TAMS 0x0000000088f00000, 0x0000000088f00000| Untracked 
|  82|0x0000000089000000, 0x0000000089000000, 0x0000000089100000|  0%| F|  |TAMS 0x0000000089000000, 0x0000000089000000| Untracked 
|  83|0x0000000089100000, 0x0000000089100000, 0x0000000089200000|  0%| F|  |TAMS 0x0000000089100000, 0x0000000089100000| Untracked 
|  84|0x0000000089200000, 0x0000000089200000, 0x0000000089300000|  0%| F|  |TAMS 0x0000000089200000, 0x0000000089200000| Untracked 
|  85|0x0000000089300000, 0x0000000089300000, 0x0000000089400000|  0%| F|  |TAMS 0x0000000089300000, 0x0000000089300000| Untracked 
|  86|0x0000000089400000, 0x0000000089400000, 0x0000000089500000|  0%| F|  |TAMS 0x0000000089400000, 0x0000000089400000| Untracked 
|  87|0x0000000089500000, 0x0000000089500000, 0x0000000089600000|  0%| F|  |TAMS 0x0000000089500000, 0x0000000089500000| Untracked 
|  88|0x0000000089600000, 0x0000000089600000, 0x0000000089700000|  0%| F|  |TAMS 0x0000000089600000, 0x0000000089600000| Untracked 
|  89|0x0000000089700000, 0x0000000089700000, 0x0000000089800000|  0%| F|  |TAMS 0x0000000089700000, 0x0000000089700000| Untracked 
|  90|0x0000000089800000, 0x0000000089800000, 0x0000000089900000|  0%| F|  |TAMS 0x0000000089800000, 0x0000000089800000| Untracked 
|  91|0x0000000089900000, 0x0000000089900000, 0x0000000089a00000|  0%| F|  |TAMS 0x0000000089900000, 0x0000000089900000| Untracked 
|  92|0x0000000089a00000, 0x0000000089a00000, 0x0000000089b00000|  0%| F|  |TAMS 0x0000000089a00000, 0x0000000089a00000| Untracked 
|  93|0x0000000089b00000, 0x0000000089b00000, 0x0000000089c00000|  0%| F|  |TAMS 0x0000000089b00000, 0x0000000089b00000| Untracked 
|  94|0x0000000089c00000, 0x0000000089c00000, 0x0000000089d00000|  0%| F|  |TAMS 0x0000000089c00000, 0x0000000089c00000| Untracked 
|  95|0x0000000089d00000, 0x0000000089d00000, 0x0000000089e00000|  0%| F|  |TAMS 0x0000000089d00000, 0x0000000089d00000| Untracked 
|  96|0x0000000089e00000, 0x0000000089e00000, 0x0000000089f00000|  0%| F|  |TAMS 0x0000000089e00000, 0x0000000089e00000| Untracked 
|  97|0x0000000089f00000, 0x0000000089f00000, 0x000000008a000000|  0%| F|  |TAMS 0x0000000089f00000, 0x0000000089f00000| Untracked 
|  98|0x000000008a000000, 0x000000008a000000, 0x000000008a100000|  0%| F|  |TAMS 0x000000008a000000, 0x000000008a000000| Untracked 
|  99|0x000000008a100000, 0x000000008a100000, 0x000000008a200000|  0%| F|  |TAMS 0x000000008a100000, 0x000000008a100000| Untracked 
| 100|0x000000008a200000, 0x000000008a200000, 0x000000008a300000|  0%| F|  |TAMS 0x000000008a200000, 0x000000008a200000| Untracked 
| 101|0x000000008a300000, 0x000000008a300000, 0x000000008a400000|  0%| F|  |TAMS 0x000000008a300000, 0x000000008a300000| Untracked 
| 102|0x000000008a400000, 0x000000008a400000, 0x000000008a500000|  0%| F|  |TAMS 0x000000008a400000, 0x000000008a400000| Untracked 
| 103|0x000000008a500000, 0x000000008a500000, 0x000000008a600000|  0%| F|  |TAMS 0x000000008a500000, 0x000000008a500000| Untracked 
| 104|0x000000008a600000, 0x000000008a600000, 0x000000008a700000|  0%| F|  |TAMS 0x000000008a600000, 0x000000008a600000| Untracked 
| 105|0x000000008a700000, 0x000000008a700000, 0x000000008a800000|  0%| F|  |TAMS 0x000000008a700000, 0x000000008a700000| Untracked 
| 106|0x000000008a800000, 0x000000008a800000, 0x000000008a900000|  0%| F|  |TAMS 0x000000008a800000, 0x000000008a800000| Untracked 
| 107|0x000000008a900000, 0x000000008a900000, 0x000000008aa00000|  0%| F|  |TAMS 0x000000008a900000, 0x000000008a900000| Untracked 
| 108|0x000000008aa00000, 0x000000008aa00000, 0x000000008ab00000|  0%| F|  |TAMS 0x000000008aa00000, 0x000000008aa00000| Untracked 
| 109|0x000000008ab00000, 0x000000008ab8ddf8, 0x000000008ac00000| 55%| S|CS|TAMS 0x000000008ab00000, 0x000000008ab00000| Complete 
| 110|0x000000008ac00000, 0x000000008ad00000, 0x000000008ad00000|100%| S|CS|TAMS 0x000000008ac00000, 0x000000008ac00000| Complete 
| 111|0x000000008ad00000, 0x000000008ae00000, 0x000000008ae00000|100%| S|CS|TAMS 0x000000008ad00000, 0x000000008ad00000| Complete 
| 112|0x000000008ae00000, 0x000000008af00000, 0x000000008af00000|100%| S|CS|TAMS 0x000000008ae00000, 0x000000008ae00000| Complete 
| 113|0x000000008af00000, 0x000000008b000000, 0x000000008b000000|100%| S|CS|TAMS 0x000000008af00000, 0x000000008af00000| Complete 
| 114|0x000000008b000000, 0x000000008b000000, 0x000000008b100000|  0%| F|  |TAMS 0x000000008b000000, 0x000000008b000000| Untracked 
| 115|0x000000008b100000, 0x000000008b100000, 0x000000008b200000|  0%| F|  |TAMS 0x000000008b100000, 0x000000008b100000| Untracked 
| 116|0x000000008b200000, 0x000000008b200000, 0x000000008b300000|  0%| F|  |TAMS 0x000000008b200000, 0x000000008b200000| Untracked 
| 117|0x000000008b300000, 0x000000008b300000, 0x000000008b400000|  0%| F|  |TAMS 0x000000008b300000, 0x000000008b300000| Untracked 
| 118|0x000000008b400000, 0x000000008b400000, 0x000000008b500000|  0%| F|  |TAMS 0x000000008b400000, 0x000000008b400000| Untracked 
| 119|0x000000008b500000, 0x000000008b500000, 0x000000008b600000|  0%| F|  |TAMS 0x000000008b500000, 0x000000008b500000| Untracked 
| 120|0x000000008b600000, 0x000000008b600000, 0x000000008b700000|  0%| F|  |TAMS 0x000000008b600000, 0x000000008b600000| Untracked 
| 121|0x000000008b700000, 0x000000008b700000, 0x000000008b800000|  0%| F|  |TAMS 0x000000008b700000, 0x000000008b700000| Untracked 
| 122|0x000000008b800000, 0x000000008b880800, 0x000000008b900000| 50%| E|  |TAMS 0x000000008b800000, 0x000000008b800000| Complete 
| 123|0x000000008b900000, 0x000000008ba00000, 0x000000008ba00000|100%| E|CS|TAMS 0x000000008b900000, 0x000000008b900000| Complete 
| 124|0x000000008ba00000, 0x000000008bb00000, 0x000000008bb00000|100%| E|CS|TAMS 0x000000008ba00000, 0x000000008ba00000| Complete 
| 125|0x000000008bb00000, 0x000000008bc00000, 0x000000008bc00000|100%| E|CS|TAMS 0x000000008bb00000, 0x000000008bb00000| Complete 

Card table byte_map: [0x00000185de970000,0x00000185ded60000] _byte_map_base: 0x00000185de551000

Marking Bits (Prev, Next): (CMBitMap*) 0x00000185c6b7d8d0, (CMBitMap*) 0x00000185c6b7d898
 Prev Bits: [0x00000185e1060000, 0x00000185e2f68000)
 Next Bits: [0x00000185df150000, 0x00000185e1058000)

Polling page: 0x00000185c4b40000

Metaspace:

Usage:
  Non-class:     20.34 MB capacity,    20.12 MB ( 99%) used,   178.04 KB ( <1%) free+waste,    51.50 KB ( <1%) overhead. 
      Class:      2.14 MB capacity,     1.93 MB ( 91%) used,   180.96 KB (  8%) free+waste,    25.25 KB (  1%) overhead. 
       Both:     22.48 MB capacity,    22.05 MB ( 98%) used,   359.00 KB (  2%) free+waste,    76.75 KB ( <1%) overhead. 

Virtual space:
  Non-class space:       22.00 MB reserved,      20.42 MB ( 93%) committed 
      Class space:        1.00 GB reserved,       2.25 MB ( <1%) committed 
             Both:        1.02 GB reserved,      22.67 MB (  2%) committed 

Chunk freelists:
   Non-Class:  83.00 KB
       Class:  21.00 KB
        Both:  104.00 KB

MaxMetaspaceSize: 17179869184.00 GB
CompressedClassSpaceSize: 1.00 GB
Initial GC threshold: 20.80 MB
Current GC threshold: 35.08 MB
CDS: off

CodeHeap 'non-profiled nmethods': size=120000Kb used=462Kb max_used=462Kb free=119537Kb
 bounds [0x00000185d6d20000, 0x00000185d6f90000, 0x00000185de250000]
CodeHeap 'profiled nmethods': size=120000Kb used=2444Kb max_used=2444Kb free=117555Kb
 bounds [0x00000185cf7f0000, 0x00000185cfa60000, 0x00000185d6d20000]
CodeHeap 'non-nmethods': size=5760Kb used=1596Kb max_used=1596Kb free=4163Kb
 bounds [0x00000185cf250000, 0x00000185cf4c0000, 0x00000185cf7f0000]
 total_blobs=2235 nmethods=1264 adapters=884
 compilation: enabled
              stopped_count=0, restarted_count=0
 full_count=0

Compilation events (20 events):
Event: 1.702 Thread 0x00000185e59fd000 1252       3       java.security.SecureClassLoader$CodeSourceKey::<init> (10 bytes)
Event: 1.702 Thread 0x00000185e59fd000 nmethod 1252 0x00000185cfa4ca90 code [0x00000185cfa4cc40, 0x00000185cfa4cdf8]
Event: 1.702 Thread 0x00000185e59fd000 1253       3       java.security.SecureClassLoader$1::<init> (15 bytes)
Event: 1.703 Thread 0x00000185e59fd000 nmethod 1253 0x00000185cfa4ce90 code [0x00000185cfa4d040, 0x00000185cfa4d258]
Event: 1.703 Thread 0x00000185e59fd000 1254       3       java.lang.ClassLoader::postDefineClass (39 bytes)
Event: 1.703 Thread 0x00000185e59fd000 nmethod 1254 0x00000185cfa4d310 code [0x00000185cfa4d500, 0x00000185cfa4d818]
Event: 1.721 Thread 0x00000185e59fd000 1258       3       jdk.internal.loader.URLClassPath$JarLoader$2::getManifest (26 bytes)
Event: 1.722 Thread 0x00000185e59fd000 nmethod 1258 0x00000185cfa4d990 code [0x00000185cfa4dba0, 0x00000185cfa4e048]
Event: 1.722 Thread 0x00000185e59fd000 1259       3       java.util.jar.JavaUtilJarAccessImpl::ensureInitialization (5 bytes)
Event: 1.722 Thread 0x00000185e59fd000 nmethod 1259 0x00000185cfa4e290 code [0x00000185cfa4e440, 0x00000185cfa4e5e8]
Event: 1.722 Thread 0x00000185e59fd000 1260  s!   3       java.util.jar.JarFile::ensureInitialization (74 bytes)
Event: 1.723 Thread 0x00000185e59fd000 nmethod 1260 0x00000185cfa4e690 code [0x00000185cfa4e960, 0x00000185cfa4fb48]
Event: 1.723 Thread 0x00000185e59fd000 1261       3       java.util.jar.JarFile::getManifest (5 bytes)
Event: 1.723 Thread 0x00000185e59fd000 nmethod 1261 0x00000185cfa50010 code [0x00000185cfa501c0, 0x00000185cfa502e8]
Event: 1.723 Thread 0x00000185e59fd000 1262       3       java.util.jar.JarFile::getManifestFromReference (151 bytes)
Event: 1.724 Thread 0x00000185e59fd000 nmethod 1262 0x00000185cfa50390 code [0x00000185cfa50760, 0x00000185cfa520c8]
Event: 1.724 Thread 0x00000185e59fd000 1263       3       jdk.internal.loader.URLClassPath$JarLoader$2::getContentLength (9 bytes)
Event: 1.725 Thread 0x00000185e59fd000 nmethod 1263 0x00000185cfa52a10 code [0x00000185cfa52bc0, 0x00000185cfa52d58]
Event: 1.753 Thread 0x00000185e59fd000 1264       3       jdk.internal.misc.Unsafe::objectFieldOffset (18 bytes)
Event: 1.754 Thread 0x00000185e59fd000 nmethod 1264 0x00000185cfa52e10 code [0x00000185cfa52fe0, 0x00000185cfa531f8]

GC Heap History (4 events):
Event: 1.284 GC heap before
{Heap before GC invocations=0 (full 0):
 garbage-first heap   total 129024K, used 24576K [0x0000000083e00000, 0x0000000100000000)
  region size 1024K, 24 young (24576K), 0 survivors (0K)
 Metaspace       used 18197K, capacity 18615K, committed 19072K, reserved 1067008K
  class space    used 1607K, capacity 1805K, committed 1920K, reserved 1048576K
}
Event: 1.322 GC heap after
{Heap after GC invocations=1 (full 0):
 garbage-first heap   total 129024K, used 2908K [0x0000000083e00000, 0x0000000100000000)
  region size 1024K, 3 young (3072K), 3 survivors (3072K)
 Metaspace       used 18197K, capacity 18615K, committed 19072K, reserved 1067008K
  class space    used 1607K, capacity 1805K, committed 1920K, reserved 1048576K
}
Event: 1.680 GC heap before
{Heap before GC invocations=1 (full 0):
 garbage-first heap   total 129024K, used 17244K [0x0000000083e00000, 0x0000000100000000)
  region size 1024K, 15 young (15360K), 3 survivors (3072K)
 Metaspace       used 20723K, capacity 21103K, committed 21296K, reserved 1069056K
  class space    used 1885K, capacity 2082K, committed 2176K, reserved 1048576K
}
Event: 1.684 GC heap after
{Heap after GC invocations=2 (full 0):
 garbage-first heap   total 129024K, used 7735K [0x0000000083e00000, 0x0000000100000000)
  region size 1024K, 5 young (5120K), 5 survivors (5120K)
 Metaspace       used 20723K, capacity 21103K, committed 21296K, reserved 1069056K
  class space    used 1885K, capacity 2082K, committed 2176K, reserved 1048576K
}

Deoptimization events (20 events):
Event: 1.567 Thread 0x00000185c6b3d000 DEOPT PACKING pc=0x00000185cfa1b89b sp=0x00000014f4afb620
Event: 1.567 Thread 0x00000185c6b3d000 DEOPT UNPACKING pc=0x00000185cf299d0e sp=0x00000014f4afaa90 mode 0
Event: 1.695 Thread 0x00000185e6835000 Uncommon trap: trap_request=0xffffff4d fr.pc=0x00000185d6d5f118 relative=0x0000000000000458
Event: 1.695 Thread 0x00000185e6835000 Uncommon trap: reason=unstable_if action=reinterpret pc=0x00000185d6d5f118 method=java.lang.AbstractStringBuilder.putStringAt(ILjava/lang/String;)V @ 8 c2
Event: 1.695 Thread 0x00000185e6835000 DEOPT PACKING pc=0x00000185d6d5f118 sp=0x00000014f5efca70
Event: 1.695 Thread 0x00000185e6835000 DEOPT UNPACKING pc=0x00000185cf2585af sp=0x00000014f5efc988 mode 2
Event: 1.696 Thread 0x00000185e6835000 Uncommon trap: trap_request=0xffffff4d fr.pc=0x00000185d6d5e328 relative=0x0000000000000468
Event: 1.696 Thread 0x00000185e6835000 Uncommon trap: reason=unstable_if action=reinterpret pc=0x00000185d6d5e328 method=java.lang.AbstractStringBuilder.putStringAt(ILjava/lang/String;)V @ 8 c2
Event: 1.696 Thread 0x00000185e6835000 DEOPT PACKING pc=0x00000185d6d5e328 sp=0x00000014f5efca10
Event: 1.696 Thread 0x00000185e6835000 DEOPT UNPACKING pc=0x00000185cf2585af sp=0x00000014f5efc980 mode 2
Event: 1.696 Thread 0x00000185e6835000 Uncommon trap: trap_request=0xffffff4d fr.pc=0x00000185d6d5d06c relative=0x00000000000000cc
Event: 1.696 Thread 0x00000185e6835000 Uncommon trap: reason=unstable_if action=reinterpret pc=0x00000185d6d5d06c method=java.lang.String.getBytes([BIB)V @ 5 c2
Event: 1.696 Thread 0x00000185e6835000 DEOPT PACKING pc=0x00000185d6d5d06c sp=0x00000014f5efc930
Event: 1.696 Thread 0x00000185e6835000 DEOPT UNPACKING pc=0x00000185cf2585af sp=0x00000014f5efc8f8 mode 2
Event: 1.696 Thread 0x00000185e6835000 Uncommon trap: trap_request=0xffffff4d fr.pc=0x00000185d6d6cb40 relative=0x0000000000000380
Event: 1.696 Thread 0x00000185e6835000 Uncommon trap: reason=unstable_if action=reinterpret pc=0x00000185d6d6cb40 method=java.lang.AbstractStringBuilder.isLatin1()Z @ 10 c2
Event: 1.696 Thread 0x00000185e6835000 DEOPT PACKING pc=0x00000185d6d6cb40 sp=0x00000014f5efca90
Event: 1.696 Thread 0x00000185e6835000 DEOPT UNPACKING pc=0x00000185cf2585af sp=0x00000014f5efca10 mode 2
Event: 1.701 Thread 0x00000185e6835000 DEOPT PACKING pc=0x00000185cfa1b89b sp=0x00000014f5efc9d0
Event: 1.701 Thread 0x00000185e6835000 DEOPT UNPACKING pc=0x00000185cf299d0e sp=0x00000014f5efbe40 mode 0

Classes redefined (0 events):
No events

Internal exceptions (20 events):
Event: 0.290 Thread 0x00000185c6b3d000 Exception <a 'java/lang/NoSuchMethodError'{0x000000008b6c3fd0}: 'java.lang.Object java.lang.invoke.DirectMethodHandle$Holder.invokeStatic(java.lang.Object, int, java.lang.Object, java.lang.Object, java.lang.Object)'> (0x000000008b6c3fd0) thrown at [./src/hotspot/share/interpreter/linkResolver.cpp, line 773]
Event: 0.290 Thread 0x00000185c6b3d000 Exception <a 'java/lang/NoSuchMethodError'{0x000000008b6c7b18}: 'java.lang.Object java.lang.invoke.DirectMethodHandle$Holder.invokeSpecial(java.lang.Object, java.lang.Object, int, java.lang.Object, java.lang.Object, java.lang.Object)'> (0x000000008b6c7b18) thrown at [./src/hotspot/share/interpreter/linkResolver.cpp, line 773]
Event: 0.292 Thread 0x00000185c6b3d000 Exception <a 'java/lang/NoSuchMethodError'{0x000000008b6df3f8}: 'java.lang.Object java.lang.invoke.DirectMethodHandle$Holder.invokeStatic(java.lang.Object, int, java.lang.Object)'> (0x000000008b6df3f8) thrown at [./src/hotspot/share/interpreter/linkResolver.cpp, line 773]
Event: 0.309 Thread 0x00000185c6b3d000 Exception <a 'java/lang/ClassNotFoundException'{0x000000008b58a1a0}: com/sun/swing/internal/plaf/metal/resources/spi/metalProvider> (0x000000008b58a1a0) thrown at [./src/hotspot/share/classfile/systemDictionary.cpp, line 231]
Event: 0.310 Thread 0x00000185c6b3d000 Exception <a 'java/lang/ClassNotFoundException'{0x000000008b58e430}: com/sun/swing/internal/plaf/basic/resources/spi/basicProvider> (0x000000008b58e430) thrown at [./src/hotspot/share/classfile/systemDictionary.cpp, line 231]
Event: 0.327 Thread 0x00000185c6b3d000 Exception <a 'java/lang/NoSuchMethodError'{0x000000008b412d48}: 'int java.lang.invoke.DirectMethodHandle$Holder.invokeSpecialIFC(java.lang.Object, java.lang.Object, int)'> (0x000000008b412d48) thrown at [./src/hotspot/share/interpreter/linkResolver.cpp, line 773]
Event: 0.404 Thread 0x00000185c6b3d000 Exception <a 'java/lang/NoSuchMethodError'{0x000000008b2f9a60}: 'java.lang.Object java.lang.invoke.DirectMethodHandle$Holder.invokeStatic(java.lang.Object, int, int, int, int)'> (0x000000008b2f9a60) thrown at [./src/hotspot/share/interpreter/linkResolver.cpp, line 773]
Event: 0.405 Thread 0x00000185c6b3d000 Exception <a 'java/lang/NoSuchMethodError'{0x000000008b2fcb88}: 'java.lang.Object java.lang.invoke.DirectMethodHandle$Holder.invokeStaticInit(java.lang.Object, int, int, int, int)'> (0x000000008b2fcb88) thrown at [./src/hotspot/share/interpreter/linkResolver.cpp, line 773]
Event: 0.707 Thread 0x00000185c6b3d000 Exception <a 'java/lang/NoSuchMethodError'{0x000000008b1b4028}: 'java.lang.Object java.lang.invoke.DirectMethodHandle$Holder.invokeStatic(java.lang.Object, java.lang.Object, int, int, int, int)'> (0x000000008b1b4028) thrown at [./src/hotspot/share/interpreter/linkResolver.cpp, line 773]
Event: 0.707 Thread 0x00000185c6b3d000 Exception <a 'java/lang/NoSuchMethodError'{0x000000008b1b7638}: 'java.lang.Object java.lang.invoke.DirectMethodHandle$Holder.invokeStaticInit(java.lang.Object, java.lang.Object, int, int, int, int)'> (0x000000008b1b7638) thrown at [./src/hotspot/share/interpreter/linkResolver.cpp, line 773]
Event: 0.739 Thread 0x00000185c6b3d000 Exception <a 'java/lang/NoSuchMethodError'{0x000000008b1c2ee8}: 'void java.lang.invoke.DirectMethodHandle$Holder.invokeStatic(java.lang.Object, long)'> (0x000000008b1c2ee8) thrown at [./src/hotspot/share/interpreter/linkResolver.cpp, line 773]
Event: 0.739 Thread 0x00000185c6b3d000 Exception <a 'java/lang/NoSuchMethodError'{0x000000008b1c8100}: 'java.lang.Object java.lang.invoke.DirectMethodHandle$Holder.invokeStatic(java.lang.Object, long)'> (0x000000008b1c8100) thrown at [./src/hotspot/share/interpreter/linkResolver.cpp, line 773]
Event: 0.741 Thread 0x00000185c6b3d000 Exception <a 'java/lang/NoSuchMethodError'{0x000000008b1d6220}: 'java.lang.Object java.lang.invoke.DirectMethodHandle$Holder.invokeStaticInit(java.lang.Object, java.lang.Object, long, java.lang.Object)'> (0x000000008b1d6220) thrown at [./src/hotspot/share/interpreter/linkResolver.cpp, line 773]
Event: 0.741 Thread 0x00000185c6b3d000 Exception <a 'java/lang/NoSuchMethodError'{0x000000008b1dc0d0}: 'java.lang.Object java.lang.invoke.DirectMethodHandle$Holder.invokeStatic(java.lang.Object, java.lang.Object, long)'> (0x000000008b1dc0d0) thrown at [./src/hotspot/share/interpreter/linkResolver.cpp, line 773]
Event: 0.741 Thread 0x00000185c6b3d000 Exception <a 'java/lang/NoSuchMethodError'{0x000000008b1e23a0}: 'java.lang.Object java.lang.invoke.Invokers$Holder.linkToTargetMethod(java.lang.Object, long, java.lang.Object)'> (0x000000008b1e23a0) thrown at [./src/hotspot/share/interpreter/linkResolver.cpp, line 773]
Event: 1.510 Thread 0x00000185c6b3d000 Exception <a 'java/lang/NoSuchMethodError'{0x000000008b325630}: 'void java.lang.invoke.DirectMethodHandle$Holder.invokeStaticInit(java.lang.Object)'> (0x000000008b325630) thrown at [./src/hotspot/share/interpreter/linkResolver.cpp, line 773]
Event: 1.550 Thread 0x00000185c6b3d000 Exception <a 'java/lang/NoSuchMethodError'{0x000000008b2ec828}: 'java.lang.Object java.lang.invoke.DirectMethodHandle$Holder.invokeStatic(java.lang.Object, java.lang.Object, java.lang.Object, java.lang.Object, java.lang.Object, java.lang.Object, java.lang.Object, java.lang.Object, java.lang.Object, java.lang.Object, java.lang.Object, int)'> (0x000000008b2ec828) thrown at [./src/hotspot/share/interpreter/linkResolver.cpp, line 773]
Event: 1.551 Thread 0x00000185c6b3d000 Exception <a 'java/lang/NoSuchMethodError'{0x000000008b10aec8}: 'java.lang.Object java.lang.invoke.DirectMethodHandle$Holder.invokeStatic(java.lang.Object, java.lang.Object, java.lang.Object, java.lang.Object, java.lang.Object, java.lang.Object, java.lang.Object, java.lang.Object, java.lang.Object, java.lang.Object, java.lang.Object, int, int)'> (0x000000008b10aec8) thrown at [./src/hotspot/share/interpreter/linkResolver.cpp, line 773]
Event: 1.552 Thread 0x00000185c6b3d000 Exception <a 'java/lang/NoSuchMethodError'{0x000000008b129e60}: 'java.lang.Object java.lang.invoke.DirectMethodHandle$Holder.invokeStatic(java.lang.Object, java.lang.Object, java.lang.Object, java.lang.Object, java.lang.Object, java.lang.Object, java.lang.Object, java.lang.Object, java.lang.Object, java.lang.Object, java.lang.Object, int, int, java.lang.Object)'> (0x000000008b129e60) thrown at [./src/hotspot/share/interpreter/linkResolver.cpp, line 773]
Event: 1.552 Thread 0x00000185c6b3d000 Exception <a 'java/lang/NoSuchMethodError'{0x000000008b135eb8}: 'java.lang.Object java.lang.invoke.Invokers$Holder.linkToTargetMethod(java.lang.Object, int, java.lang.Object)'> (0x000000008b135eb8) thrown at [./src/hotspot/share/interpreter/linkResolver.cpp, line 773]

Events (20 events):
Event: 1.775 loading class org/joml/Vector3fc
Event: 1.775 loading class org/joml/Vector3fc done
Event: 1.778 loading class org/joml/Vector3i
Event: 1.778 loading class org/joml/Vector3i done
Event: 1.778 loading class org/joml/Vector3ic
Event: 1.778 loading class org/joml/Vector3ic done
Event: 1.779 loading class org/joml/Vector2f
Event: 1.779 loading class org/joml/Vector2f done
Event: 1.779 loading class org/joml/Vector2fc
Event: 1.779 loading class org/joml/Vector2fc done
Event: 1.780 loading class org/joml/Vector2i
Event: 1.780 loading class org/joml/Vector2i done
Event: 1.780 loading class org/joml/Vector2ic
Event: 1.780 loading class org/joml/Vector2ic done
Event: 1.781 loading class org/joml/Quaternionf
Event: 1.781 loading class org/joml/Quaternionf done
Event: 1.782 loading class org/joml/Quaternionfc
Event: 1.782 loading class org/joml/Quaternionfc done
Event: 1.785 loading class org/joml/Math
Event: 1.785 loading class org/joml/Math done


Dynamic libraries:
0x00007ff7497a0000 - 0x00007ff7497ad000 	C:\Program Files\Microsoft\jdk-11.0.12.7-hotspot\bin\java.EXE
0x00007ffc3d7f0000 - 0x00007ffc3da07000 	C:\WINDOWS\SYSTEM32\ntdll.dll
0x00007ffc3d4b0000 - 0x00007ffc3d574000 	C:\WINDOWS\System32\KERNEL32.DLL
0x00007ffc3aca0000 - 0x00007ffc3b04d000 	C:\WINDOWS\System32\KERNELBASE.dll
0x00007ffc3b210000 - 0x00007ffc3b321000 	C:\WINDOWS\System32\ucrtbase.dll
0x00007ffc2fbe0000 - 0x00007ffc2fbf7000 	C:\Program Files\Microsoft\jdk-11.0.12.7-hotspot\bin\jli.dll
0x00007ffc30540000 - 0x00007ffc30555000 	C:\Program Files\Microsoft\jdk-11.0.12.7-hotspot\bin\VCRUNTIME140.dll
0x00007ffc3cb70000 - 0x00007ffc3cd1e000 	C:\WINDOWS\System32\USER32.dll
0x00007ffc3b1e0000 - 0x00007ffc3b206000 	C:\WINDOWS\System32\win32u.dll
0x00007ffc1cd20000 - 0x00007ffc1cfb3000 	C:\WINDOWS\WinSxS\amd64_microsoft.windows.common-controls_6595b64144ccf1df_6.0.22621.3672_none_2713b9d173822955\COMCTL32.dll
0x00007ffc3d580000 - 0x00007ffc3d5a9000 	C:\WINDOWS\System32\GDI32.dll
0x00007ffc3cfb0000 - 0x00007ffc3d057000 	C:\WINDOWS\System32\msvcrt.dll
0x00007ffc3ab80000 - 0x00007ffc3ac99000 	C:\WINDOWS\System32\gdi32full.dll
0x00007ffc3b050000 - 0x00007ffc3b0ea000 	C:\WINDOWS\System32\msvcp_win.dll
0x00007ffc3cd30000 - 0x00007ffc3cd61000 	C:\WINDOWS\System32\IMM32.DLL
0x00007ffc2dca0000 - 0x00007ffc2dd3b000 	C:\Program Files\Microsoft\jdk-11.0.12.7-hotspot\bin\msvcp140.dll
0x00007ffbd52e0000 - 0x00007ffbd5e41000 	C:\Program Files\Microsoft\jdk-11.0.12.7-hotspot\bin\server\jvm.dll
0x00007ffc3d5b0000 - 0x00007ffc3d662000 	C:\WINDOWS\System32\ADVAPI32.dll
0x00007ffc3d3e0000 - 0x00007ffc3d489000 	C:\WINDOWS\System32\sechost.dll
0x00007ffc3b0f0000 - 0x00007ffc3b118000 	C:\WINDOWS\System32\bcrypt.dll
0x00007ffc3ce90000 - 0x00007ffc3cfa4000 	C:\WINDOWS\System32\RPCRT4.dll
0x00007ffc3d670000 - 0x00007ffc3d678000 	C:\WINDOWS\System32\PSAPI.DLL
0x00007ffc266e0000 - 0x00007ffc266ea000 	C:\WINDOWS\SYSTEM32\VERSION.dll
0x00007ffc377a0000 - 0x00007ffc377a9000 	C:\WINDOWS\SYSTEM32\WSOCK32.dll
0x00007ffc3c360000 - 0x00007ffc3c3d1000 	C:\WINDOWS\System32\WS2_32.dll
0x00007ffc34a10000 - 0x00007ffc34a44000 	C:\WINDOWS\SYSTEM32\WINMM.dll
0x00007ffc39b00000 - 0x00007ffc39b18000 	C:\WINDOWS\SYSTEM32\kernel.appcore.dll
0x00007ffc34f60000 - 0x00007ffc34f70000 	C:\Program Files\Microsoft\jdk-11.0.12.7-hotspot\bin\verify.dll
0x00007ffc38270000 - 0x00007ffc384a2000 	C:\WINDOWS\SYSTEM32\DBGHELP.DLL
0x00007ffc3b680000 - 0x00007ffc3ba0e000 	C:\WINDOWS\System32\combase.dll
0x00007ffc3ba10000 - 0x00007ffc3bae7000 	C:\WINDOWS\System32\OLEAUT32.dll
0x00007ffc15b70000 - 0x00007ffc15ba2000 	C:\WINDOWS\SYSTEM32\dbgcore.DLL
0x00007ffc3b330000 - 0x00007ffc3b3ab000 	C:\WINDOWS\System32\bcryptPrimitives.dll
0x00007ffc2f7d0000 - 0x00007ffc2f7f8000 	C:\Program Files\Microsoft\jdk-11.0.12.7-hotspot\bin\java.dll
0x00007ffc34b20000 - 0x00007ffc34b2a000 	C:\Program Files\Microsoft\jdk-11.0.12.7-hotspot\bin\jimage.dll
0x00007ffc2f7b0000 - 0x00007ffc2f7c7000 	C:\Program Files\Microsoft\jdk-11.0.12.7-hotspot\bin\zip.dll
0x00007ffc3baf0000 - 0x00007ffc3c357000 	C:\WINDOWS\System32\SHELL32.dll
0x00007ffc38a90000 - 0x00007ffc3938f000 	C:\WINDOWS\SYSTEM32\windows.storage.dll
0x00007ffc38950000 - 0x00007ffc38a8f000 	C:\WINDOWS\SYSTEM32\wintypes.dll
0x00007ffc3b580000 - 0x00007ffc3b679000 	C:\WINDOWS\System32\SHCORE.dll
0x00007ffc3cb10000 - 0x00007ffc3cb6e000 	C:\WINDOWS\System32\shlwapi.dll
0x00007ffc3aa40000 - 0x00007ffc3aa67000 	C:\WINDOWS\SYSTEM32\profapi.dll
0x00007ffc2ece0000 - 0x00007ffc2ecf9000 	C:\Program Files\Microsoft\jdk-11.0.12.7-hotspot\bin\net.dll
0x00007ffc36330000 - 0x00007ffc36466000 	C:\WINDOWS\SYSTEM32\WINHTTP.dll
0x00007ffc39fd0000 - 0x00007ffc3a039000 	C:\WINDOWS\system32\mswsock.dll
0x00007ffc2e100000 - 0x00007ffc2e112000 	C:\Program Files\Microsoft\jdk-11.0.12.7-hotspot\bin\nio.dll
0x00007ffc0a830000 - 0x00007ffc0a9c9000 	C:\Program Files\Microsoft\jdk-11.0.12.7-hotspot\bin\awt.dll
0x00007ffc31ae0000 - 0x00007ffc31b77000 	C:\WINDOWS\SYSTEM32\apphelp.dll
0x00007ffc37e00000 - 0x00007ffc37e2b000 	C:\WINDOWS\system32\DWMAPI.DLL
0x00007ffc37b70000 - 0x00007ffc37c21000 	C:\WINDOWS\system32\uxtheme.dll
0x00007ffc15fe0000 - 0x00007ffc160e0000 	C:\WINDOWS\system32\opengl32.dll
0x00007ffc1eb40000 - 0x00007ffc1eb6d000 	C:\WINDOWS\SYSTEM32\GLU32.dll
0x00007ffc37c90000 - 0x00007ffc37cc7000 	C:\WINDOWS\SYSTEM32\dxcore.dll
0x00007ffc3d220000 - 0x00007ffc3d37e000 	C:\WINDOWS\System32\MSCTF.dll
0x00007ffc3c950000 - 0x00007ffc3caf5000 	C:\WINDOWS\System32\ole32.dll
0x00007ffc3a220000 - 0x00007ffc3a23b000 	C:\WINDOWS\SYSTEM32\CRYPTSP.dll
0x00007ffc39ac0000 - 0x00007ffc39af5000 	C:\WINDOWS\system32\rsaenh.dll
0x00007ffc3a0c0000 - 0x00007ffc3a0e8000 	C:\WINDOWS\SYSTEM32\USERENV.dll
0x00007ffc3a240000 - 0x00007ffc3a24c000 	C:\WINDOWS\SYSTEM32\CRYPTBASE.dll
0x00007ffc395f0000 - 0x00007ffc3961d000 	C:\WINDOWS\SYSTEM32\IPHLPAPI.DLL
0x00007ffc3cd20000 - 0x00007ffc3cd29000 	C:\WINDOWS\System32\NSI.dll
0x00007ffc36100000 - 0x00007ffc36119000 	C:\WINDOWS\SYSTEM32\dhcpcsvc6.DLL
0x00007ffc35f50000 - 0x00007ffc35f6f000 	C:\WINDOWS\SYSTEM32\dhcpcsvc.DLL
0x00007ffc39620000 - 0x00007ffc39718000 	C:\WINDOWS\SYSTEM32\DNSAPI.dll
0x00007ffc20150000 - 0x00007ffc20163000 	C:\Users\Owner\AppData\Local\Temp\jogamp_0000\file_cache\jln6532028143026950686\jln3324969934007253724\natives\windows-amd64\gluegen_rt.dll
0x00007ffc310f0000 - 0x00007ffc310f7000 	C:\Program Files\Microsoft\jdk-11.0.12.7-hotspot\bin\jawt.dll
0x00007ffc37800000 - 0x00007ffc3780d000 	C:\Users\Owner\AppData\Local\Temp\jogamp_0000\file_cache\jln6532028143026950686\jln3324969934007253724\natives\windows-amd64\nativewindow_awt.dll
0x00007ffc1dd80000 - 0x00007ffc1dd95000 	C:\Users\Owner\AppData\Local\Temp\jogamp_0000\file_cache\jln6532028143026950686\jln3324969934007253724\natives\windows-amd64\nativewindow_win32.dll
0x00007ffc00690000 - 0x00007ffc00713000 	C:\Users\Owner\AppData\Local\Temp\jogamp_0000\file_cache\jln6532028143026950686\jln3324969934007253724\natives\windows-amd64\jogl_desktop.dll
0x00007ffc0a9e0000 - 0x00007ffc0aa32000 	C:\Users\Owner\AppData\Local\Temp\jogamp_0000\file_cache\jln6532028143026950686\jln3324969934007253724\natives\windows-amd64\jogl_mobile.dll
0x00007ffc2f310000 - 0x00007ffc2f359000 	C:\WINDOWS\SYSTEM32\directxdatabasehelper.dll
0x00007ffc3d700000 - 0x00007ffc3d7b0000 	C:\WINDOWS\System32\clbcatq.dll
0x00007ffc35260000 - 0x00007ffc353a2000 	C:\Windows\System32\AppXDeploymentClient.dll
0x00007ffbcf1d0000 - 0x00007ffbd01b3000 	C:\Windows\System32\DriverStore\FileRepository\iigd_dch.inf_amd64_e7a66f741a7f70e8\igxelpicd64.dll
0x00007ffc37cd0000 - 0x00007ffc37dc7000 	C:\WINDOWS\system32\dxgi.dll
0x00007ffbdb410000 - 0x00007ffbdb81d000 	C:\Windows\System32\DriverStore\FileRepository\iigd_dch.inf_amd64_e7a66f741a7f70e8\igdml64.dll
0x00007ffc2bc70000 - 0x00007ffc2c035000 	C:\Windows\System32\DriverStore\FileRepository\iigd_dch.inf_amd64_e7a66f741a7f70e8\igdgmm64.dll
0x00007ffc287a0000 - 0x00007ffc2bc63000 	C:\Windows\System32\DriverStore\FileRepository\iigd_dch.inf_amd64_e7a66f741a7f70e8\igc64.dll
0x00007ffc3a3c0000 - 0x00007ffc3a40d000 	C:\WINDOWS\SYSTEM32\powrprof.dll
0x00007ffc3a3a0000 - 0x00007ffc3a3b3000 	C:\WINDOWS\SYSTEM32\UMPDC.dll
0x00007ffc1ff90000 - 0x00007ffc20016000 	C:\Program Files\Microsoft\jdk-11.0.12.7-hotspot\bin\freetype.dll
0x00007ffc207d0000 - 0x00007ffc207e2000 	C:\Program Files\Microsoft\jdk-11.0.12.7-hotspot\bin\fontmanager.dll
0x00007ffc1dfd0000 - 0x00007ffc1e08c000 	C:\Program Files\Microsoft\jdk-11.0.12.7-hotspot\bin\harfbuzz.dll
0x00007ffc2da30000 - 0x00007ffc2db73000 	C:\WINDOWS\SYSTEM32\textinputframework.dll
0x00007ffc1c230000 - 0x00007ffc1c299000 	C:\WINDOWS\system32\Oleacc.dll
0x00007ffc1d060000 - 0x00007ffc1d0ab000 	C:\WINDOWS\system32\ApplicationTargetedFeatureDatabase.dll
0x00007ffc342d0000 - 0x00007ffc3455a000 	C:\Windows\System32\twinapi.appcore.dll
0x00007ffc316d0000 - 0x00007ffc31803000 	C:\WINDOWS\SYSTEM32\CoreMessaging.dll
0x00007ffc2efa0000 - 0x00007ffc2f30d000 	C:\WINDOWS\SYSTEM32\CoreUIComponents.dll

dbghelp: loaded successfully - version: 4.0.5 - missing functions: none
symbol engine: initialized successfully - sym options: 0x614 - pdb path: .;C:\Program Files\Microsoft\jdk-11.0.12.7-hotspot\bin;C:\WINDOWS\SYSTEM32;C:\WINDOWS\WinSxS\amd64_microsoft.windows.common-controls_6595b64144ccf1df_6.0.22621.3672_none_2713b9d173822955;C:\Program Files\Microsoft\jdk-11.0.12.7-hotspot\bin\server;C:\Users\Owner\AppData\Local\Temp\jogamp_0000\file_cache\jln6532028143026950686\jln3324969934007253724\natives\windows-amd64;C:\Windows\System32\DriverStore\FileRepository\iigd_dch.inf_amd64_e7a66f741a7f70e8

VM Arguments:
java_command: code.Code
java_class_path (initial): ;.;C:\JOGL\jogamp-all-platforms\jar\jogl-all.jar;C:\JOML\JOML-1.10.8;C:\JOGL\jogamp-all-platforms\jar\gluegen-rt.jar;C:\JOML\joml-1.10.0.jar;;C:\Program Files (x86)\jGRASP\extensions\classes
Launcher Type: SUN_STANDARD

[Global flags]
     intx CICompilerCount                          = 4                                         {product} {ergonomic}
     uint ConcGCThreads                            = 2                                         {product} {ergonomic}
     uint G1ConcRefinementThreads                  = 8                                         {product} {ergonomic}
   size_t G1HeapRegionSize                         = 1048576                                   {product} {ergonomic}
    uintx GCDrainStackTargetSize                   = 64                                        {product} {ergonomic}
   size_t InitialHeapSize                          = 132120576                                 {product} {ergonomic}
   size_t MarkStackSize                            = 4194304                                   {product} {ergonomic}
   size_t MaxHeapSize                              = 2082471936                                {product} {ergonomic}
   size_t MaxNewSize                               = 1248854016                                {product} {ergonomic}
   size_t MinHeapDeltaBytes                        = 1048576                                   {product} {ergonomic}
    uintx NonNMethodCodeHeapSize                   = 5836300                                {pd product} {ergonomic}
    uintx NonProfiledCodeHeapSize                  = 122910970                              {pd product} {ergonomic}
    uintx ProfiledCodeHeapSize                     = 122910970                              {pd product} {ergonomic}
    uintx ReservedCodeCacheSize                    = 251658240                              {pd product} {ergonomic}
     bool SegmentedCodeCache                       = true                                      {product} {ergonomic}
     bool UseCompressedClassPointers               = true                                 {lp64_product} {ergonomic}
     bool UseCompressedOops                        = true                                 {lp64_product} {ergonomic}
     bool UseG1GC                                  = true                                      {product} {ergonomic}
     bool UseLargePagesIndividualAllocation        = false                                  {pd product} {ergonomic}

Logging:
Log output configuration:
 #0: stdout all=warning uptime,level,tags
 #1: stderr all=off uptime,level,tags

Environment Variables:
CLASSPATH=;.;C:\JOGL\jogamp-all-platforms\jar\jogl-all.jar;C:\JOML\JOML-1.10.8;C:\JOGL\jogamp-all-platforms\jar\gluegen-rt.jar;C:\JOML\joml-1.10.0.jar;;C:\Program Files (x86)\jGRASP\extensions\classes
PATH=;C:\Program Files\Microsoft\jdk-11.0.12.7-hotspot\bin;C:\Program Files\Microsoft\jdk-11.0.12.7-hotspot\bin;C:\Windows\system32;C:\Windows;C:\Windows\System32\Wbem;C:\Windows\System32\WindowsPowerShell\v1.0\;C:\Windows\System32\OpenSSH\;C:\Program Files\Microsoft SQL Server\150\Tools\Binn\;C:\Program Files\Microsoft SQL Server\Client SDK\ODBC\170\Tools\Binn\;C:\Program Files\Polyspace\R2021a\runtime\win64;C:\Program Files\Polyspace\R2021a\bin;C:\Program Files\Polyspace\R2021a\polyspace\bin;C:\WINDOWS\system32;C:\WINDOWS;C:\WINDOWS\System32\Wbem;C:\WINDOWS\System32\WindowsPowerShell\v1.0\;C:\WINDOWS\System32\OpenSSH\;C:\Program Files\dotnet\;C:\Program Files\PuTTY\;C:\Users\Owner\AppData\Local\Programs\Python\Python312\Scripts\;C:\Users\Owner\AppData\Local\Programs\Python\Python312\;C:\Users\Owner\AppData\Local\Programs\Python\Launcher\;C:\Users\Owner\AppData\Local\Microsoft\WindowsApps;C:\Users\Owner\.dotnet\tools;C:\Users\Owner\AppData\Local\Programs\Microsoft VS Code\bin
USERNAME=Owner
OS=Windows_NT
PROCESSOR_IDENTIFIER=Intel64 Family 6 Model 140 Stepping 1, GenuineIntel



---------------  S Y S T E M  ---------------

OS: Windows 10 , 64 bit Build 22621 (10.0.22621.3958)
OS uptime: 2 days 0:46 hours

CPU:total 8 (initial active 8) (4 cores per cpu, 2 threads per core) family 6 model 140 stepping 1 microcode 0x9a, cmov, cx8, fxsr, mmx, sse, sse2, sse3, ssse3, sse4.1, sse4.2, popcnt, avx, avx2, aes, clmul, erms, 3dnowpref, lzcnt, ht, tsc, tscinvbit, bmi1, bmi2, adx, evex, sha, fma

Memory: 4k page, system-wide physical 7937M (2447M free)
TotalPageFile size 11777M (AvailPageFile size 4451M)
current process WorkingSet (physical memory assigned to process): 235M, peak: 236M
current process commit charge ("private bytes"): 329M, peak: 330M

vm_info: OpenJDK 64-Bit Server VM (11.0.12+7) for windows-amd64 JRE (11.0.12+7), built on Jul 21 2021 15:41:43 by "" with unknown MS VC++:1916

END.
