#
# A fatal error has been detected by the Java Runtime Environment:
#
#  EXCEPTION_ACCESS_VIOLATION (0xc0000005) at pc=0x00007ffbcceb8246, pid=22420, tid=23608
#
# JRE version: OpenJDK Runtime Environment Microsoft-25199 (11.0.12+7) (build 11.0.12+7)
# Java VM: OpenJDK 64-Bit Server VM Microsoft-25199 (11.0.12+7, mixed mode, tiered, compressed oops, g1 gc, windows-amd64)
# Problematic frame:
# C  [igxelpicd64.dll+0x18246]
#
# No core dump will be written. Minidumps are not enabled by default on client versions of Windows
#
# If you would like to submit a bug report, please visit:
#   https://github.com/microsoft/openjdk/issues
# The crash happened outside the Java Virtual Machine in native code.
# See problematic frame for where to report the bug.
#

---------------  S U M M A R Y ------------

Command Line: code.Code

Host: 11th Gen Intel(R) Core(TM) i7-1165G7 @ 2.80GHz, 8 cores, 7G,  Windows 10 , 64 bit Build 22621 (10.0.22621.3958)
Time: Wed Sep 18 12:04:00 2024 Central Daylight Time elapsed time: 2.135086 seconds (0d 0h 0m 2s)

---------------  T H R E A D  ---------------

Current thread (0x000001f4fb81e800):  JavaThread "AWT-EventQueue-0" [_thread_in_native, id=23608, stack(0x0000004807f00000,0x0000004808000000)]

Stack: [0x0000004807f00000,0x0000004808000000],  sp=0x0000004807fb1350,  free space=708k
Native frames: (J=compiled Java code, j=interpreted, Vv=VM code, C=native code)
C  [igxelpicd64.dll+0x18246]

Java frames: (J=compiled Java code, j=interpreted, Vv=VM code)
j  jogamp.opengl.gl4.GL4bcImpl.dispatch_glDrawArrays1(IIIJ)V+0
j  jogamp.opengl.gl4.GL4bcImpl.glDrawArrays(III)V+45
j  code.Code.display(Lcom/jogamp/opengl/GLAutoDrawable;)V+335
j  jogamp.opengl.GLDrawableHelper.displayImpl(Lcom/jogamp/opengl/GLAutoDrawable;)V+62
j  jogamp.opengl.GLDrawableHelper.display(Lcom/jogamp/opengl/GLAutoDrawable;)V+2
j  com.jogamp.opengl.awt.GLCanvas$10.run()V+118
j  jogamp.opengl.GLDrawableHelper.invokeGLImpl(Lcom/jogamp/opengl/GLDrawable;Lcom/jogamp/opengl/GLContext;Ljava/lang/Runnable;Ljava/lang/Runnable;)V+205
j  jogamp.opengl.GLDrawableHelper.invokeGL(Lcom/jogamp/opengl/GLDrawable;Lcom/jogamp/opengl/GLContext;Ljava/lang/Runnable;Ljava/lang/Runnable;)V+75
j  com.jogamp.opengl.awt.GLCanvas$11.run()V+104
j  java.awt.event.InvocationEvent.dispatch()V+11 java.desktop@11.0.12
j  java.awt.EventQueue.dispatchEventImpl(Ljava/awt/AWTEvent;Ljava/lang/Object;)V+21 java.desktop@11.0.12
j  java.awt.EventQueue$4.run()Ljava/lang/Void;+32 java.desktop@11.0.12
j  java.awt.EventQueue$4.run()Ljava/lang/Object;+1 java.desktop@11.0.12
v  ~StubRoutines::call_stub
j  java.security.AccessController.doPrivileged(Ljava/security/PrivilegedAction;Ljava/security/AccessControlContext;)Ljava/lang/Object;+0 java.base@11.0.12
j  java.security.ProtectionDomain$JavaSecurityAccessImpl.doIntersectionPrivilege(Ljava/security/PrivilegedAction;Ljava/security/AccessControlContext;Ljava/security/AccessControlContext;)Ljava/lang/Object;+18 java.base@11.0.12
j  java.awt.EventQueue.dispatchEvent(Ljava/awt/AWTEvent;)V+46 java.desktop@11.0.12
j  java.awt.EventDispatchThread.pumpOneEventForFilters(I)V+78 java.desktop@11.0.12
j  java.awt.EventDispatchThread.pumpEventsForFilter(ILjava/awt/Conditional;Ljava/awt/EventFilter;)V+35 java.desktop@11.0.12
j  java.awt.EventDispatchThread.pumpEventsForHierarchy(ILjava/awt/Conditional;Ljava/awt/Component;)V+11 java.desktop@11.0.12
j  java.awt.EventDispatchThread.pumpEvents(ILjava/awt/Conditional;)V+4 java.desktop@11.0.12
j  java.awt.EventDispatchThread.pumpEvents(Ljava/awt/Conditional;)V+3 java.desktop@11.0.12
j  java.awt.EventDispatchThread.run()V+9 java.desktop@11.0.12
v  ~StubRoutines::call_stub

siginfo: EXCEPTION_ACCESS_VIOLATION (0xc0000005), reading address 0x0000000000000188


Register to memory mapping:

RIP=0x00007ffbcceb8246 igxelpicd64.dll
RAX=0x0 is NULL
RBX=0x0 is NULL
RCX=0x0 is NULL
RDX=0x0000000000000180 is an unknown value
RSP=0x0000004807fb1350 is pointing into the stack for thread: 0x000001f4fb81e800
RBP=0x0000004807fb1450 is pointing into the stack for thread: 0x000001f4fb81e800
RSI=0x000001f4fd439840 points into unknown readable memory: 0x000001f4fbaa5580 | 80 55 aa fb f4 01 00 00
RDI=0x000001f4fda2abf0 points into unknown readable memory: 0x00007ffbcd986e28 | 28 6e 98 cd fb 7f 00 00
R8 =0x0000000000000070 is an unknown value
R9 =0x000001f491080130 points into unknown readable memory: 0x020a600078080003 | 03 00 08 78 00 60 0a 02
R10=0x0 is NULL
R11=0x0 is NULL
R12=0x000001f4fda397d0 points into unknown readable memory: 0x0000000000000000 | 00 00 00 00 00 00 00 00
R13=0x000001f4fd4b7000 points into unknown readable memory: 0x0000b13411000001 | 01 00 00 11 34 b1 00 00
R14=0x0 is NULL
R15=0x000001f4fd46ef50 points into unknown readable memory: 0x0000000000000000 | 00 00 00 00 00 00 00 00


Registers:
RAX=0x0000000000000000, RBX=0x0000000000000000, RCX=0x0000000000000000, RDX=0x0000000000000180
RSP=0x0000004807fb1350, RBP=0x0000004807fb1450, RSI=0x000001f4fd439840, RDI=0x000001f4fda2abf0
R8 =0x0000000000000070, R9 =0x000001f491080130, R10=0x0000000000000000, R11=0x0000000000000000
R12=0x000001f4fda397d0, R13=0x000001f4fd4b7000, R14=0x0000000000000000, R15=0x000001f4fd46ef50
RIP=0x00007ffbcceb8246, EFLAGS=0x0000000000010202

Top of Stack: (sp=0x0000004807fb1350)
0x0000004807fb1350:   0000000000000000 000001f4fd439840
0x0000004807fb1360:   000001f4fd439840 000001f4fd4b7570
0x0000004807fb1370:   000001f4fd4b7570 000001f4fd479c38
0x0000004807fb1380:   000001f4fd479c44 000001f4fd479c50
0x0000004807fb1390:   000001f4fd479c5c 000001f4fd479c68
0x0000004807fb13a0:   0000000000000001 0000000000000000
0x0000004807fb13b0:   0000000000000000 0000000000000000
0x0000004807fb13c0:   0000000000000000 0000000000000000
0x0000004807fb13d0:   0000000000000000 000001f4fda397d0
0x0000004807fb13e0:   000001f4fd465250 000001f4fd4cbfa0
0x0000004807fb13f0:   0000000000000000 000001f400000000
0x0000004807fb1400:   000001f4fd4cbfa0 000001f4fd4dfe48
0x0000004807fb1410:   000001f491080130 000001f4911c0010
0x0000004807fb1420:   000001f4fd4dfe58 000001f4fd4b7000
0x0000004807fb1430:   0000000000000000 000001f4fd6b66e0
0x0000004807fb1440:   000001f4fd4b7000 0000000000000000 

Instructions: (pc=0x00007ffbcceb8246)
0x00007ffbcceb8146:   49 03 d5 48 8b 5d 18 48 83 c3 04 4a 8d 1c d3 48
0x00007ffbcceb8156:   81 fb 00 10 00 00 76 1b 48 85 d2 74 16 41 b8 08
0x00007ffbcceb8166:   00 00 00 48 8b cb e8 cf e5 ff ff 4c 8b 55 70 44
0x00007ffbcceb8176:   8b 5d a8 4c 8b 8d 10 0e 00 00 4d 85 c9 74 68 8b
0x00007ffbcceb8186:   0b 8b d1 81 e2 ff 0f 00 00 48 c1 e9 10 81 e1 ff
0x00007ffbcceb8196:   01 00 00 48 8b 05 68 34 ef 00 44 8b 04 c8 49 c1
0x00007ffbcceb81a6:   e8 10 41 83 e0 3f 41 83 c0 03 41 83 e0 fc 8b 85
0x00007ffbcceb81b6:   18 0e 00 00 48 8d 0c 40 41 89 14 89 45 89 44 89
0x00007ffbcceb81c6:   04 8b 9d cc 00 00 00 41 89 5c 89 08 ff 85 18 0e
0x00007ffbcceb81d6:   00 00 41 8d 04 10 3b 45 40 76 03 89 45 40 41 03
0x00007ffbcceb81e6:   d8 89 9d cc 00 00 00 42 0f b6 84 97 59 05 00 00
0x00007ffbcceb81f6:   a8 08 0f 85 f8 b7 93 00 49 0f be 84 3a 2e 05 00
0x00007ffbcceb8206:   00 4c 8b 84 c5 e0 a5 04 00 4d 85 c0 0f 84 cb 4d
0x00007ffbcceb8216:   00 00 8b 8e 80 17 04 00 41 8b db 83 f9 10 0f 83
0x00007ffbcceb8226:   ce 3b 00 00 48 8d 14 cd 22 00 00 00 48 03 d1 4c
0x00007ffbcceb8236:   8b 4d c0 4c 89 4d 08 49 8d 14 d0 48 85 d2 74 0d
0x00007ffbcceb8246:   48 8b 52 08 48 85 d2 0f 85 ec a9 00 00 44 8b 5d
0x00007ffbcceb8256:   60 41 ff c3 44 89 5d 60 ff c3 0f b6 87 ca 04 00
0x00007ffbcceb8266:   00 44 3b d8 0f 82 1f fe ff ff 4c 8b 55 18 84 c0
0x00007ffbcceb8276:   0f 84 d3 b7 93 00 44 8b 9d cc 00 00 00 4d 85 e4
0x00007ffbcceb8286:   0f 84 34 4c 00 00 48 8b 05 4d 97 e0 00 83 b8 e0
0x00007ffbcceb8296:   04 00 00 00 0f 84 20 4c 00 00 4c 8b 45 08 4d 85
0x00007ffbcceb82a6:   c0 0f 84 13 4c 00 00 48 83 bd 10 0e 00 00 00 0f
0x00007ffbcceb82b6:   84 05 4c 00 00 48 8b 86 48 53 03 00 48 89 45 70
0x00007ffbcceb82c6:   8b 85 24 01 00 00 89 45 a8 83 bd c8 00 00 00 01
0x00007ffbcceb82d6:   0f 85 e4 4b 00 00 83 bd 90 00 00 00 01 0f 82 d7
0x00007ffbcceb82e6:   4b 00 00 41 80 bc 24 04 02 00 00 00 0f 84 c8 4b
0x00007ffbcceb82f6:   00 00 41 80 7c 24 41 00 0f 85 bc 4b 00 00 49 8b
0x00007ffbcceb8306:   84 24 38 02 00 00 48 8b 48 28 48 8b 51 20 8b 8e
0x00007ffbcceb8316:   80 17 04 00 83 f9 10 0f 82 47 64 00 00 44 8d 49
0x00007ffbcceb8326:   f0 41 8b c1 c1 e8 04 83 f8 03 0f 82 3b 7e 00 00
0x00007ffbcceb8336:   48 8b 82 a8 05 00 00 48 85 c0 0f 84 40 7e 00 00 


Stack slot to memory mapping:
stack at sp + 0 slots: 0x0 is NULL
stack at sp + 1 slots: 0x000001f4fd439840 points into unknown readable memory: 0x000001f4fbaa5580 | 80 55 aa fb f4 01 00 00
stack at sp + 2 slots: 0x000001f4fd439840 points into unknown readable memory: 0x000001f4fbaa5580 | 80 55 aa fb f4 01 00 00
stack at sp + 3 slots: 0x000001f4fd4b7570 points into unknown readable memory: 0x0000040278130002 | 02 00 13 78 02 04 00 00
stack at sp + 4 slots: 0x000001f4fd4b7570 points into unknown readable memory: 0x0000040278130002 | 02 00 13 78 02 04 00 00
stack at sp + 5 slots: 0x000001f4fd479c38 points into unknown readable memory: 0x00000df800000001 | 01 00 00 00 f8 0d 00 00
stack at sp + 6 slots: 0x000001f4fd479c44 points into unknown readable memory: 01 00 00 00
stack at sp + 7 slots: 0x000001f4fd479c50 points into unknown readable memory: 0x0000000000000000 | 00 00 00 00 00 00 00 00


---------------  P R O C E S S  ---------------

Threads class SMR info:
_java_thread_list=0x000001f4fd5e4b40, length=16, elements={
0x000001f4fa70d800, 0x000001f4fa6fe800, 0x000001f4fa714800, 0x000001f4fa718000,
0x000001f4fa71b000, 0x000001f4fa71c000, 0x000001f4fa71e000, 0x000001f4fb022800,
0x000001f4fb202000, 0x000001f4fb5c8800, 0x000001f4fb5c9000, 0x000001f4fb56f000,
0x000001f4fb81e800, 0x000001f4fb81f000, 0x000001f4fb820000, 0x000001f4fb821000
}

Java Threads: ( => current thread )
  0x000001f4fa70d800 JavaThread "Reference Handler" daemon [_thread_blocked, id=22952, stack(0x0000004807200000,0x0000004807300000)]
  0x000001f4fa6fe800 JavaThread "Finalizer" daemon [_thread_blocked, id=24464, stack(0x0000004807300000,0x0000004807400000)]
  0x000001f4fa714800 JavaThread "Signal Dispatcher" daemon [_thread_blocked, id=3620, stack(0x0000004807400000,0x0000004807500000)]
  0x000001f4fa718000 JavaThread "Attach Listener" daemon [_thread_blocked, id=9588, stack(0x0000004807500000,0x0000004807600000)]
  0x000001f4fa71b000 JavaThread "Service Thread" daemon [_thread_blocked, id=16916, stack(0x0000004807600000,0x0000004807700000)]
  0x000001f4fa71c000 JavaThread "C2 CompilerThread0" daemon [_thread_blocked, id=23284, stack(0x0000004807700000,0x0000004807800000)]
  0x000001f4fa71e000 JavaThread "C1 CompilerThread0" daemon [_thread_blocked, id=19672, stack(0x0000004807800000,0x0000004807900000)]
  0x000001f4fb022800 JavaThread "Sweeper thread" daemon [_thread_blocked, id=24140, stack(0x0000004807900000,0x0000004807a00000)]
  0x000001f4fb202000 JavaThread "Common-Cleaner" daemon [_thread_blocked, id=3296, stack(0x0000004807b00000,0x0000004807c00000)]
  0x000001f4fb5c8800 JavaThread "Java2D Disposer" daemon [_thread_blocked, id=23164, stack(0x0000004807c00000,0x0000004807d00000)]
  0x000001f4fb5c9000 JavaThread "AWT-Shutdown" [_thread_blocked, id=23200, stack(0x0000004807d00000,0x0000004807e00000)]
  0x000001f4fb56f000 JavaThread "AWT-Windows" daemon [_thread_in_native, id=26184, stack(0x0000004807e00000,0x0000004807f00000)]
=>0x000001f4fb81e800 JavaThread "AWT-EventQueue-0" [_thread_in_native, id=23608, stack(0x0000004807f00000,0x0000004808000000)]
  0x000001f4fb81f000 JavaThread "main-SharedResourceRunner" daemon [_thread_blocked, id=1720, stack(0x0000004808000000,0x0000004808100000)]
  0x000001f4fb820000 JavaThread "main-AWTAnimator#00" [_thread_blocked, id=18740, stack(0x0000004808900000,0x0000004808a00000)]
  0x000001f4fb821000 JavaThread "DestroyJavaVM" [_thread_blocked, id=24108, stack(0x0000004806b00000,0x0000004806c00000)]

Other Threads:
  0x000001f4fa6d9000 VMThread "VM Thread" [stack: 0x0000004807100000,0x0000004807200000] [id=18488]
  0x000001f4fb207000 WatcherThread [stack: 0x0000004807a00000,0x0000004807b00000] [id=24780]
  0x000001f4ea887000 GCTaskThread "GC Thread#0" [stack: 0x0000004806c00000,0x0000004806d00000] [id=5680]
  0x000001f4fd7ad000 GCTaskThread "GC Thread#1" [stack: 0x0000004808400000,0x0000004808500000] [id=1572]
  0x000001f4fd7ad800 GCTaskThread "GC Thread#2" [stack: 0x0000004808500000,0x0000004808600000] [id=21048]
  0x000001f4fd7ae800 GCTaskThread "GC Thread#3" [stack: 0x0000004808600000,0x0000004808700000] [id=12176]
  0x000001f4fd7af000 GCTaskThread "GC Thread#4" [stack: 0x0000004808700000,0x0000004808800000] [id=9180]
  0x000001f4fd7af800 GCTaskThread "GC Thread#5" [stack: 0x0000004808800000,0x0000004808900000] [id=20408]
  0x000001f4fd77c800 GCTaskThread "GC Thread#6" [stack: 0x0000004808b00000,0x0000004808c00000] [id=15144]
  0x000001f4fd77d000 GCTaskThread "GC Thread#7" [stack: 0x0000004808c00000,0x0000004808d00000] [id=12608]
  0x000001f4ea8b7000 ConcurrentGCThread "G1 Main Marker" [stack: 0x0000004806d00000,0x0000004806e00000] [id=15264]
  0x000001f4ea8b8000 ConcurrentGCThread "G1 Conc#0" [stack: 0x0000004806e00000,0x0000004806f00000] [id=13744]
  0x000001f4fde27800 ConcurrentGCThread "G1 Conc#1" [stack: 0x0000004808d00000,0x0000004808e00000] [id=11792]
  0x000001f4fa540800 ConcurrentGCThread "G1 Refine#0" [stack: 0x0000004806f00000,0x0000004807000000] [id=26076]
  0x000001f4fa541000 ConcurrentGCThread "G1 Young RemSet Sampling" [stack: 0x0000004807000000,0x0000004807100000] [id=10520]

Threads with active compile tasks:

VM state:not at safepoint (normal execution)

VM Mutex/Monitor currently owned by a thread: None

Heap address: 0x0000000083e00000, size: 1986 MB, Compressed Oops mode: 32-bit
Narrow klass base: 0x0000000000000000, Narrow klass shift: 3
Compressed class space size: 1073741824 Address: 0x0000000100000000

Heap:
 garbage-first heap   total 129024K, used 10508K [0x0000000083e00000, 0x0000000100000000)
  region size 1024K, 9 young (9216K), 5 survivors (5120K)
 Metaspace       used 22695K, capacity 23112K, committed 23472K, reserved 1071104K
  class space    used 1990K, capacity 2220K, committed 2304K, reserved 1048576K
Heap Regions: E=young(eden), S=young(survivor), O=old, HS=humongous(starts), HC=humongous(continues), CS=collection set, F=free, A=archive, TAMS=top-at-mark-start (previous, next)
|   0|0x0000000083e00000, 0x0000000083f00000, 0x0000000083f00000|100%|HS|  |TAMS 0x0000000083f00000, 0x0000000083e00000| Complete 
|   1|0x0000000083f00000, 0x0000000084000000, 0x0000000084000000|100%|HC|  |TAMS 0x0000000084000000, 0x0000000083f00000| Complete 
|   2|0x0000000084000000, 0x0000000084100000, 0x0000000084100000|100%|HC|  |TAMS 0x0000000084100000, 0x0000000084000000| Complete 
|   3|0x0000000084100000, 0x0000000084100000, 0x0000000084200000|  0%| F|  |TAMS 0x0000000084100000, 0x0000000084100000| Untracked 
|   4|0x0000000084200000, 0x0000000084200000, 0x0000000084300000|  0%| F|  |TAMS 0x0000000084200000, 0x0000000084200000| Untracked 
|   5|0x0000000084300000, 0x0000000084300000, 0x0000000084400000|  0%| F|  |TAMS 0x0000000084300000, 0x0000000084300000| Untracked 
|   6|0x0000000084400000, 0x0000000084400000, 0x0000000084500000|  0%| F|  |TAMS 0x0000000084400000, 0x0000000084400000| Untracked 
|   7|0x0000000084500000, 0x0000000084500000, 0x0000000084600000|  0%| F|  |TAMS 0x0000000084500000, 0x0000000084500000| Untracked 
|   8|0x0000000084600000, 0x0000000084600000, 0x0000000084700000|  0%| F|  |TAMS 0x0000000084600000, 0x0000000084600000| Untracked 
|   9|0x0000000084700000, 0x0000000084700000, 0x0000000084800000|  0%| F|  |TAMS 0x0000000084700000, 0x0000000084700000| Untracked 
|  10|0x0000000084800000, 0x0000000084800000, 0x0000000084900000|  0%| F|  |TAMS 0x0000000084800000, 0x0000000084800000| Untracked 
|  11|0x0000000084900000, 0x0000000084900000, 0x0000000084a00000|  0%| F|  |TAMS 0x0000000084900000, 0x0000000084900000| Untracked 
|  12|0x0000000084a00000, 0x0000000084a00000, 0x0000000084b00000|  0%| F|  |TAMS 0x0000000084a00000, 0x0000000084a00000| Untracked 
|  13|0x0000000084b00000, 0x0000000084b00000, 0x0000000084c00000|  0%| F|  |TAMS 0x0000000084b00000, 0x0000000084b00000| Untracked 
|  14|0x0000000084c00000, 0x0000000084c00000, 0x0000000084d00000|  0%| F|  |TAMS 0x0000000084c00000, 0x0000000084c00000| Untracked 
|  15|0x0000000084d00000, 0x0000000084d00000, 0x0000000084e00000|  0%| F|  |TAMS 0x0000000084d00000, 0x0000000084d00000| Untracked 
|  16|0x0000000084e00000, 0x0000000084e00000, 0x0000000084f00000|  0%| F|  |TAMS 0x0000000084e00000, 0x0000000084e00000| Untracked 
|  17|0x0000000084f00000, 0x0000000084f00000, 0x0000000085000000|  0%| F|  |TAMS 0x0000000084f00000, 0x0000000084f00000| Untracked 
|  18|0x0000000085000000, 0x0000000085000000, 0x0000000085100000|  0%| F|  |TAMS 0x0000000085000000, 0x0000000085000000| Untracked 
|  19|0x0000000085100000, 0x0000000085100000, 0x0000000085200000|  0%| F|  |TAMS 0x0000000085100000, 0x0000000085100000| Untracked 
|  20|0x0000000085200000, 0x0000000085200000, 0x0000000085300000|  0%| F|  |TAMS 0x0000000085200000, 0x0000000085200000| Untracked 
|  21|0x0000000085300000, 0x0000000085300000, 0x0000000085400000|  0%| F|  |TAMS 0x0000000085300000, 0x0000000085300000| Untracked 
|  22|0x0000000085400000, 0x0000000085400000, 0x0000000085500000|  0%| F|  |TAMS 0x0000000085400000, 0x0000000085400000| Untracked 
|  23|0x0000000085500000, 0x0000000085500000, 0x0000000085600000|  0%| F|  |TAMS 0x0000000085500000, 0x0000000085500000| Untracked 
|  24|0x0000000085600000, 0x0000000085600000, 0x0000000085700000|  0%| F|  |TAMS 0x0000000085600000, 0x0000000085600000| Untracked 
|  25|0x0000000085700000, 0x0000000085700000, 0x0000000085800000|  0%| F|  |TAMS 0x0000000085700000, 0x0000000085700000| Untracked 
|  26|0x0000000085800000, 0x0000000085800000, 0x0000000085900000|  0%| F|  |TAMS 0x0000000085800000, 0x0000000085800000| Untracked 
|  27|0x0000000085900000, 0x0000000085900000, 0x0000000085a00000|  0%| F|  |TAMS 0x0000000085900000, 0x0000000085900000| Untracked 
|  28|0x0000000085a00000, 0x0000000085a00000, 0x0000000085b00000|  0%| F|  |TAMS 0x0000000085a00000, 0x0000000085a00000| Untracked 
|  29|0x0000000085b00000, 0x0000000085b00000, 0x0000000085c00000|  0%| F|  |TAMS 0x0000000085b00000, 0x0000000085b00000| Untracked 
|  30|0x0000000085c00000, 0x0000000085c00000, 0x0000000085d00000|  0%| F|  |TAMS 0x0000000085c00000, 0x0000000085c00000| Untracked 
|  31|0x0000000085d00000, 0x0000000085d00000, 0x0000000085e00000|  0%| F|  |TAMS 0x0000000085d00000, 0x0000000085d00000| Untracked 
|  32|0x0000000085e00000, 0x0000000085e00000, 0x0000000085f00000|  0%| F|  |TAMS 0x0000000085e00000, 0x0000000085e00000| Untracked 
|  33|0x0000000085f00000, 0x0000000085f00000, 0x0000000086000000|  0%| F|  |TAMS 0x0000000085f00000, 0x0000000085f00000| Untracked 
|  34|0x0000000086000000, 0x0000000086000000, 0x0000000086100000|  0%| F|  |TAMS 0x0000000086000000, 0x0000000086000000| Untracked 
|  35|0x0000000086100000, 0x0000000086100000, 0x0000000086200000|  0%| F|  |TAMS 0x0000000086100000, 0x0000000086100000| Untracked 
|  36|0x0000000086200000, 0x0000000086200000, 0x0000000086300000|  0%| F|  |TAMS 0x0000000086200000, 0x0000000086200000| Untracked 
|  37|0x0000000086300000, 0x0000000086300000, 0x0000000086400000|  0%| F|  |TAMS 0x0000000086300000, 0x0000000086300000| Untracked 
|  38|0x0000000086400000, 0x0000000086400000, 0x0000000086500000|  0%| F|  |TAMS 0x0000000086400000, 0x0000000086400000| Untracked 
|  39|0x0000000086500000, 0x0000000086500000, 0x0000000086600000|  0%| F|  |TAMS 0x0000000086500000, 0x0000000086500000| Untracked 
|  40|0x0000000086600000, 0x0000000086600000, 0x0000000086700000|  0%| F|  |TAMS 0x0000000086600000, 0x0000000086600000| Untracked 
|  41|0x0000000086700000, 0x0000000086700000, 0x0000000086800000|  0%| F|  |TAMS 0x0000000086700000, 0x0000000086700000| Untracked 
|  42|0x0000000086800000, 0x0000000086800000, 0x0000000086900000|  0%| F|  |TAMS 0x0000000086800000, 0x0000000086800000| Untracked 
|  43|0x0000000086900000, 0x0000000086900000, 0x0000000086a00000|  0%| F|  |TAMS 0x0000000086900000, 0x0000000086900000| Untracked 
|  44|0x0000000086a00000, 0x0000000086a00000, 0x0000000086b00000|  0%| F|  |TAMS 0x0000000086a00000, 0x0000000086a00000| Untracked 
|  45|0x0000000086b00000, 0x0000000086b00000, 0x0000000086c00000|  0%| F|  |TAMS 0x0000000086b00000, 0x0000000086b00000| Untracked 
|  46|0x0000000086c00000, 0x0000000086c00000, 0x0000000086d00000|  0%| F|  |TAMS 0x0000000086c00000, 0x0000000086c00000| Untracked 
|  47|0x0000000086d00000, 0x0000000086d00000, 0x0000000086e00000|  0%| F|  |TAMS 0x0000000086d00000, 0x0000000086d00000| Untracked 
|  48|0x0000000086e00000, 0x0000000086e00000, 0x0000000086f00000|  0%| F|  |TAMS 0x0000000086e00000, 0x0000000086e00000| Untracked 
|  49|0x0000000086f00000, 0x0000000086f00000, 0x0000000087000000|  0%| F|  |TAMS 0x0000000086f00000, 0x0000000086f00000| Untracked 
|  50|0x0000000087000000, 0x0000000087000000, 0x0000000087100000|  0%| F|  |TAMS 0x0000000087000000, 0x0000000087000000| Untracked 
|  51|0x0000000087100000, 0x0000000087100000, 0x0000000087200000|  0%| F|  |TAMS 0x0000000087100000, 0x0000000087100000| Untracked 
|  52|0x0000000087200000, 0x0000000087200000, 0x0000000087300000|  0%| F|  |TAMS 0x0000000087200000, 0x0000000087200000| Untracked 
|  53|0x0000000087300000, 0x0000000087300000, 0x0000000087400000|  0%| F|  |TAMS 0x0000000087300000, 0x0000000087300000| Untracked 
|  54|0x0000000087400000, 0x0000000087400000, 0x0000000087500000|  0%| F|  |TAMS 0x0000000087400000, 0x0000000087400000| Untracked 
|  55|0x0000000087500000, 0x0000000087500000, 0x0000000087600000|  0%| F|  |TAMS 0x0000000087500000, 0x0000000087500000| Untracked 
|  56|0x0000000087600000, 0x0000000087600000, 0x0000000087700000|  0%| F|  |TAMS 0x0000000087600000, 0x0000000087600000| Untracked 
|  57|0x0000000087700000, 0x0000000087700000, 0x0000000087800000|  0%| F|  |TAMS 0x0000000087700000, 0x0000000087700000| Untracked 
|  58|0x0000000087800000, 0x0000000087800000, 0x0000000087900000|  0%| F|  |TAMS 0x0000000087800000, 0x0000000087800000| Untracked 
|  59|0x0000000087900000, 0x0000000087900000, 0x0000000087a00000|  0%| F|  |TAMS 0x0000000087900000, 0x0000000087900000| Untracked 
|  60|0x0000000087a00000, 0x0000000087a00000, 0x0000000087b00000|  0%| F|  |TAMS 0x0000000087a00000, 0x0000000087a00000| Untracked 
|  61|0x0000000087b00000, 0x0000000087b00000, 0x0000000087c00000|  0%| F|  |TAMS 0x0000000087b00000, 0x0000000087b00000| Untracked 
|  62|0x0000000087c00000, 0x0000000087c00000, 0x0000000087d00000|  0%| F|  |TAMS 0x0000000087c00000, 0x0000000087c00000| Untracked 
|  63|0x0000000087d00000, 0x0000000087d00000, 0x0000000087e00000|  0%| F|  |TAMS 0x0000000087d00000, 0x0000000087d00000| Untracked 
|  64|0x0000000087e00000, 0x0000000087e00000, 0x0000000087f00000|  0%| F|  |TAMS 0x0000000087e00000, 0x0000000087e00000| Untracked 
|  65|0x0000000087f00000, 0x0000000087f00000, 0x0000000088000000|  0%| F|  |TAMS 0x0000000087f00000, 0x0000000087f00000| Untracked 
|  66|0x0000000088000000, 0x0000000088000000, 0x0000000088100000|  0%| F|  |TAMS 0x0000000088000000, 0x0000000088000000| Untracked 
|  67|0x0000000088100000, 0x0000000088100000, 0x0000000088200000|  0%| F|  |TAMS 0x0000000088100000, 0x0000000088100000| Untracked 
|  68|0x0000000088200000, 0x0000000088200000, 0x0000000088300000|  0%| F|  |TAMS 0x0000000088200000, 0x0000000088200000| Untracked 
|  69|0x0000000088300000, 0x0000000088300000, 0x0000000088400000|  0%| F|  |TAMS 0x0000000088300000, 0x0000000088300000| Untracked 
|  70|0x0000000088400000, 0x0000000088400000, 0x0000000088500000|  0%| F|  |TAMS 0x0000000088400000, 0x0000000088400000| Untracked 
|  71|0x0000000088500000, 0x0000000088500000, 0x0000000088600000|  0%| F|  |TAMS 0x0000000088500000, 0x0000000088500000| Untracked 
|  72|0x0000000088600000, 0x0000000088600000, 0x0000000088700000|  0%| F|  |TAMS 0x0000000088600000, 0x0000000088600000| Untracked 
|  73|0x0000000088700000, 0x0000000088700000, 0x0000000088800000|  0%| F|  |TAMS 0x0000000088700000, 0x0000000088700000| Untracked 
|  74|0x0000000088800000, 0x0000000088800000, 0x0000000088900000|  0%| F|  |TAMS 0x0000000088800000, 0x0000000088800000| Untracked 
|  75|0x0000000088900000, 0x0000000088900000, 0x0000000088a00000|  0%| F|  |TAMS 0x0000000088900000, 0x0000000088900000| Untracked 
|  76|0x0000000088a00000, 0x0000000088a00000, 0x0000000088b00000|  0%| F|  |TAMS 0x0000000088a00000, 0x0000000088a00000| Untracked 
|  77|0x0000000088b00000, 0x0000000088b00000, 0x0000000088c00000|  0%| F|  |TAMS 0x0000000088b00000, 0x0000000088b00000| Untracked 
|  78|0x0000000088c00000, 0x0000000088c00000, 0x0000000088d00000|  0%| F|  |TAMS 0x0000000088c00000, 0x0000000088c00000| Untracked 
|  79|0x0000000088d00000, 0x0000000088d00000, 0x0000000088e00000|  0%| F|  |TAMS 0x0000000088d00000, 0x0000000088d00000| Untracked 
|  80|0x0000000088e00000, 0x0000000088e00000, 0x0000000088f00000|  0%| F|  |TAMS 0x0000000088e00000, 0x0000000088e00000| Untracked 
|  81|0x0000000088f00000, 0x0000000088f00000, 0x0000000089000000|  0%| F|  |TAMS 0x0000000088f00000, 0x0000000088f00000| Untracked 
|  82|0x0000000089000000, 0x0000000089000000, 0x0000000089100000|  0%| F|  |TAMS 0x0000000089000000, 0x0000000089000000| Untracked 
|  83|0x0000000089100000, 0x0000000089100000, 0x0000000089200000|  0%| F|  |TAMS 0x0000000089100000, 0x0000000089100000| Untracked 
|  84|0x0000000089200000, 0x0000000089200000, 0x0000000089300000|  0%| F|  |TAMS 0x0000000089200000, 0x0000000089200000| Untracked 
|  85|0x0000000089300000, 0x0000000089300000, 0x0000000089400000|  0%| F|  |TAMS 0x0000000089300000, 0x0000000089300000| Untracked 
|  86|0x0000000089400000, 0x0000000089400000, 0x0000000089500000|  0%| F|  |TAMS 0x0000000089400000, 0x0000000089400000| Untracked 
|  87|0x0000000089500000, 0x0000000089500000, 0x0000000089600000|  0%| F|  |TAMS 0x0000000089500000, 0x0000000089500000| Untracked 
|  88|0x0000000089600000, 0x0000000089600000, 0x0000000089700000|  0%| F|  |TAMS 0x0000000089600000, 0x0000000089600000| Untracked 
|  89|0x0000000089700000, 0x0000000089700000, 0x0000000089800000|  0%| F|  |TAMS 0x0000000089700000, 0x0000000089700000| Untracked 
|  90|0x0000000089800000, 0x0000000089800000, 0x0000000089900000|  0%| F|  |TAMS 0x0000000089800000, 0x0000000089800000| Untracked 
|  91|0x0000000089900000, 0x0000000089900000, 0x0000000089a00000|  0%| F|  |TAMS 0x0000000089900000, 0x0000000089900000| Untracked 
|  92|0x0000000089a00000, 0x0000000089a00000, 0x0000000089b00000|  0%| F|  |TAMS 0x0000000089a00000, 0x0000000089a00000| Untracked 
|  93|0x0000000089b00000, 0x0000000089b00000, 0x0000000089c00000|  0%| F|  |TAMS 0x0000000089b00000, 0x0000000089b00000| Untracked 
|  94|0x0000000089c00000, 0x0000000089c00000, 0x0000000089d00000|  0%| F|  |TAMS 0x0000000089c00000, 0x0000000089c00000| Untracked 
|  95|0x0000000089d00000, 0x0000000089d00000, 0x0000000089e00000|  0%| F|  |TAMS 0x0000000089d00000, 0x0000000089d00000| Untracked 
|  96|0x0000000089e00000, 0x0000000089e00000, 0x0000000089f00000|  0%| F|  |TAMS 0x0000000089e00000, 0x0000000089e00000| Untracked 
|  97|0x0000000089f00000, 0x0000000089f00000, 0x000000008a000000|  0%| F|  |TAMS 0x0000000089f00000, 0x0000000089f00000| Untracked 
|  98|0x000000008a000000, 0x000000008a000000, 0x000000008a100000|  0%| F|  |TAMS 0x000000008a000000, 0x000000008a000000| Untracked 
|  99|0x000000008a100000, 0x000000008a100000, 0x000000008a200000|  0%| F|  |TAMS 0x000000008a100000, 0x000000008a100000| Untracked 
| 100|0x000000008a200000, 0x000000008a200000, 0x000000008a300000|  0%| F|  |TAMS 0x000000008a200000, 0x000000008a200000| Untracked 
| 101|0x000000008a300000, 0x000000008a300000, 0x000000008a400000|  0%| F|  |TAMS 0x000000008a300000, 0x000000008a300000| Untracked 
| 102|0x000000008a400000, 0x000000008a400000, 0x000000008a500000|  0%| F|  |TAMS 0x000000008a400000, 0x000000008a400000| Untracked 
| 103|0x000000008a500000, 0x000000008a500000, 0x000000008a600000|  0%| F|  |TAMS 0x000000008a500000, 0x000000008a500000| Untracked 
| 104|0x000000008a600000, 0x000000008a600000, 0x000000008a700000|  0%| F|  |TAMS 0x000000008a600000, 0x000000008a600000| Untracked 
| 105|0x000000008a700000, 0x000000008a700000, 0x000000008a800000|  0%| F|  |TAMS 0x000000008a700000, 0x000000008a700000| Untracked 
| 106|0x000000008a800000, 0x000000008a800000, 0x000000008a900000|  0%| F|  |TAMS 0x000000008a800000, 0x000000008a800000| Untracked 
| 107|0x000000008a900000, 0x000000008a900000, 0x000000008aa00000|  0%| F|  |TAMS 0x000000008a900000, 0x000000008a900000| Untracked 
| 108|0x000000008aa00000, 0x000000008aa00000, 0x000000008ab00000|  0%| F|  |TAMS 0x000000008aa00000, 0x000000008aa00000| Untracked 
| 109|0x000000008ab00000, 0x000000008ab432d0, 0x000000008ac00000| 26%| S|CS|TAMS 0x000000008ab00000, 0x000000008ab00000| Complete 
| 110|0x000000008ac00000, 0x000000008ad00000, 0x000000008ad00000|100%| S|CS|TAMS 0x000000008ac00000, 0x000000008ac00000| Complete 
| 111|0x000000008ad00000, 0x000000008ae00000, 0x000000008ae00000|100%| S|CS|TAMS 0x000000008ad00000, 0x000000008ad00000| Complete 
| 112|0x000000008ae00000, 0x000000008af00000, 0x000000008af00000|100%| S|CS|TAMS 0x000000008ae00000, 0x000000008ae00000| Complete 
| 113|0x000000008af00000, 0x000000008b000000, 0x000000008b000000|100%| S|CS|TAMS 0x000000008af00000, 0x000000008af00000| Complete 
| 114|0x000000008b000000, 0x000000008b000000, 0x000000008b100000|  0%| F|  |TAMS 0x000000008b000000, 0x000000008b000000| Untracked 
| 115|0x000000008b100000, 0x000000008b100000, 0x000000008b200000|  0%| F|  |TAMS 0x000000008b100000, 0x000000008b100000| Untracked 
| 116|0x000000008b200000, 0x000000008b200000, 0x000000008b300000|  0%| F|  |TAMS 0x000000008b200000, 0x000000008b200000| Untracked 
| 117|0x000000008b300000, 0x000000008b300000, 0x000000008b400000|  0%| F|  |TAMS 0x000000008b300000, 0x000000008b300000| Untracked 
| 118|0x000000008b400000, 0x000000008b400000, 0x000000008b500000|  0%| F|  |TAMS 0x000000008b400000, 0x000000008b400000| Untracked 
| 119|0x000000008b500000, 0x000000008b500000, 0x000000008b600000|  0%| F|  |TAMS 0x000000008b500000, 0x000000008b500000| Untracked 
| 120|0x000000008b600000, 0x000000008b600000, 0x000000008b700000|  0%| F|  |TAMS 0x000000008b600000, 0x000000008b600000| Untracked 
| 121|0x000000008b700000, 0x000000008b700000, 0x000000008b800000|  0%| F|  |TAMS 0x000000008b700000, 0x000000008b700000| Untracked 
| 122|0x000000008b800000, 0x000000008b8c9760, 0x000000008b900000| 78%| E|  |TAMS 0x000000008b800000, 0x000000008b800000| Complete 
| 123|0x000000008b900000, 0x000000008ba00000, 0x000000008ba00000|100%| E|CS|TAMS 0x000000008b900000, 0x000000008b900000| Complete 
| 124|0x000000008ba00000, 0x000000008bb00000, 0x000000008bb00000|100%| E|CS|TAMS 0x000000008ba00000, 0x000000008ba00000| Complete 
| 125|0x000000008bb00000, 0x000000008bc00000, 0x000000008bc00000|100%| E|CS|TAMS 0x000000008bb00000, 0x000000008bb00000| Complete 

Card table byte_map: [0x000001f4f36a0000,0x000001f4f3a90000] _byte_map_base: 0x000001f4f3281000

Marking Bits (Prev, Next): (CMBitMap*) 0x000001f4ea8ae3f0, (CMBitMap*) 0x000001f4ea8ae3b8
 Prev Bits: [0x000001f4f5d90000, 0x000001f4f7c98000)
 Next Bits: [0x000001f4f3e80000, 0x000001f4f5d88000)

Polling page: 0x000001f4e87b0000

Metaspace:

Usage:
  Non-class:     20.40 MB capacity,    20.22 MB (>99%) used,   135.02 KB ( <1%) free+waste,    51.69 KB ( <1%) overhead. 
      Class:      2.17 MB capacity,     1.94 MB ( 90%) used,   204.31 KB (  9%) free+waste,    25.38 KB (  1%) overhead. 
       Both:     22.57 MB capacity,    22.16 MB ( 98%) used,   339.33 KB (  1%) free+waste,    77.06 KB ( <1%) overhead. 

Virtual space:
  Non-class space:       22.00 MB reserved,      20.67 MB ( 94%) committed 
      Class space:        1.00 GB reserved,       2.25 MB ( <1%) committed 
             Both:        1.02 GB reserved,      22.92 MB (  2%) committed 

Chunk freelists:
   Non-Class:  84.00 KB
       Class:  20.00 KB
        Both:  104.00 KB

MaxMetaspaceSize: 17179869184.00 GB
CompressedClassSpaceSize: 1.00 GB
Initial GC threshold: 20.80 MB
Current GC threshold: 35.08 MB
CDS: off

CodeHeap 'non-profiled nmethods': size=120000Kb used=471Kb max_used=471Kb free=119528Kb
 bounds [0x000001f487ad0000, 0x000001f487d40000, 0x000001f48f000000]
CodeHeap 'profiled nmethods': size=120000Kb used=2501Kb max_used=2501Kb free=117498Kb
 bounds [0x000001f4805a0000, 0x000001f480820000, 0x000001f487ad0000]
CodeHeap 'non-nmethods': size=5760Kb used=1594Kb max_used=1605Kb free=4165Kb
 bounds [0x000001f480000000, 0x000001f480270000, 0x000001f4805a0000]
 total_blobs=2261 nmethods=1289 adapters=885
 compilation: enabled
              stopped_count=0, restarted_count=0
 full_count=0

Compilation events (20 events):
Event: 1.920 Thread 0x000001f4fa71e000 1279       3       sun.misc.Unsafe::putLong (11 bytes)
Event: 1.920 Thread 0x000001f4fa71e000 nmethod 1279 0x000001f48080dc90 code [0x000001f48080de40, 0x000001f48080df38]
Event: 1.954 Thread 0x000001f4fa71e000 1280       1       com.jogamp.nativewindow.awt.JAWTWindow::getSurfaceHandle (5 bytes)
Event: 1.954 Thread 0x000001f4fa71e000 nmethod 1280 0x000001f487b45290 code [0x000001f487b45440, 0x000001f487b454f8]
Event: 1.970 Thread 0x000001f4fa71e000 1281       3       java.util.concurrent.locks.ReentrantLock$NonfairSync::tryAcquire (6 bytes)
Event: 1.970 Thread 0x000001f4fa71e000 nmethod 1281 0x000001f48080e010 code [0x000001f48080e1c0, 0x000001f48080e2e8]
Event: 1.970 Thread 0x000001f4fa71e000 1283       3       java.nio.MappedByteBuffer::rewind (7 bytes)
Event: 1.970 Thread 0x000001f4fa71e000 nmethod 1283 0x000001f48080e390 code [0x000001f48080e540, 0x000001f48080e718]
Event: 1.970 Thread 0x000001f4fa71e000 1282       3       java.util.concurrent.locks.ReentrantLock$Sync::nonfairTryAcquire (67 bytes)
Event: 1.971 Thread 0x000001f4fa71e000 nmethod 1282 0x000001f48080e810 code [0x000001f48080ea60, 0x000001f48080f348]
Event: 2.019 Thread 0x000001f4fa71e000 1284       3       java.util.concurrent.locks.ReentrantLock::lock (9 bytes)
Event: 2.020 Thread 0x000001f4fa71e000 nmethod 1284 0x000001f48080f690 code [0x000001f48080f8a0, 0x000001f48080fcf8]
Event: 2.020 Thread 0x000001f4fa71e000 1285       3       java.util.concurrent.locks.AbstractQueuedSynchronizer::acquire (27 bytes)
Event: 2.020 Thread 0x000001f4fa71e000 nmethod 1285 0x000001f48080fe90 code [0x000001f480810080, 0x000001f480810458]
Event: 2.036 Thread 0x000001f4fa71e000 1286       3       java.nio.ByteBuffer::order (48 bytes)
Event: 2.036 Thread 0x000001f4fa71e000 nmethod 1286 0x000001f480810590 code [0x000001f480810740, 0x000001f480810978]
Event: 2.036 Thread 0x000001f4fa71e000 1287       1       java.nio.Buffer::capacity (5 bytes)
Event: 2.036 Thread 0x000001f4fa71e000 nmethod 1287 0x000001f487b45590 code [0x000001f487b45740, 0x000001f487b457f8]
Event: 2.121 Thread 0x000001f4fa71e000 1289  s    3       java.awt.Toolkit::getDefaultToolkit (30 bytes)
Event: 2.121 Thread 0x000001f4fa71e000 nmethod 1289 0x000001f480810a10 code [0x000001f480810c40, 0x000001f480811468]

GC Heap History (4 events):
Event: 1.226 GC heap before
{Heap before GC invocations=0 (full 0):
 garbage-first heap   total 129024K, used 24576K [0x0000000083e00000, 0x0000000100000000)
  region size 1024K, 24 young (24576K), 0 survivors (0K)
 Metaspace       used 18195K, capacity 18611K, committed 19072K, reserved 1067008K
  class space    used 1607K, capacity 1805K, committed 1920K, reserved 1048576K
}
Event: 1.258 GC heap after
{Heap after GC invocations=1 (full 0):
 garbage-first heap   total 129024K, used 2908K [0x0000000083e00000, 0x0000000100000000)
  region size 1024K, 3 young (3072K), 3 survivors (3072K)
 Metaspace       used 18195K, capacity 18611K, committed 19072K, reserved 1067008K
  class space    used 1607K, capacity 1805K, committed 1920K, reserved 1048576K
}
Event: 1.604 GC heap before
{Heap before GC invocations=1 (full 0):
 garbage-first heap   total 129024K, used 17244K [0x0000000083e00000, 0x0000000100000000)
  region size 1024K, 15 young (15360K), 3 survivors (3072K)
 Metaspace       used 20723K, capacity 21099K, committed 21296K, reserved 1069056K
  class space    used 1886K, capacity 2082K, committed 2176K, reserved 1048576K
}
Event: 1.608 GC heap after
{Heap after GC invocations=2 (full 0):
 garbage-first heap   total 129024K, used 7436K [0x0000000083e00000, 0x0000000100000000)
  region size 1024K, 5 young (5120K), 5 survivors (5120K)
 Metaspace       used 20723K, capacity 21099K, committed 21296K, reserved 1069056K
  class space    used 1886K, capacity 2082K, committed 2176K, reserved 1048576K
}

Deoptimization events (20 events):
Event: 1.621 Thread 0x000001f4fb81e800 DEOPT PACKING pc=0x000001f487b10518 sp=0x0000004807ffc950
Event: 1.621 Thread 0x000001f4fb81e800 DEOPT UNPACKING pc=0x000001f4800085af sp=0x0000004807ffc868 mode 2
Event: 1.621 Thread 0x000001f4fb81e800 Uncommon trap: trap_request=0xffffff4d fr.pc=0x000001f487b0fa28 relative=0x0000000000000468
Event: 1.621 Thread 0x000001f4fb81e800 Uncommon trap: reason=unstable_if action=reinterpret pc=0x000001f487b0fa28 method=java.lang.AbstractStringBuilder.putStringAt(ILjava/lang/String;)V @ 8 c2
Event: 1.621 Thread 0x000001f4fb81e800 DEOPT PACKING pc=0x000001f487b0fa28 sp=0x0000004807ffc8f0
Event: 1.621 Thread 0x000001f4fb81e800 DEOPT UNPACKING pc=0x000001f4800085af sp=0x0000004807ffc860 mode 2
Event: 1.621 Thread 0x000001f4fb81e800 Uncommon trap: trap_request=0xffffff4d fr.pc=0x000001f487aff078 relative=0x0000000000000058
Event: 1.621 Thread 0x000001f4fb81e800 Uncommon trap: reason=unstable_if action=reinterpret pc=0x000001f487aff078 method=java.lang.AbstractStringBuilder.isLatin1()Z @ 10 c2
Event: 1.621 Thread 0x000001f4fb81e800 DEOPT PACKING pc=0x000001f487aff078 sp=0x0000004807ffc800
Event: 1.621 Thread 0x000001f4fb81e800 DEOPT UNPACKING pc=0x000001f4800085af sp=0x0000004807ffc790 mode 2
Event: 1.621 Thread 0x000001f4fb81e800 Uncommon trap: trap_request=0xffffff4d fr.pc=0x000001f487b0e76c relative=0x00000000000000cc
Event: 1.621 Thread 0x000001f4fb81e800 Uncommon trap: reason=unstable_if action=reinterpret pc=0x000001f487b0e76c method=java.lang.String.getBytes([BIB)V @ 5 c2
Event: 1.621 Thread 0x000001f4fb81e800 DEOPT PACKING pc=0x000001f487b0e76c sp=0x0000004807ffc810
Event: 1.621 Thread 0x000001f4fb81e800 DEOPT UNPACKING pc=0x000001f4800085af sp=0x0000004807ffc7d8 mode 2
Event: 1.621 Thread 0x000001f4fb81e800 Uncommon trap: trap_request=0xffffff4d fr.pc=0x000001f487b1dec0 relative=0x0000000000000380
Event: 1.621 Thread 0x000001f4fb81e800 Uncommon trap: reason=unstable_if action=reinterpret pc=0x000001f487b1dec0 method=java.lang.AbstractStringBuilder.isLatin1()Z @ 10 c2
Event: 1.621 Thread 0x000001f4fb81e800 DEOPT PACKING pc=0x000001f487b1dec0 sp=0x0000004807ffc970
Event: 1.621 Thread 0x000001f4fb81e800 DEOPT UNPACKING pc=0x000001f4800085af sp=0x0000004807ffc8f0 mode 2
Event: 1.626 Thread 0x000001f4fb81e800 DEOPT PACKING pc=0x000001f4807c701b sp=0x0000004807ffc8b0
Event: 1.626 Thread 0x000001f4fb81e800 DEOPT UNPACKING pc=0x000001f480049d0e sp=0x0000004807ffbd20 mode 0

Classes redefined (0 events):
No events

Internal exceptions (20 events):
Event: 0.212 Thread 0x000001f4ea86d800 Exception <a 'java/lang/NoSuchMethodError'{0x000000008b6c44e0}: 'java.lang.Object java.lang.invoke.DirectMethodHandle$Holder.invokeStatic(java.lang.Object, int, java.lang.Object, java.lang.Object, java.lang.Object)'> (0x000000008b6c44e0) thrown at [./src/hotspot/share/interpreter/linkResolver.cpp, line 773]
Event: 0.212 Thread 0x000001f4ea86d800 Exception <a 'java/lang/NoSuchMethodError'{0x000000008b6c8028}: 'java.lang.Object java.lang.invoke.DirectMethodHandle$Holder.invokeSpecial(java.lang.Object, java.lang.Object, int, java.lang.Object, java.lang.Object, java.lang.Object)'> (0x000000008b6c8028) thrown at [./src/hotspot/share/interpreter/linkResolver.cpp, line 773]
Event: 0.213 Thread 0x000001f4ea86d800 Exception <a 'java/lang/NoSuchMethodError'{0x000000008b6df908}: 'java.lang.Object java.lang.invoke.DirectMethodHandle$Holder.invokeStatic(java.lang.Object, int, java.lang.Object)'> (0x000000008b6df908) thrown at [./src/hotspot/share/interpreter/linkResolver.cpp, line 773]
Event: 0.227 Thread 0x000001f4ea86d800 Exception <a 'java/lang/ClassNotFoundException'{0x000000008b58a718}: com/sun/swing/internal/plaf/metal/resources/spi/metalProvider> (0x000000008b58a718) thrown at [./src/hotspot/share/classfile/systemDictionary.cpp, line 231]
Event: 0.227 Thread 0x000001f4ea86d800 Exception <a 'java/lang/ClassNotFoundException'{0x000000008b58e9a8}: com/sun/swing/internal/plaf/basic/resources/spi/basicProvider> (0x000000008b58e9a8) thrown at [./src/hotspot/share/classfile/systemDictionary.cpp, line 231]
Event: 0.240 Thread 0x000001f4ea86d800 Exception <a 'java/lang/NoSuchMethodError'{0x000000008b414d18}: 'int java.lang.invoke.DirectMethodHandle$Holder.invokeSpecialIFC(java.lang.Object, java.lang.Object, int)'> (0x000000008b414d18) thrown at [./src/hotspot/share/interpreter/linkResolver.cpp, line 773]
Event: 0.305 Thread 0x000001f4ea86d800 Exception <a 'java/lang/NoSuchMethodError'{0x000000008b2fc4e0}: 'java.lang.Object java.lang.invoke.DirectMethodHandle$Holder.invokeStatic(java.lang.Object, int, int, int, int)'> (0x000000008b2fc4e0) thrown at [./src/hotspot/share/interpreter/linkResolver.cpp, line 773]
Event: 0.305 Thread 0x000001f4ea86d800 Exception <a 'java/lang/NoSuchMethodError'{0x000000008b2ff880}: 'java.lang.Object java.lang.invoke.DirectMethodHandle$Holder.invokeStaticInit(java.lang.Object, int, int, int, int)'> (0x000000008b2ff880) thrown at [./src/hotspot/share/interpreter/linkResolver.cpp, line 773]
Event: 0.557 Thread 0x000001f4ea86d800 Exception <a 'java/lang/NoSuchMethodError'{0x000000008b1b71e8}: 'java.lang.Object java.lang.invoke.DirectMethodHandle$Holder.invokeStatic(java.lang.Object, java.lang.Object, int, int, int, int)'> (0x000000008b1b71e8) thrown at [./src/hotspot/share/interpreter/linkResolver.cpp, line 773]
Event: 0.557 Thread 0x000001f4ea86d800 Exception <a 'java/lang/NoSuchMethodError'{0x000000008b1ba7f8}: 'java.lang.Object java.lang.invoke.DirectMethodHandle$Holder.invokeStaticInit(java.lang.Object, java.lang.Object, int, int, int, int)'> (0x000000008b1ba7f8) thrown at [./src/hotspot/share/interpreter/linkResolver.cpp, line 773]
Event: 0.592 Thread 0x000001f4ea86d800 Exception <a 'java/lang/NoSuchMethodError'{0x000000008b1c60a8}: 'void java.lang.invoke.DirectMethodHandle$Holder.invokeStatic(java.lang.Object, long)'> (0x000000008b1c60a8) thrown at [./src/hotspot/share/interpreter/linkResolver.cpp, line 773]
Event: 0.592 Thread 0x000001f4ea86d800 Exception <a 'java/lang/NoSuchMethodError'{0x000000008b1cb2c0}: 'java.lang.Object java.lang.invoke.DirectMethodHandle$Holder.invokeStatic(java.lang.Object, long)'> (0x000000008b1cb2c0) thrown at [./src/hotspot/share/interpreter/linkResolver.cpp, line 773]
Event: 0.593 Thread 0x000001f4ea86d800 Exception <a 'java/lang/NoSuchMethodError'{0x000000008b1d93e0}: 'java.lang.Object java.lang.invoke.DirectMethodHandle$Holder.invokeStaticInit(java.lang.Object, java.lang.Object, long, java.lang.Object)'> (0x000000008b1d93e0) thrown at [./src/hotspot/share/interpreter/linkResolver.cpp, line 773]
Event: 0.593 Thread 0x000001f4ea86d800 Exception <a 'java/lang/NoSuchMethodError'{0x000000008b1df290}: 'java.lang.Object java.lang.invoke.DirectMethodHandle$Holder.invokeStatic(java.lang.Object, java.lang.Object, long)'> (0x000000008b1df290) thrown at [./src/hotspot/share/interpreter/linkResolver.cpp, line 773]
Event: 0.593 Thread 0x000001f4ea86d800 Exception <a 'java/lang/NoSuchMethodError'{0x000000008b1e5560}: 'java.lang.Object java.lang.invoke.Invokers$Holder.linkToTargetMethod(java.lang.Object, long, java.lang.Object)'> (0x000000008b1e5560) thrown at [./src/hotspot/share/interpreter/linkResolver.cpp, line 773]
Event: 1.482 Thread 0x000001f4ea86d800 Exception <a 'java/lang/NoSuchMethodError'{0x000000008b325630}: 'void java.lang.invoke.DirectMethodHandle$Holder.invokeStaticInit(java.lang.Object)'> (0x000000008b325630) thrown at [./src/hotspot/share/interpreter/linkResolver.cpp, line 773]
Event: 1.511 Thread 0x000001f4ea86d800 Exception <a 'java/lang/NoSuchMethodError'{0x000000008b2ec888}: 'java.lang.Object java.lang.invoke.DirectMethodHandle$Holder.invokeStatic(java.lang.Object, java.lang.Object, java.lang.Object, java.lang.Object, java.lang.Object, java.lang.Object, java.lang.Object, java.lang.Object, java.lang.Object, java.lang.Object, java.lang.Object, int)'> (0x000000008b2ec888) thrown at [./src/hotspot/share/interpreter/linkResolver.cpp, line 773]
Event: 1.512 Thread 0x000001f4ea86d800 Exception <a 'java/lang/NoSuchMethodError'{0x000000008b10af28}: 'java.lang.Object java.lang.invoke.DirectMethodHandle$Holder.invokeStatic(java.lang.Object, java.lang.Object, java.lang.Object, java.lang.Object, java.lang.Object, java.lang.Object, java.lang.Object, java.lang.Object, java.lang.Object, java.lang.Object, java.lang.Object, int, int)'> (0x000000008b10af28) thrown at [./src/hotspot/share/interpreter/linkResolver.cpp, line 773]
Event: 1.513 Thread 0x000001f4ea86d800 Exception <a 'java/lang/NoSuchMethodError'{0x000000008b129ec0}: 'java.lang.Object java.lang.invoke.DirectMethodHandle$Holder.invokeStatic(java.lang.Object, java.lang.Object, java.lang.Object, java.lang.Object, java.lang.Object, java.lang.Object, java.lang.Object, java.lang.Object, java.lang.Object, java.lang.Object, java.lang.Object, int, int, java.lang.Object)'> (0x000000008b129ec0) thrown at [./src/hotspot/share/interpreter/linkResolver.cpp, line 773]
Event: 1.514 Thread 0x000001f4ea86d800 Exception <a 'java/lang/NoSuchMethodError'{0x000000008b135f18}: 'java.lang.Object java.lang.invoke.Invokers$Holder.linkToTargetMethod(java.lang.Object, int, java.lang.Object)'> (0x000000008b135f18) thrown at [./src/hotspot/share/interpreter/linkResolver.cpp, line 773]

Events (20 events):
Event: 1.887 loading class jdk/internal/reflect/ByteVector
Event: 1.887 loading class jdk/internal/reflect/ByteVector done
Event: 1.887 loading class jdk/internal/reflect/ByteVectorImpl done
Event: 1.887 loading class jdk/internal/reflect/ClassFileAssembler
Event: 1.887 loading class jdk/internal/reflect/ClassFileAssembler done
Event: 1.887 loading class jdk/internal/reflect/UTF8
Event: 1.887 loading class jdk/internal/reflect/UTF8 done
Event: 1.888 loading class jdk/internal/reflect/Label
Event: 1.888 loading class jdk/internal/reflect/Label done
Event: 1.888 loading class jdk/internal/reflect/Label$PatchInfo
Event: 1.888 loading class jdk/internal/reflect/Label$PatchInfo done
Event: 1.889 loading class jdk/internal/reflect/MethodAccessorGenerator$1
Event: 1.889 loading class jdk/internal/reflect/MethodAccessorGenerator$1 done
Event: 1.889 loading class jdk/internal/reflect/ClassDefiner
Event: 1.889 loading class jdk/internal/reflect/ClassDefiner done
Event: 1.889 loading class jdk/internal/reflect/ClassDefiner$1
Event: 1.889 loading class jdk/internal/reflect/ClassDefiner$1 done
Event: 1.953 Executing VM operation: BulkRevokeBias
Event: 1.953 Executing VM operation: BulkRevokeBias done
Event: 2.120 Loaded shared library C:\Program Files\Microsoft\jdk-11.0.12.7-hotspot\bin\java.dll


Dynamic libraries:
0x00007ff719110000 - 0x00007ff71911d000 	C:\Program Files\Microsoft\jdk-11.0.12.7-hotspot\bin\java.EXE
0x00007ffc3d7f0000 - 0x00007ffc3da07000 	C:\WINDOWS\SYSTEM32\ntdll.dll
0x00007ffc3d4b0000 - 0x00007ffc3d574000 	C:\WINDOWS\System32\KERNEL32.DLL
0x00007ffc3aca0000 - 0x00007ffc3b04d000 	C:\WINDOWS\System32\KERNELBASE.dll
0x00007ffc3b210000 - 0x00007ffc3b321000 	C:\WINDOWS\System32\ucrtbase.dll
0x00007ffc2dd20000 - 0x00007ffc2dd37000 	C:\Program Files\Microsoft\jdk-11.0.12.7-hotspot\bin\jli.dll
0x00007ffc30540000 - 0x00007ffc30555000 	C:\Program Files\Microsoft\jdk-11.0.12.7-hotspot\bin\VCRUNTIME140.dll
0x00007ffc3cb70000 - 0x00007ffc3cd1e000 	C:\WINDOWS\System32\USER32.dll
0x00007ffc3b1e0000 - 0x00007ffc3b206000 	C:\WINDOWS\System32\win32u.dll
0x00007ffc1cd20000 - 0x00007ffc1cfb3000 	C:\WINDOWS\WinSxS\amd64_microsoft.windows.common-controls_6595b64144ccf1df_6.0.22621.3672_none_2713b9d173822955\COMCTL32.dll
0x00007ffc3d580000 - 0x00007ffc3d5a9000 	C:\WINDOWS\System32\GDI32.dll
0x00007ffc3ab80000 - 0x00007ffc3ac99000 	C:\WINDOWS\System32\gdi32full.dll
0x00007ffc3cfb0000 - 0x00007ffc3d057000 	C:\WINDOWS\System32\msvcrt.dll
0x00007ffc3b050000 - 0x00007ffc3b0ea000 	C:\WINDOWS\System32\msvcp_win.dll
0x00007ffc3cd30000 - 0x00007ffc3cd61000 	C:\WINDOWS\System32\IMM32.DLL
0x00007ffc1c7e0000 - 0x00007ffc1c87b000 	C:\Program Files\Microsoft\jdk-11.0.12.7-hotspot\bin\msvcp140.dll
0x00007ffbd52e0000 - 0x00007ffbd5e41000 	C:\Program Files\Microsoft\jdk-11.0.12.7-hotspot\bin\server\jvm.dll
0x00007ffc3d5b0000 - 0x00007ffc3d662000 	C:\WINDOWS\System32\ADVAPI32.dll
0x00007ffc3d3e0000 - 0x00007ffc3d489000 	C:\WINDOWS\System32\sechost.dll
0x00007ffc3b0f0000 - 0x00007ffc3b118000 	C:\WINDOWS\System32\bcrypt.dll
0x00007ffc3ce90000 - 0x00007ffc3cfa4000 	C:\WINDOWS\System32\RPCRT4.dll
0x00007ffc3d670000 - 0x00007ffc3d678000 	C:\WINDOWS\System32\PSAPI.DLL
0x00007ffc310f0000 - 0x00007ffc310f9000 	C:\WINDOWS\SYSTEM32\WSOCK32.dll
0x00007ffc34a10000 - 0x00007ffc34a44000 	C:\WINDOWS\SYSTEM32\WINMM.dll
0x00007ffc266e0000 - 0x00007ffc266ea000 	C:\WINDOWS\SYSTEM32\VERSION.dll
0x00007ffc3c360000 - 0x00007ffc3c3d1000 	C:\WINDOWS\System32\WS2_32.dll
0x00007ffc39b00000 - 0x00007ffc39b18000 	C:\WINDOWS\SYSTEM32\kernel.appcore.dll
0x00007ffc2fc40000 - 0x00007ffc2fc50000 	C:\Program Files\Microsoft\jdk-11.0.12.7-hotspot\bin\verify.dll
0x00007ffc38270000 - 0x00007ffc384a2000 	C:\WINDOWS\SYSTEM32\DBGHELP.DLL
0x00007ffc3b680000 - 0x00007ffc3ba0e000 	C:\WINDOWS\System32\combase.dll
0x00007ffc3ba10000 - 0x00007ffc3bae7000 	C:\WINDOWS\System32\OLEAUT32.dll
0x00007ffc15b70000 - 0x00007ffc15ba2000 	C:\WINDOWS\SYSTEM32\dbgcore.DLL
0x00007ffc3b330000 - 0x00007ffc3b3ab000 	C:\WINDOWS\System32\bcryptPrimitives.dll
0x00007ffc2dcf0000 - 0x00007ffc2dd18000 	C:\Program Files\Microsoft\jdk-11.0.12.7-hotspot\bin\java.dll
0x00007ffc2dce0000 - 0x00007ffc2dcea000 	C:\Program Files\Microsoft\jdk-11.0.12.7-hotspot\bin\jimage.dll
0x00007ffc2dcc0000 - 0x00007ffc2dcd7000 	C:\Program Files\Microsoft\jdk-11.0.12.7-hotspot\bin\zip.dll
0x00007ffc3baf0000 - 0x00007ffc3c357000 	C:\WINDOWS\System32\SHELL32.dll
0x00007ffc38a90000 - 0x00007ffc3938f000 	C:\WINDOWS\SYSTEM32\windows.storage.dll
0x00007ffc38950000 - 0x00007ffc38a8f000 	C:\WINDOWS\SYSTEM32\wintypes.dll
0x00007ffc3b580000 - 0x00007ffc3b679000 	C:\WINDOWS\System32\SHCORE.dll
0x00007ffc3cb10000 - 0x00007ffc3cb6e000 	C:\WINDOWS\System32\shlwapi.dll
0x00007ffc3aa40000 - 0x00007ffc3aa67000 	C:\WINDOWS\SYSTEM32\profapi.dll
0x00007ffc2dca0000 - 0x00007ffc2dcb9000 	C:\Program Files\Microsoft\jdk-11.0.12.7-hotspot\bin\net.dll
0x00007ffc36330000 - 0x00007ffc36466000 	C:\WINDOWS\SYSTEM32\WINHTTP.dll
0x00007ffc39fd0000 - 0x00007ffc3a039000 	C:\WINDOWS\system32\mswsock.dll
0x00007ffc1ff90000 - 0x00007ffc1ffa2000 	C:\Program Files\Microsoft\jdk-11.0.12.7-hotspot\bin\nio.dll
0x00007ffc0aae0000 - 0x00007ffc0ac79000 	C:\Program Files\Microsoft\jdk-11.0.12.7-hotspot\bin\awt.dll
0x00007ffc31ae0000 - 0x00007ffc31b77000 	C:\WINDOWS\SYSTEM32\apphelp.dll
0x00007ffc37e00000 - 0x00007ffc37e2b000 	C:\WINDOWS\system32\DWMAPI.DLL
0x00007ffc37b70000 - 0x00007ffc37c21000 	C:\WINDOWS\system32\uxtheme.dll
0x00007ffc15fe0000 - 0x00007ffc160e0000 	C:\WINDOWS\system32\opengl32.dll
0x00007ffc1eb40000 - 0x00007ffc1eb6d000 	C:\WINDOWS\SYSTEM32\GLU32.dll
0x00007ffc37c90000 - 0x00007ffc37cc7000 	C:\WINDOWS\SYSTEM32\dxcore.dll
0x00007ffc3d220000 - 0x00007ffc3d37e000 	C:\WINDOWS\System32\MSCTF.dll
0x00007ffc3c950000 - 0x00007ffc3caf5000 	C:\WINDOWS\System32\ole32.dll
0x00007ffc3a220000 - 0x00007ffc3a23b000 	C:\WINDOWS\SYSTEM32\CRYPTSP.dll
0x00007ffc39ac0000 - 0x00007ffc39af5000 	C:\WINDOWS\system32\rsaenh.dll
0x00007ffc3a0c0000 - 0x00007ffc3a0e8000 	C:\WINDOWS\SYSTEM32\USERENV.dll
0x00007ffc3a240000 - 0x00007ffc3a24c000 	C:\WINDOWS\SYSTEM32\CRYPTBASE.dll
0x00007ffc395f0000 - 0x00007ffc3961d000 	C:\WINDOWS\SYSTEM32\IPHLPAPI.DLL
0x00007ffc3cd20000 - 0x00007ffc3cd29000 	C:\WINDOWS\System32\NSI.dll
0x00007ffc36100000 - 0x00007ffc36119000 	C:\WINDOWS\SYSTEM32\dhcpcsvc6.DLL
0x00007ffc35f50000 - 0x00007ffc35f6f000 	C:\WINDOWS\SYSTEM32\dhcpcsvc.DLL
0x00007ffc39620000 - 0x00007ffc39718000 	C:\WINDOWS\SYSTEM32\DNSAPI.dll
0x00007ffc34b30000 - 0x00007ffc34b43000 	C:\Users\Owner\AppData\Local\Temp\jogamp_0000\file_cache\jln5023724986219076401\jln16792463757495131702\natives\windows-amd64\gluegen_rt.dll
0x00007ffc1ff80000 - 0x00007ffc1ff87000 	C:\Program Files\Microsoft\jdk-11.0.12.7-hotspot\bin\jawt.dll
0x00007ffc37800000 - 0x00007ffc3780d000 	C:\Users\Owner\AppData\Local\Temp\jogamp_0000\file_cache\jln5023724986219076401\jln16792463757495131702\natives\windows-amd64\nativewindow_awt.dll
0x00007ffc2fc20000 - 0x00007ffc2fc35000 	C:\Users\Owner\AppData\Local\Temp\jogamp_0000\file_cache\jln5023724986219076401\jln16792463757495131702\natives\windows-amd64\nativewindow_win32.dll
0x00007ffc1e000000 - 0x00007ffc1e083000 	C:\Users\Owner\AppData\Local\Temp\jogamp_0000\file_cache\jln5023724986219076401\jln16792463757495131702\natives\windows-amd64\jogl_desktop.dll
0x00007ffc20110000 - 0x00007ffc20162000 	C:\Users\Owner\AppData\Local\Temp\jogamp_0000\file_cache\jln5023724986219076401\jln16792463757495131702\natives\windows-amd64\jogl_mobile.dll
0x00007ffc2f310000 - 0x00007ffc2f359000 	C:\WINDOWS\SYSTEM32\directxdatabasehelper.dll
0x00007ffc3d700000 - 0x00007ffc3d7b0000 	C:\WINDOWS\System32\clbcatq.dll
0x00007ffc35260000 - 0x00007ffc353a2000 	C:\Windows\System32\AppXDeploymentClient.dll
0x00007ffbccea0000 - 0x00007ffbcde83000 	C:\Windows\System32\DriverStore\FileRepository\iigd_dch.inf_amd64_e7a66f741a7f70e8\igxelpicd64.dll
0x00007ffc37cd0000 - 0x00007ffc37dc7000 	C:\WINDOWS\system32\dxgi.dll
0x00007ffbf5c50000 - 0x00007ffbf605d000 	C:\Windows\System32\DriverStore\FileRepository\iigd_dch.inf_amd64_e7a66f741a7f70e8\igdml64.dll
0x00007ffc2bc70000 - 0x00007ffc2c035000 	C:\Windows\System32\DriverStore\FileRepository\iigd_dch.inf_amd64_e7a66f741a7f70e8\igdgmm64.dll
0x00007ffc287a0000 - 0x00007ffc2bc63000 	C:\Windows\System32\DriverStore\FileRepository\iigd_dch.inf_amd64_e7a66f741a7f70e8\igc64.dll
0x00007ffc3a3c0000 - 0x00007ffc3a40d000 	C:\WINDOWS\SYSTEM32\powrprof.dll
0x00007ffc3a3a0000 - 0x00007ffc3a3b3000 	C:\WINDOWS\SYSTEM32\UMPDC.dll
0x00007ffc1c750000 - 0x00007ffc1c7d6000 	C:\Program Files\Microsoft\jdk-11.0.12.7-hotspot\bin\freetype.dll
0x00007ffc1fbb0000 - 0x00007ffc1fbc2000 	C:\Program Files\Microsoft\jdk-11.0.12.7-hotspot\bin\fontmanager.dll
0x00007ffc0aa20000 - 0x00007ffc0aadc000 	C:\Program Files\Microsoft\jdk-11.0.12.7-hotspot\bin\harfbuzz.dll
0x00007ffc2da30000 - 0x00007ffc2db73000 	C:\WINDOWS\SYSTEM32\textinputframework.dll
0x00007ffc1c230000 - 0x00007ffc1c299000 	C:\WINDOWS\system32\Oleacc.dll
0x00007ffc1d060000 - 0x00007ffc1d0ab000 	C:\WINDOWS\system32\ApplicationTargetedFeatureDatabase.dll
0x00007ffc342d0000 - 0x00007ffc3455a000 	C:\Windows\System32\twinapi.appcore.dll
0x00007ffc316d0000 - 0x00007ffc31803000 	C:\WINDOWS\SYSTEM32\CoreMessaging.dll
0x00007ffc2efa0000 - 0x00007ffc2f30d000 	C:\WINDOWS\SYSTEM32\CoreUIComponents.dll

dbghelp: loaded successfully - version: 4.0.5 - missing functions: none
symbol engine: initialized successfully - sym options: 0x614 - pdb path: .;C:\Program Files\Microsoft\jdk-11.0.12.7-hotspot\bin;C:\WINDOWS\SYSTEM32;C:\WINDOWS\WinSxS\amd64_microsoft.windows.common-controls_6595b64144ccf1df_6.0.22621.3672_none_2713b9d173822955;C:\Program Files\Microsoft\jdk-11.0.12.7-hotspot\bin\server;C:\Users\Owner\AppData\Local\Temp\jogamp_0000\file_cache\jln5023724986219076401\jln16792463757495131702\natives\windows-amd64;C:\Windows\System32\DriverStore\FileRepository\iigd_dch.inf_amd64_e7a66f741a7f70e8

VM Arguments:
java_command: code.Code
java_class_path (initial): ;.;C:\JOGL\jogamp-all-platforms\jar\jogl-all.jar;C:\JOML\JOML-1.10.8;C:\JOGL\jogamp-all-platforms\jar\gluegen-rt.jar;C:\JOML\joml-1.10.0.jar;;C:\Program Files (x86)\jGRASP\extensions\classes
Launcher Type: SUN_STANDARD

[Global flags]
     intx CICompilerCount                          = 4                                         {product} {ergonomic}
     uint ConcGCThreads                            = 2                                         {product} {ergonomic}
     uint G1ConcRefinementThreads                  = 8                                         {product} {ergonomic}
   size_t G1HeapRegionSize                         = 1048576                                   {product} {ergonomic}
    uintx GCDrainStackTargetSize                   = 64                                        {product} {ergonomic}
   size_t InitialHeapSize                          = 132120576                                 {product} {ergonomic}
   size_t MarkStackSize                            = 4194304                                   {product} {ergonomic}
   size_t MaxHeapSize                              = 2082471936                                {product} {ergonomic}
   size_t MaxNewSize                               = 1248854016                                {product} {ergonomic}
   size_t MinHeapDeltaBytes                        = 1048576                                   {product} {ergonomic}
    uintx NonNMethodCodeHeapSize                   = 5836300                                {pd product} {ergonomic}
    uintx NonProfiledCodeHeapSize                  = 122910970                              {pd product} {ergonomic}
    uintx ProfiledCodeHeapSize                     = 122910970                              {pd product} {ergonomic}
    uintx ReservedCodeCacheSize                    = 251658240                              {pd product} {ergonomic}
     bool SegmentedCodeCache                       = true                                      {product} {ergonomic}
     bool UseCompressedClassPointers               = true                                 {lp64_product} {ergonomic}
     bool UseCompressedOops                        = true                                 {lp64_product} {ergonomic}
     bool UseG1GC                                  = true                                      {product} {ergonomic}
     bool UseLargePagesIndividualAllocation        = false                                  {pd product} {ergonomic}

Logging:
Log output configuration:
 #0: stdout all=warning uptime,level,tags
 #1: stderr all=off uptime,level,tags

Environment Variables:
CLASSPATH=;.;C:\JOGL\jogamp-all-platforms\jar\jogl-all.jar;C:\JOML\JOML-1.10.8;C:\JOGL\jogamp-all-platforms\jar\gluegen-rt.jar;C:\JOML\joml-1.10.0.jar;;C:\Program Files (x86)\jGRASP\extensions\classes
PATH=;C:\Program Files\Microsoft\jdk-11.0.12.7-hotspot\bin;C:\Program Files\Microsoft\jdk-11.0.12.7-hotspot\bin;C:\Windows\system32;C:\Windows;C:\Windows\System32\Wbem;C:\Windows\System32\WindowsPowerShell\v1.0\;C:\Windows\System32\OpenSSH\;C:\Program Files\Microsoft SQL Server\150\Tools\Binn\;C:\Program Files\Microsoft SQL Server\Client SDK\ODBC\170\Tools\Binn\;C:\Program Files\Polyspace\R2021a\runtime\win64;C:\Program Files\Polyspace\R2021a\bin;C:\Program Files\Polyspace\R2021a\polyspace\bin;C:\WINDOWS\system32;C:\WINDOWS;C:\WINDOWS\System32\Wbem;C:\WINDOWS\System32\WindowsPowerShell\v1.0\;C:\WINDOWS\System32\OpenSSH\;C:\Program Files\dotnet\;C:\Program Files\PuTTY\;C:\Users\Owner\AppData\Local\Programs\Python\Python312\Scripts\;C:\Users\Owner\AppData\Local\Programs\Python\Python312\;C:\Users\Owner\AppData\Local\Programs\Python\Launcher\;C:\Users\Owner\AppData\Local\Microsoft\WindowsApps;C:\Users\Owner\.dotnet\tools;C:\Users\Owner\AppData\Local\Programs\Microsoft VS Code\bin
USERNAME=Owner
OS=Windows_NT
PROCESSOR_IDENTIFIER=Intel64 Family 6 Model 140 Stepping 1, GenuineIntel



---------------  S Y S T E M  ---------------

OS: Windows 10 , 64 bit Build 22621 (10.0.22621.3958)
OS uptime: 1 days 23:07 hours

CPU:total 8 (initial active 8) (4 cores per cpu, 2 threads per core) family 6 model 140 stepping 1 microcode 0x9a, cmov, cx8, fxsr, mmx, sse, sse2, sse3, ssse3, sse4.1, sse4.2, popcnt, avx, avx2, aes, clmul, erms, 3dnowpref, lzcnt, ht, tsc, tscinvbit, bmi1, bmi2, adx, evex, sha, fma

Memory: 4k page, system-wide physical 7937M (2451M free)
TotalPageFile size 11777M (AvailPageFile size 4561M)
current process WorkingSet (physical memory assigned to process): 235M, peak: 235M
current process commit charge ("private bytes"): 329M, peak: 329M

vm_info: OpenJDK 64-Bit Server VM (11.0.12+7) for windows-amd64 JRE (11.0.12+7), built on Jul 21 2021 15:41:43 by "" with unknown MS VC++:1916

END.
